18-04-2023 15:18:57.122 [Gauge] [DEBUG] Created gauge_screenshots_dir at C:\Users\testinium\IdeaProjects\HepsiburadaAppiumOdev\.gauge\screenshots
18-04-2023 15:18:57.145 [Gauge] [DEBUG] Plugin java is already installed.
18-04-2023 15:18:57.184 [Gauge] [DEBUG] Plugin html-report is already installed.
18-04-2023 15:18:57.189 [Gauge] [DEBUG] Parsing started.
18-04-2023 15:18:57.189 [Gauge] [DEBUG] Started concepts parsing.
18-04-2023 15:18:57.219 [Gauge] [ERROR] Concept parse failure: C:\Users\testinium\IdeaProjects\HepsiburadaAppiumOdev\specs\Concepts\Register.cpt C:\Users\testinium\IdeaProjects\HepsiburadaAppiumOdev\specs\Concepts\Register.cpt:4 Scenario Heading is not allowed in concept file => '# Hesabım Buton Kontrol'
18-04-2023 15:18:57.219 [Gauge] [ERROR] Concept parse failure: C:\Users\testinium\IdeaProjects\HepsiburadaAppiumOdev\specs\Concepts\Register.cpt C:\Users\testinium\IdeaProjects\HepsiburadaAppiumOdev\specs\Concepts\Register.cpt:6 Step is not defined inside a concept heading => '"HesabımButon" li elementin oldugu kontrol edilir'
18-04-2023 15:18:57.219 [Gauge] [ERROR] [ParseError] C:\Users\testinium\IdeaProjects\HepsiburadaAppiumOdev\specs\Concepts\Register.cpt:4 Scenario Heading is not allowed in concept file => '# Hesabım Buton Kontrol'
18-04-2023 15:18:57.219 [Gauge] [ERROR] [ParseError] C:\Users\testinium\IdeaProjects\HepsiburadaAppiumOdev\specs\Concepts\Register.cpt:6 Step is not defined inside a concept heading => '"HesabımButon" li elementin oldugu kontrol edilir'
18-04-2023 15:18:57.219 [Gauge] [DEBUG] 0 concepts parsing completed.
18-04-2023 15:18:57.219 [Gauge] [DEBUG] Started specifications parsing.
18-04-2023 15:18:57.229 [Gauge] [DEBUG] 1 specifications parsing completed.
18-04-2023 15:18:57.233 [Gauge] [DEBUG] Parsing completed.
18-04-2023 15:18:57.785 [Gauge] [DEBUG] Checking updates...
18-04-2023 15:18:57.789 [Gauge] [DEBUG] Downloading https://downloads.gauge.org/plugin/flash?l=java&p=flash,html-report,java,json-report,screenshot,spectacle,xml-report&o=windows&a=amd64
18-04-2023 15:18:58.172 [Gauge] [DEBUG] Downloading https://downloads.gauge.org/plugin/html-report?l=java&p=flash,html-report,java,json-report,screenshot,spectacle,xml-report&o=windows&a=amd64
18-04-2023 15:18:58.299 [Gauge] [DEBUG] Downloading https://downloads.gauge.org/plugin/java?l=java&p=flash,html-report,java,json-report,screenshot,spectacle,xml-report&o=windows&a=amd64
18-04-2023 15:18:58.460 [Gauge] [DEBUG] Downloading https://downloads.gauge.org/plugin/json-report?l=java&p=flash,html-report,java,json-report,screenshot,spectacle,xml-report&o=windows&a=amd64
18-04-2023 15:18:58.674 [Gauge] [DEBUG] Downloading https://downloads.gauge.org/plugin/screenshot?l=java&p=flash,html-report,java,json-report,screenshot,spectacle,xml-report&o=windows&a=amd64
18-04-2023 15:18:58.750 [Gauge] [DEBUG] Downloading https://downloads.gauge.org/plugin/spectacle?l=java&p=flash,html-report,java,json-report,screenshot,spectacle,xml-report&o=windows&a=amd64
18-04-2023 15:18:58.868 [Gauge] [DEBUG] Downloading https://downloads.gauge.org/plugin/xml-report?l=java&p=flash,html-report,java,json-report,screenshot,spectacle,xml-report&o=windows&a=amd64
18-04-2023 15:18:59.759 [java] [DEBUG] ***** Printing Properties/Env Values *****
18-04-2023 15:18:59.759 [java] [DEBUG] PATH: C:\Program Files\Common Files\Oracle\Java\javapath;C:\Program Files\Java\jdk1.8.0_361\jre\bin;C:\WINDOWS\system32;C:\WINDOWS;C:\WINDOWS\System32\Wbem;C:\WINDOWS\System32\WindowsPowerShell\v1.0\;C:\WINDOWS\System32\OpenSSH\;C:\Program Files\apache-maven-3.9.1\bin;C:\Program Files\Gauge\bin;C:\Program Files\Git\cmd;C:\Program Files\nodejs\;C:\Program Files (x86)\Micro Focus\Unified Functional Testing\bin;C:\Users\testinium\AppData\Local\Microsoft\WindowsApps;;C:\Program Files\JetBrains\IntelliJ IDEA Community Edition 2022.3.3\bin;;C:\Users\testinium\AppData\Roaming\npm;C:\Users\testinium\AppData\Roaming\gauge\plugins\screenshot\0.1.0
18-04-2023 15:18:59.759 [java] [DEBUG] JAVA_HOME: C:\Program Files\Java\jdk1.8.0_361
18-04-2023 15:18:59.761 [java] [DEBUG] gauge_project_root: C:\Users\testinium\IdeaProjects\HepsiburadaAppiumOdev
18-04-2023 15:18:59.762 [java] [DEBUG] gauge_parallel_streams_count: 8
18-04-2023 15:18:59.762 [java] [DEBUG] gauge_reports_dir: reports
18-04-2023 15:18:59.762 [java] [DEBUG] overwrite_reports: true
18-04-2023 15:18:59.762 [java] [DEBUG] logs_directory: logs
18-04-2023 15:18:59.762 [java] [DEBUG] enable_multithreading: false
18-04-2023 15:18:59.762 [java] [DEBUG] gauge_specs_dir: specs
18-04-2023 15:18:59.762 [java] [DEBUG] csv_delimiter: ,
18-04-2023 15:18:59.763 [java] [DEBUG] gauge_java_home: 
18-04-2023 15:18:59.763 [java] [DEBUG] gauge_custom_build_path: 
18-04-2023 15:18:59.763 [java] [DEBUG] gauge_additional_libs: libs/*
18-04-2023 15:18:59.763 [java] [DEBUG] gauge_jvm_args: 
18-04-2023 15:18:59.763 [java] [DEBUG] gauge_custom_compile_dir: 
18-04-2023 15:18:59.763 [java] [DEBUG] gauge_clear_state_level: scenario
18-04-2023 15:18:59.763 [java] [DEBUG] ***** END *****
18-04-2023 15:19:17.530 [java] [DEBUG] classpath set to C:\Users\testinium\.jdks\corretto-11.0.18!\java.base;C:\Users\testinium\.jdks\corretto-11.0.18!\java.compiler;C:\Users\testinium\.jdks\corretto-11.0.18!\java.datatransfer;C:\Users\testinium\.jdks\corretto-11.0.18!\java.desktop;C:\Users\testinium\.jdks\corretto-11.0.18!\java.instrument;C:\Users\testinium\.jdks\corretto-11.0.18!\java.logging;C:\Users\testinium\.jdks\corretto-11.0.18!\java.management;C:\Users\testinium\.jdks\corretto-11.0.18!\java.management.rmi;C:\Users\testinium\.jdks\corretto-11.0.18!\java.naming;C:\Users\testinium\.jdks\corretto-11.0.18!\java.net.http;C:\Users\testinium\.jdks\corretto-11.0.18!\java.prefs;C:\Users\testinium\.jdks\corretto-11.0.18!\java.rmi;C:\Users\testinium\.jdks\corretto-11.0.18!\java.scripting;C:\Users\testinium\.jdks\corretto-11.0.18!\java.se;C:\Users\testinium\.jdks\corretto-11.0.18!\java.security.jgss;C:\Users\testinium\.jdks\corretto-11.0.18!\java.security.sasl;C:\Users\testinium\.jdks\corretto-11.0.18!\java.smartcardio;C:\Users\testinium\.jdks\corretto-11.0.18!\java.sql;C:\Users\testinium\.jdks\corretto-11.0.18!\java.sql.rowset;C:\Users\testinium\.jdks\corretto-11.0.18!\java.transaction.xa;C:\Users\testinium\.jdks\corretto-11.0.18!\java.xml;C:\Users\testinium\.jdks\corretto-11.0.18!\java.xml.crypto;C:\Users\testinium\.jdks\corretto-11.0.18!\jdk.accessibility;C:\Users\testinium\.jdks\corretto-11.0.18!\jdk.aot;C:\Users\testinium\.jdks\corretto-11.0.18!\jdk.attach;C:\Users\testinium\.jdks\corretto-11.0.18!\jdk.charsets;C:\Users\testinium\.jdks\corretto-11.0.18!\jdk.compiler;C:\Users\testinium\.jdks\corretto-11.0.18!\jdk.crypto.cryptoki;C:\Users\testinium\.jdks\corretto-11.0.18!\jdk.crypto.ec;C:\Users\testinium\.jdks\corretto-11.0.18!\jdk.crypto.mscapi;C:\Users\testinium\.jdks\corretto-11.0.18!\jdk.dynalink;C:\Users\testinium\.jdks\corretto-11.0.18!\jdk.editpad;C:\Users\testinium\.jdks\corretto-11.0.18!\jdk.hotspot.agent;C:\Users\testinium\.jdks\corretto-11.0.18!\jdk.httpserver;C:\Users\testinium\.jdks\corretto-11.0.18!\jdk.internal.ed;C:\Users\testinium\.jdks\corretto-11.0.18!\jdk.internal.jvmstat;C:\Users\testinium\.jdks\corretto-11.0.18!\jdk.internal.le;C:\Users\testinium\.jdks\corretto-11.0.18!\jdk.internal.opt;C:\Users\testinium\.jdks\corretto-11.0.18!\jdk.internal.vm.ci;C:\Users\testinium\.jdks\corretto-11.0.18!\jdk.internal.vm.compiler;C:\Users\testinium\.jdks\corretto-11.0.18!\jdk.internal.vm.compiler.management;C:\Users\testinium\.jdks\corretto-11.0.18!\jdk.jartool;C:\Users\testinium\.jdks\corretto-11.0.18!\jdk.javadoc;C:\Users\testinium\.jdks\corretto-11.0.18!\jdk.jcmd;C:\Users\testinium\.jdks\corretto-11.0.18!\jdk.jconsole;C:\Users\testinium\.jdks\corretto-11.0.18!\jdk.jdeps;C:\Users\testinium\.jdks\corretto-11.0.18!\jdk.jdi;C:\Users\testinium\.jdks\corretto-11.0.18!\jdk.jdwp.agent;C:\Users\testinium\.jdks\corretto-11.0.18!\jdk.jfr;C:\Users\testinium\.jdks\corretto-11.0.18!\jdk.jlink;C:\Users\testinium\.jdks\corretto-11.0.18!\jdk.jshell;C:\Users\testinium\.jdks\corretto-11.0.18!\jdk.jsobject;C:\Users\testinium\.jdks\corretto-11.0.18!\jdk.jstatd;C:\Users\testinium\.jdks\corretto-11.0.18!\jdk.localedata;C:\Users\testinium\.jdks\corretto-11.0.18!\jdk.management;C:\Users\testinium\.jdks\corretto-11.0.18!\jdk.management.agent;C:\Users\testinium\.jdks\corretto-11.0.18!\jdk.management.jfr;C:\Users\testinium\.jdks\corretto-11.0.18!\jdk.naming.dns;C:\Users\testinium\.jdks\corretto-11.0.18!\jdk.naming.ldap;C:\Users\testinium\.jdks\corretto-11.0.18!\jdk.naming.rmi;C:\Users\testinium\.jdks\corretto-11.0.18!\jdk.net;C:\Users\testinium\.jdks\corretto-11.0.18!\jdk.pack;C:\Users\testinium\.jdks\corretto-11.0.18!\jdk.rmic;C:\Users\testinium\.jdks\corretto-11.0.18!\jdk.scripting.nashorn;C:\Users\testinium\.jdks\corretto-11.0.18!\jdk.scripting.nashorn.shell;C:\Users\testinium\.jdks\corretto-11.0.18!\jdk.sctp;C:\Users\testinium\.jdks\corretto-11.0.18!\jdk.security.auth;C:\Users\testinium\.jdks\corretto-11.0.18!\jdk.security.jgss;C:\Users\testinium\.jdks\corretto-11.0.18!\jdk.unsupported;C:\Users\testinium\.jdks\corretto-11.0.18!\jdk.unsupported.desktop;C:\Users\testinium\.jdks\corretto-11.0.18!\jdk.xml.dom;C:\Users\testinium\.jdks\corretto-11.0.18!\jdk.zipfs;C:\Users\testinium\IdeaProjects\HepsiburadaAppiumOdev\target\test-classes;C:\Users\testinium\.m2\repository\com\thoughtworks\gauge\gauge-java\0.9.1\gauge-java-0.9.1.jar;C:\Users\testinium\.m2\repository\com\github\javaparser\javaparser-core\3.16.3\javaparser-core-3.16.3.jar;C:\Users\testinium\.m2\repository\commons-io\commons-io\2.11.0\commons-io-2.11.0.jar;C:\Users\testinium\.m2\repository\commons-lang\commons-lang\2.6\commons-lang-2.6.jar;C:\Users\testinium\.m2\repository\org\json\json\20220320\json-20220320.jar;C:\Users\testinium\.m2\repository\com\google\protobuf\protobuf-java\3.19.4\protobuf-java-3.19.4.jar;C:\Users\testinium\.m2\repository\com\google\guava\guava\31.0.1-jre\guava-31.0.1-jre.jar;C:\Users\testinium\.m2\repository\com\google\guava\failureaccess\1.0.1\failureaccess-1.0.1.jar;C:\Users\testinium\.m2\repository\com\google\guava\listenablefuture\9999.0-empty-to-avoid-conflict-with-guava\listenablefuture-9999.0-empty-to-avoid-conflict-with-guava.jar;C:\Users\testinium\.m2\repository\com\google\code\findbugs\jsr305\3.0.2\jsr305-3.0.2.jar;C:\Users\testinium\.m2\repository\org\checkerframework\checker-qual\3.12.0\checker-qual-3.12.0.jar;C:\Users\testinium\.m2\repository\com\google\errorprone\error_prone_annotations\2.7.1\error_prone_annotations-2.7.1.jar;C:\Users\testinium\.m2\repository\com\google\j2objc\j2objc-annotations\1.3\j2objc-annotations-1.3.jar;C:\Users\testinium\.m2\repository\io\grpc\grpc-netty-shaded\1.41.2\grpc-netty-shaded-1.41.2.jar;C:\Users\testinium\.m2\repository\io\perfmark\perfmark-api\0.23.0\perfmark-api-0.23.0.jar;C:\Users\testinium\.m2\repository\io\grpc\grpc-core\1.41.2\grpc-core-1.41.2.jar;C:\Users\testinium\.m2\repository\com\google\android\annotations\4.1.1.4\annotations-4.1.1.4.jar;C:\Users\testinium\.m2\repository\org\codehaus\mojo\animal-sniffer-annotations\1.19\animal-sniffer-annotations-1.19.jar;C:\Users\testinium\.m2\repository\io\grpc\grpc-protobuf\1.41.2\grpc-protobuf-1.41.2.jar;C:\Users\testinium\.m2\repository\io\grpc\grpc-api\1.41.2\grpc-api-1.41.2.jar;C:\Users\testinium\.m2\repository\io\grpc\grpc-context\1.41.2\grpc-context-1.41.2.jar;C:\Users\testinium\.m2\repository\com\google\api\grpc\proto-google-common-protos\2.0.1\proto-google-common-protos-2.0.1.jar;C:\Users\testinium\.m2\repository\io\grpc\grpc-protobuf-lite\1.41.2\grpc-protobuf-lite-1.41.2.jar;C:\Users\testinium\.m2\repository\io\grpc\grpc-stub\1.41.2\grpc-stub-1.41.2.jar;C:\Users\testinium\.m2\repository\javax\annotation\javax.annotation-api\1.3.2\javax.annotation-api-1.3.2.jar;C:\Users\testinium\.m2\repository\org\assertj\assertj-core\3.10.0\assertj-core-3.10.0.jar;C:\Users\testinium\.m2\repository\org\seleniumhq\selenium\selenium-java\3.12.0\selenium-java-3.12.0.jar;C:\Users\testinium\.m2\repository\org\seleniumhq\selenium\selenium-api\3.12.0\selenium-api-3.12.0.jar;C:\Users\testinium\.m2\repository\org\seleniumhq\selenium\selenium-chrome-driver\3.12.0\selenium-chrome-driver-3.12.0.jar;C:\Users\testinium\.m2\repository\org\seleniumhq\selenium\selenium-edge-driver\3.12.0\selenium-edge-driver-3.12.0.jar;C:\Users\testinium\.m2\repository\org\seleniumhq\selenium\selenium-firefox-driver\3.12.0\selenium-firefox-driver-3.12.0.jar;C:\Users\testinium\.m2\repository\org\seleniumhq\selenium\selenium-ie-driver\3.12.0\selenium-ie-driver-3.12.0.jar;C:\Users\testinium\.m2\repository\org\seleniumhq\selenium\selenium-opera-driver\3.12.0\selenium-opera-driver-3.12.0.jar;C:\Users\testinium\.m2\repository\org\seleniumhq\selenium\selenium-remote-driver\3.12.0\selenium-remote-driver-3.12.0.jar;C:\Users\testinium\.m2\repository\org\seleniumhq\selenium\selenium-safari-driver\3.12.0\selenium-safari-driver-3.12.0.jar;C:\Users\testinium\.m2\repository\org\seleniumhq\selenium\selenium-support\3.12.0\selenium-support-3.12.0.jar;C:\Users\testinium\.m2\repository\net\bytebuddy\byte-buddy\1.8.3\byte-buddy-1.8.3.jar;C:\Users\testinium\.m2\repository\org\apache\commons\commons-exec\1.3\commons-exec-1.3.jar;C:\Users\testinium\.m2\repository\commons-codec\commons-codec\1.10\commons-codec-1.10.jar;C:\Users\testinium\.m2\repository\commons-logging\commons-logging\1.2\commons-logging-1.2.jar;C:\Users\testinium\.m2\repository\com\google\code\gson\gson\2.8.2\gson-2.8.2.jar;C:\Users\testinium\.m2\repository\org\apache\httpcomponents\httpclient\4.5.3\httpclient-4.5.3.jar;C:\Users\testinium\.m2\repository\org\apache\httpcomponents\httpcore\4.4.6\httpcore-4.4.6.jar;C:\Users\testinium\.m2\repository\com\squareup\okhttp3\okhttp\3.9.1\okhttp-3.9.1.jar;C:\Users\testinium\.m2\repository\com\squareup\okio\okio\1.13.0\okio-1.13.0.jar;C:\Users\testinium\.m2\repository\io\github\bonigarcia\webdrivermanager\3.7.1\webdrivermanager-3.7.1.jar;C:\Users\testinium\.m2\repository\org\slf4j\slf4j-api\1.7.25\slf4j-api-1.7.25.jar;C:\Users\testinium\.m2\repository\org\apache\commons\commons-lang3\3.8.1\commons-lang3-3.8.1.jar;C:\Users\testinium\.m2\repository\org\rauschig\jarchivelib\1.0.0\jarchivelib-1.0.0.jar;C:\Users\testinium\.m2\repository\org\apache\commons\commons-compress\1.18\commons-compress-1.18.jar;C:\Users\testinium\.m2\repository\org\jsoup\jsoup\1.11.3\jsoup-1.11.3.jar;C:\Users\testinium\.m2\repository\org\reflections\reflections\0.9.10\reflections-0.9.10.jar;C:\Users\testinium\.m2\repository\org\javassist\javassist\3.19.0-GA\javassist-3.19.0-GA.jar;C:\Users\testinium\.m2\repository\com\google\code\findbugs\annotations\2.0.1\annotations-2.0.1.jar;C:\Users\testinium\.m2\repository\io\appium\java-client\7.0.0\java-client-7.0.0.jar;C:\Users\testinium\.m2\repository\cglib\cglib\3.2.8\cglib-3.2.8.jar;C:\Users\testinium\.m2\repository\org\ow2\asm\asm\6.2.1\asm-6.2.1.jar;C:\Users\testinium\.m2\repository\org\apache\ant\ant\1.10.3\ant-1.10.3.jar;C:\Users\testinium\.m2\repository\org\apache\ant\ant-launcher\1.10.3\ant-launcher-1.10.3.jar;C:\Users\testinium\.m2\repository\commons-validator\commons-validator\1.6\commons-validator-1.6.jar;C:\Users\testinium\.m2\repository\commons-beanutils\commons-beanutils\1.9.2\commons-beanutils-1.9.2.jar;C:\Users\testinium\.m2\repository\commons-digester\commons-digester\1.8.1\commons-digester-1.8.1.jar;C:\Users\testinium\.m2\repository\commons-collections\commons-collections\3.2.2\commons-collections-3.2.2.jar;C:\Users\testinium\.m2\repository\org\springframework\spring-context\5.1.0.RELEASE\spring-context-5.1.0.RELEASE.jar;C:\Users\testinium\.m2\repository\org\springframework\spring-aop\5.1.0.RELEASE\spring-aop-5.1.0.RELEASE.jar;C:\Users\testinium\.m2\repository\org\springframework\spring-beans\5.1.0.RELEASE\spring-beans-5.1.0.RELEASE.jar;C:\Users\testinium\.m2\repository\org\springframework\spring-core\5.1.0.RELEASE\spring-core-5.1.0.RELEASE.jar;C:\Users\testinium\.m2\repository\org\springframework\spring-jcl\5.1.0.RELEASE\spring-jcl-5.1.0.RELEASE.jar;C:\Users\testinium\.m2\repository\org\springframework\spring-expression\5.1.0.RELEASE\spring-expression-5.1.0.RELEASE.jar;C:\Users\testinium\.m2\repository\org\aspectj\aspectjweaver\1.9.1\aspectjweaver-1.9.1.jar;C:\Users\testinium\.m2\repository\org\apache\logging\log4j\log4j-core\2.17.1\log4j-core-2.17.1.jar;C:\Users\testinium\.m2\repository\org\apache\logging\log4j\log4j-api\2.17.1\log4j-api-2.17.1.jar;C:\Users\testinium\.m2\repository\org\junit\jupiter\junit-jupiter-engine\5.1.0\junit-jupiter-engine-5.1.0.jar;C:\Users\testinium\.m2\repository\org\apiguardian\apiguardian-api\1.0.0\apiguardian-api-1.0.0.jar;C:\Users\testinium\.m2\repository\org\junit\platform\junit-platform-engine\1.1.0\junit-platform-engine-1.1.0.jar;C:\Users\testinium\.m2\repository\org\junit\platform\junit-platform-commons\1.1.0\junit-platform-commons-1.1.0.jar;C:\Users\testinium\.m2\repository\org\opentest4j\opentest4j\1.0.0\opentest4j-1.0.0.jar;C:\Users\testinium\.m2\repository\org\junit\jupiter\junit-jupiter-api\5.1.0\junit-jupiter-api-5.1.0.jar;C:\Users\testinium\.m2\repository\junit\junit\4.13.2\junit-4.13.2.jar;C:\Users\testinium\.m2\repository\org\hamcrest\hamcrest-core\1.3\hamcrest-core-1.3.jar
18-04-2023 15:19:17.877 [java] [DEBUG] found java executable in C:\Program Files\Java\jdk1.8.0_361\jre\bin\java.exe
18-04-2023 15:19:17.877 [java] [DEBUG] running - C:\Program Files\Java\jdk1.8.0_361\jre\bin\java.exe [-Dfile.encoding=UTF-8 com.thoughtworks.gauge.GaugeRuntime --start]
18-04-2023 15:19:17.877 [java] [DEBUG] stdout/stderr is logged to logs\10976-java.exe.out
18-04-2023 15:19:18.924 [java] [DEBUG] multithreading is set to false
18-04-2023 15:19:20.996 [java] [DEBUG] Using reflection to scan dependencies for gauge implementations...
18-04-2023 15:19:21.232 [java] [ERROR] SLF4J: Failed to load class "org.slf4j.impl.StaticLoggerBinder".
18-04-2023 15:19:21.232 [java] [ERROR] SLF4J: Defaulting to no-operation (NOP) logger implementation
18-04-2023 15:19:21.232 [java] [ERROR] SLF4J: See http://www.slf4j.org/codes.html#StaticLoggerBinder for further details.
18-04-2023 15:19:24.150 [java] [DEBUG] gauge-java took 5229milliseconds to load and scan. This should be less than 'runner_connection_timeout' config value.
18-04-2023 15:19:24.152 [java] [DEBUG] run 'gauge config runner_connection_timeout' and verify that it is < 5229
18-04-2023 15:19:24.152 [java] [DEBUG] starting gRPC server...
18-04-2023 15:19:25.512 [java] [DEBUG] started gRPC server on port 59162
18-04-2023 15:19:25.531 [Gauge] [DEBUG] Attempting to connect to grpc server at port: 59162
18-04-2023 15:19:26.065 [Gauge] [DEBUG] Successfully made the connection with runner with port: 59162
18-04-2023 15:19:26.066 [Gauge] [DEBUG] Validation started.
18-04-2023 15:23:29.821 [Gauge] [DEBUG] Created gauge_screenshots_dir at C:\Users\testinium\IdeaProjects\HepsiburadaAppiumOdev\.gauge\screenshots
18-04-2023 15:23:29.854 [Gauge] [DEBUG] Plugin java is already installed.
18-04-2023 15:23:29.860 [Gauge] [DEBUG] Plugin html-report is already installed.
18-04-2023 15:23:29.866 [Gauge] [DEBUG] Parsing started.
18-04-2023 15:23:29.866 [Gauge] [DEBUG] Started concepts parsing.
18-04-2023 15:23:29.921 [Gauge] [ERROR] Concept parse failure: C:\Users\testinium\IdeaProjects\HepsiburadaAppiumOdev\specs\Concepts\Register.cpt C:\Users\testinium\IdeaProjects\HepsiburadaAppiumOdev\specs\Concepts\Register.cpt:4 Scenario Heading is not allowed in concept file => '# Hesabım Buton Kontrol'
18-04-2023 15:23:29.921 [Gauge] [ERROR] Concept parse failure: C:\Users\testinium\IdeaProjects\HepsiburadaAppiumOdev\specs\Concepts\Register.cpt C:\Users\testinium\IdeaProjects\HepsiburadaAppiumOdev\specs\Concepts\Register.cpt:6 Step is not defined inside a concept heading => '"HesabımButon" li elementin oldugu kontrol edilir'
18-04-2023 15:23:29.921 [Gauge] [ERROR] [ParseError] C:\Users\testinium\IdeaProjects\HepsiburadaAppiumOdev\specs\Concepts\Register.cpt:4 Scenario Heading is not allowed in concept file => '# Hesabım Buton Kontrol'
18-04-2023 15:23:29.922 [Gauge] [ERROR] [ParseError] C:\Users\testinium\IdeaProjects\HepsiburadaAppiumOdev\specs\Concepts\Register.cpt:6 Step is not defined inside a concept heading => '"HesabımButon" li elementin oldugu kontrol edilir'
18-04-2023 15:23:29.922 [Gauge] [DEBUG] 0 concepts parsing completed.
18-04-2023 15:23:29.922 [Gauge] [DEBUG] Started specifications parsing.
18-04-2023 15:23:29.930 [Gauge] [DEBUG] 1 specifications parsing completed.
18-04-2023 15:23:29.931 [Gauge] [DEBUG] Parsing completed.
18-04-2023 15:23:30.147 [java] [DEBUG] ***** Printing Properties/Env Values *****
18-04-2023 15:23:30.147 [java] [DEBUG] PATH: C:\Program Files\Common Files\Oracle\Java\javapath;C:\Program Files\Java\jdk1.8.0_361\jre\bin;C:\WINDOWS\system32;C:\WINDOWS;C:\WINDOWS\System32\Wbem;C:\WINDOWS\System32\WindowsPowerShell\v1.0\;C:\WINDOWS\System32\OpenSSH\;C:\Program Files\apache-maven-3.9.1\bin;C:\Program Files\Gauge\bin;C:\Program Files\Git\cmd;C:\Program Files\nodejs\;C:\Program Files (x86)\Micro Focus\Unified Functional Testing\bin;C:\Users\testinium\AppData\Local\Microsoft\WindowsApps;;C:\Program Files\JetBrains\IntelliJ IDEA Community Edition 2022.3.3\bin;;C:\Users\testinium\AppData\Roaming\npm;C:\Users\testinium\AppData\Roaming\gauge\plugins\screenshot\0.1.0
18-04-2023 15:23:30.147 [java] [DEBUG] JAVA_HOME: C:\Program Files\Java\jdk1.8.0_361
18-04-2023 15:23:30.148 [java] [DEBUG] gauge_project_root: C:\Users\testinium\IdeaProjects\HepsiburadaAppiumOdev
18-04-2023 15:23:30.148 [java] [DEBUG] gauge_parallel_streams_count: 8
18-04-2023 15:23:30.148 [java] [DEBUG] gauge_reports_dir: reports
18-04-2023 15:23:30.148 [java] [DEBUG] overwrite_reports: true
18-04-2023 15:23:30.148 [java] [DEBUG] logs_directory: logs
18-04-2023 15:23:30.148 [java] [DEBUG] enable_multithreading: false
18-04-2023 15:23:30.149 [java] [DEBUG] gauge_specs_dir: specs
18-04-2023 15:23:30.149 [java] [DEBUG] csv_delimiter: ,
18-04-2023 15:23:30.149 [java] [DEBUG] gauge_java_home: 
18-04-2023 15:23:30.149 [java] [DEBUG] gauge_custom_build_path: 
18-04-2023 15:23:30.149 [java] [DEBUG] gauge_additional_libs: libs/*
18-04-2023 15:23:30.149 [java] [DEBUG] gauge_jvm_args: 
18-04-2023 15:23:30.149 [java] [DEBUG] gauge_custom_compile_dir: 
18-04-2023 15:23:30.149 [java] [DEBUG] gauge_clear_state_level: scenario
18-04-2023 15:23:30.149 [java] [DEBUG] ***** END *****
18-04-2023 15:23:30.973 [Gauge] [DEBUG] Checking updates...
18-04-2023 15:23:30.985 [Gauge] [DEBUG] Downloading https://downloads.gauge.org/plugin/flash?l=java&p=flash,html-report,java,json-report,screenshot,spectacle,xml-report&o=windows&a=amd64
18-04-2023 15:23:31.346 [Gauge] [DEBUG] Downloading https://downloads.gauge.org/plugin/html-report?l=java&p=flash,html-report,java,json-report,screenshot,spectacle,xml-report&o=windows&a=amd64
18-04-2023 15:23:31.671 [Gauge] [DEBUG] Downloading https://downloads.gauge.org/plugin/java?l=java&p=flash,html-report,java,json-report,screenshot,spectacle,xml-report&o=windows&a=amd64
18-04-2023 15:23:31.897 [Gauge] [DEBUG] Downloading https://downloads.gauge.org/plugin/json-report?l=java&p=flash,html-report,java,json-report,screenshot,spectacle,xml-report&o=windows&a=amd64
18-04-2023 15:23:32.311 [Gauge] [DEBUG] Downloading https://downloads.gauge.org/plugin/screenshot?l=java&p=flash,html-report,java,json-report,screenshot,spectacle,xml-report&o=windows&a=amd64
18-04-2023 15:23:32.406 [Gauge] [DEBUG] Downloading https://downloads.gauge.org/plugin/spectacle?l=java&p=flash,html-report,java,json-report,screenshot,spectacle,xml-report&o=windows&a=amd64
18-04-2023 15:23:32.564 [Gauge] [DEBUG] Downloading https://downloads.gauge.org/plugin/xml-report?l=java&p=flash,html-report,java,json-report,screenshot,spectacle,xml-report&o=windows&a=amd64
18-04-2023 15:24:03.495 [Gauge] [DEBUG] Created gauge_screenshots_dir at C:\Users\testinium\IdeaProjects\HepsiburadaAppiumOdev\.gauge\screenshots
18-04-2023 15:24:03.506 [Gauge] [DEBUG] Plugin java is already installed.
18-04-2023 15:24:03.510 [Gauge] [DEBUG] Plugin html-report is already installed.
18-04-2023 15:24:03.512 [Gauge] [DEBUG] Parsing started.
18-04-2023 15:24:03.513 [Gauge] [DEBUG] Started concepts parsing.
18-04-2023 15:24:03.550 [Gauge] [ERROR] Concept parse failure: C:\Users\testinium\IdeaProjects\HepsiburadaAppiumOdev\specs\Concepts\Register.cpt C:\Users\testinium\IdeaProjects\HepsiburadaAppiumOdev\specs\Concepts\Register.cpt:4 Scenario Heading is not allowed in concept file => '# Hesabım Buton Kontrol'
18-04-2023 15:24:03.550 [Gauge] [ERROR] Concept parse failure: C:\Users\testinium\IdeaProjects\HepsiburadaAppiumOdev\specs\Concepts\Register.cpt C:\Users\testinium\IdeaProjects\HepsiburadaAppiumOdev\specs\Concepts\Register.cpt:6 Step is not defined inside a concept heading => '"HesabımButon" li elementin oldugu kontrol edilir'
18-04-2023 15:24:03.550 [Gauge] [ERROR] [ParseError] C:\Users\testinium\IdeaProjects\HepsiburadaAppiumOdev\specs\Concepts\Register.cpt:4 Scenario Heading is not allowed in concept file => '# Hesabım Buton Kontrol'
18-04-2023 15:24:03.550 [Gauge] [ERROR] [ParseError] C:\Users\testinium\IdeaProjects\HepsiburadaAppiumOdev\specs\Concepts\Register.cpt:6 Step is not defined inside a concept heading => '"HesabımButon" li elementin oldugu kontrol edilir'
18-04-2023 15:24:03.550 [Gauge] [DEBUG] 0 concepts parsing completed.
18-04-2023 15:24:03.551 [Gauge] [DEBUG] Started specifications parsing.
18-04-2023 15:24:03.553 [Gauge] [DEBUG] 1 specifications parsing completed.
18-04-2023 15:24:03.555 [Gauge] [DEBUG] Parsing completed.
18-04-2023 15:24:03.685 [java] [DEBUG] ***** Printing Properties/Env Values *****
18-04-2023 15:24:03.685 [java] [DEBUG] PATH: C:\Program Files\Common Files\Oracle\Java\javapath;C:\Program Files\Java\jdk1.8.0_361\jre\bin;C:\WINDOWS\system32;C:\WINDOWS;C:\WINDOWS\System32\Wbem;C:\WINDOWS\System32\WindowsPowerShell\v1.0\;C:\WINDOWS\System32\OpenSSH\;C:\Program Files\apache-maven-3.9.1\bin;C:\Program Files\Gauge\bin;C:\Program Files\Git\cmd;C:\Program Files\nodejs\;C:\Program Files (x86)\Micro Focus\Unified Functional Testing\bin;C:\Users\testinium\AppData\Local\Microsoft\WindowsApps;;C:\Program Files\JetBrains\IntelliJ IDEA Community Edition 2022.3.3\bin;;C:\Users\testinium\AppData\Roaming\npm;C:\Users\testinium\AppData\Roaming\gauge\plugins\screenshot\0.1.0
18-04-2023 15:24:03.685 [java] [DEBUG] JAVA_HOME: C:\Program Files\Java\jdk1.8.0_361
18-04-2023 15:24:03.685 [java] [DEBUG] gauge_project_root: C:\Users\testinium\IdeaProjects\HepsiburadaAppiumOdev
18-04-2023 15:24:03.685 [java] [DEBUG] gauge_parallel_streams_count: 8
18-04-2023 15:24:03.685 [java] [DEBUG] gauge_reports_dir: reports
18-04-2023 15:24:03.685 [java] [DEBUG] overwrite_reports: true
18-04-2023 15:24:03.685 [java] [DEBUG] logs_directory: logs
18-04-2023 15:24:03.685 [java] [DEBUG] enable_multithreading: false
18-04-2023 15:24:03.685 [java] [DEBUG] gauge_specs_dir: specs
18-04-2023 15:24:03.685 [java] [DEBUG] csv_delimiter: ,
18-04-2023 15:24:03.685 [java] [DEBUG] gauge_java_home: 
18-04-2023 15:24:03.685 [java] [DEBUG] gauge_custom_build_path: 
18-04-2023 15:24:03.685 [java] [DEBUG] gauge_additional_libs: libs/*
18-04-2023 15:24:03.685 [java] [DEBUG] gauge_jvm_args: 
18-04-2023 15:24:03.685 [java] [DEBUG] gauge_custom_compile_dir: 
18-04-2023 15:24:03.685 [java] [DEBUG] gauge_clear_state_level: scenario
18-04-2023 15:24:03.685 [java] [DEBUG] ***** END *****
18-04-2023 15:24:04.012 [Gauge] [DEBUG] Checking updates...
18-04-2023 15:24:04.021 [Gauge] [DEBUG] Downloading https://downloads.gauge.org/plugin/flash?l=java&p=flash,html-report,java,json-report,screenshot,spectacle,xml-report&o=windows&a=amd64
18-04-2023 15:24:04.300 [Gauge] [DEBUG] Downloading https://downloads.gauge.org/plugin/html-report?l=java&p=flash,html-report,java,json-report,screenshot,spectacle,xml-report&o=windows&a=amd64
18-04-2023 15:24:04.545 [Gauge] [DEBUG] Downloading https://downloads.gauge.org/plugin/java?l=java&p=flash,html-report,java,json-report,screenshot,spectacle,xml-report&o=windows&a=amd64
18-04-2023 15:24:04.680 [Gauge] [DEBUG] Downloading https://downloads.gauge.org/plugin/json-report?l=java&p=flash,html-report,java,json-report,screenshot,spectacle,xml-report&o=windows&a=amd64
18-04-2023 15:24:04.833 [Gauge] [DEBUG] Downloading https://downloads.gauge.org/plugin/screenshot?l=java&p=flash,html-report,java,json-report,screenshot,spectacle,xml-report&o=windows&a=amd64
18-04-2023 15:24:04.901 [Gauge] [DEBUG] Downloading https://downloads.gauge.org/plugin/spectacle?l=java&p=flash,html-report,java,json-report,screenshot,spectacle,xml-report&o=windows&a=amd64
18-04-2023 15:24:05.057 [Gauge] [DEBUG] Downloading https://downloads.gauge.org/plugin/xml-report?l=java&p=flash,html-report,java,json-report,screenshot,spectacle,xml-report&o=windows&a=amd64
18-04-2023 15:24:21.068 [java] [DEBUG] classpath set to C:\Users\testinium\.jdks\corretto-11.0.18!\java.base;C:\Users\testinium\.jdks\corretto-11.0.18!\java.compiler;C:\Users\testinium\.jdks\corretto-11.0.18!\java.datatransfer;C:\Users\testinium\.jdks\corretto-11.0.18!\java.desktop;C:\Users\testinium\.jdks\corretto-11.0.18!\java.instrument;C:\Users\testinium\.jdks\corretto-11.0.18!\java.logging;C:\Users\testinium\.jdks\corretto-11.0.18!\java.management;C:\Users\testinium\.jdks\corretto-11.0.18!\java.management.rmi;C:\Users\testinium\.jdks\corretto-11.0.18!\java.naming;C:\Users\testinium\.jdks\corretto-11.0.18!\java.net.http;C:\Users\testinium\.jdks\corretto-11.0.18!\java.prefs;C:\Users\testinium\.jdks\corretto-11.0.18!\java.rmi;C:\Users\testinium\.jdks\corretto-11.0.18!\java.scripting;C:\Users\testinium\.jdks\corretto-11.0.18!\java.se;C:\Users\testinium\.jdks\corretto-11.0.18!\java.security.jgss;C:\Users\testinium\.jdks\corretto-11.0.18!\java.security.sasl;C:\Users\testinium\.jdks\corretto-11.0.18!\java.smartcardio;C:\Users\testinium\.jdks\corretto-11.0.18!\java.sql;C:\Users\testinium\.jdks\corretto-11.0.18!\java.sql.rowset;C:\Users\testinium\.jdks\corretto-11.0.18!\java.transaction.xa;C:\Users\testinium\.jdks\corretto-11.0.18!\java.xml;C:\Users\testinium\.jdks\corretto-11.0.18!\java.xml.crypto;C:\Users\testinium\.jdks\corretto-11.0.18!\jdk.accessibility;C:\Users\testinium\.jdks\corretto-11.0.18!\jdk.aot;C:\Users\testinium\.jdks\corretto-11.0.18!\jdk.attach;C:\Users\testinium\.jdks\corretto-11.0.18!\jdk.charsets;C:\Users\testinium\.jdks\corretto-11.0.18!\jdk.compiler;C:\Users\testinium\.jdks\corretto-11.0.18!\jdk.crypto.cryptoki;C:\Users\testinium\.jdks\corretto-11.0.18!\jdk.crypto.ec;C:\Users\testinium\.jdks\corretto-11.0.18!\jdk.crypto.mscapi;C:\Users\testinium\.jdks\corretto-11.0.18!\jdk.dynalink;C:\Users\testinium\.jdks\corretto-11.0.18!\jdk.editpad;C:\Users\testinium\.jdks\corretto-11.0.18!\jdk.hotspot.agent;C:\Users\testinium\.jdks\corretto-11.0.18!\jdk.httpserver;C:\Users\testinium\.jdks\corretto-11.0.18!\jdk.internal.ed;C:\Users\testinium\.jdks\corretto-11.0.18!\jdk.internal.jvmstat;C:\Users\testinium\.jdks\corretto-11.0.18!\jdk.internal.le;C:\Users\testinium\.jdks\corretto-11.0.18!\jdk.internal.opt;C:\Users\testinium\.jdks\corretto-11.0.18!\jdk.internal.vm.ci;C:\Users\testinium\.jdks\corretto-11.0.18!\jdk.internal.vm.compiler;C:\Users\testinium\.jdks\corretto-11.0.18!\jdk.internal.vm.compiler.management;C:\Users\testinium\.jdks\corretto-11.0.18!\jdk.jartool;C:\Users\testinium\.jdks\corretto-11.0.18!\jdk.javadoc;C:\Users\testinium\.jdks\corretto-11.0.18!\jdk.jcmd;C:\Users\testinium\.jdks\corretto-11.0.18!\jdk.jconsole;C:\Users\testinium\.jdks\corretto-11.0.18!\jdk.jdeps;C:\Users\testinium\.jdks\corretto-11.0.18!\jdk.jdi;C:\Users\testinium\.jdks\corretto-11.0.18!\jdk.jdwp.agent;C:\Users\testinium\.jdks\corretto-11.0.18!\jdk.jfr;C:\Users\testinium\.jdks\corretto-11.0.18!\jdk.jlink;C:\Users\testinium\.jdks\corretto-11.0.18!\jdk.jshell;C:\Users\testinium\.jdks\corretto-11.0.18!\jdk.jsobject;C:\Users\testinium\.jdks\corretto-11.0.18!\jdk.jstatd;C:\Users\testinium\.jdks\corretto-11.0.18!\jdk.localedata;C:\Users\testinium\.jdks\corretto-11.0.18!\jdk.management;C:\Users\testinium\.jdks\corretto-11.0.18!\jdk.management.agent;C:\Users\testinium\.jdks\corretto-11.0.18!\jdk.management.jfr;C:\Users\testinium\.jdks\corretto-11.0.18!\jdk.naming.dns;C:\Users\testinium\.jdks\corretto-11.0.18!\jdk.naming.ldap;C:\Users\testinium\.jdks\corretto-11.0.18!\jdk.naming.rmi;C:\Users\testinium\.jdks\corretto-11.0.18!\jdk.net;C:\Users\testinium\.jdks\corretto-11.0.18!\jdk.pack;C:\Users\testinium\.jdks\corretto-11.0.18!\jdk.rmic;C:\Users\testinium\.jdks\corretto-11.0.18!\jdk.scripting.nashorn;C:\Users\testinium\.jdks\corretto-11.0.18!\jdk.scripting.nashorn.shell;C:\Users\testinium\.jdks\corretto-11.0.18!\jdk.sctp;C:\Users\testinium\.jdks\corretto-11.0.18!\jdk.security.auth;C:\Users\testinium\.jdks\corretto-11.0.18!\jdk.security.jgss;C:\Users\testinium\.jdks\corretto-11.0.18!\jdk.unsupported;C:\Users\testinium\.jdks\corretto-11.0.18!\jdk.unsupported.desktop;C:\Users\testinium\.jdks\corretto-11.0.18!\jdk.xml.dom;C:\Users\testinium\.jdks\corretto-11.0.18!\jdk.zipfs;C:\Users\testinium\IdeaProjects\HepsiburadaAppiumOdev\target\test-classes;C:\Users\testinium\.m2\repository\com\thoughtworks\gauge\gauge-java\0.9.1\gauge-java-0.9.1.jar;C:\Users\testinium\.m2\repository\com\github\javaparser\javaparser-core\3.16.3\javaparser-core-3.16.3.jar;C:\Users\testinium\.m2\repository\commons-io\commons-io\2.11.0\commons-io-2.11.0.jar;C:\Users\testinium\.m2\repository\commons-lang\commons-lang\2.6\commons-lang-2.6.jar;C:\Users\testinium\.m2\repository\org\json\json\20220320\json-20220320.jar;C:\Users\testinium\.m2\repository\com\google\protobuf\protobuf-java\3.19.4\protobuf-java-3.19.4.jar;C:\Users\testinium\.m2\repository\com\google\guava\guava\31.0.1-jre\guava-31.0.1-jre.jar;C:\Users\testinium\.m2\repository\com\google\guava\failureaccess\1.0.1\failureaccess-1.0.1.jar;C:\Users\testinium\.m2\repository\com\google\guava\listenablefuture\9999.0-empty-to-avoid-conflict-with-guava\listenablefuture-9999.0-empty-to-avoid-conflict-with-guava.jar;C:\Users\testinium\.m2\repository\com\google\code\findbugs\jsr305\3.0.2\jsr305-3.0.2.jar;C:\Users\testinium\.m2\repository\org\checkerframework\checker-qual\3.12.0\checker-qual-3.12.0.jar;C:\Users\testinium\.m2\repository\com\google\errorprone\error_prone_annotations\2.7.1\error_prone_annotations-2.7.1.jar;C:\Users\testinium\.m2\repository\com\google\j2objc\j2objc-annotations\1.3\j2objc-annotations-1.3.jar;C:\Users\testinium\.m2\repository\io\grpc\grpc-netty-shaded\1.41.2\grpc-netty-shaded-1.41.2.jar;C:\Users\testinium\.m2\repository\io\perfmark\perfmark-api\0.23.0\perfmark-api-0.23.0.jar;C:\Users\testinium\.m2\repository\io\grpc\grpc-core\1.41.2\grpc-core-1.41.2.jar;C:\Users\testinium\.m2\repository\com\google\android\annotations\4.1.1.4\annotations-4.1.1.4.jar;C:\Users\testinium\.m2\repository\org\codehaus\mojo\animal-sniffer-annotations\1.19\animal-sniffer-annotations-1.19.jar;C:\Users\testinium\.m2\repository\io\grpc\grpc-protobuf\1.41.2\grpc-protobuf-1.41.2.jar;C:\Users\testinium\.m2\repository\io\grpc\grpc-api\1.41.2\grpc-api-1.41.2.jar;C:\Users\testinium\.m2\repository\io\grpc\grpc-context\1.41.2\grpc-context-1.41.2.jar;C:\Users\testinium\.m2\repository\com\google\api\grpc\proto-google-common-protos\2.0.1\proto-google-common-protos-2.0.1.jar;C:\Users\testinium\.m2\repository\io\grpc\grpc-protobuf-lite\1.41.2\grpc-protobuf-lite-1.41.2.jar;C:\Users\testinium\.m2\repository\io\grpc\grpc-stub\1.41.2\grpc-stub-1.41.2.jar;C:\Users\testinium\.m2\repository\javax\annotation\javax.annotation-api\1.3.2\javax.annotation-api-1.3.2.jar;C:\Users\testinium\.m2\repository\org\assertj\assertj-core\3.10.0\assertj-core-3.10.0.jar;C:\Users\testinium\.m2\repository\org\seleniumhq\selenium\selenium-java\3.12.0\selenium-java-3.12.0.jar;C:\Users\testinium\.m2\repository\org\seleniumhq\selenium\selenium-api\3.12.0\selenium-api-3.12.0.jar;C:\Users\testinium\.m2\repository\org\seleniumhq\selenium\selenium-chrome-driver\3.12.0\selenium-chrome-driver-3.12.0.jar;C:\Users\testinium\.m2\repository\org\seleniumhq\selenium\selenium-edge-driver\3.12.0\selenium-edge-driver-3.12.0.jar;C:\Users\testinium\.m2\repository\org\seleniumhq\selenium\selenium-firefox-driver\3.12.0\selenium-firefox-driver-3.12.0.jar;C:\Users\testinium\.m2\repository\org\seleniumhq\selenium\selenium-ie-driver\3.12.0\selenium-ie-driver-3.12.0.jar;C:\Users\testinium\.m2\repository\org\seleniumhq\selenium\selenium-opera-driver\3.12.0\selenium-opera-driver-3.12.0.jar;C:\Users\testinium\.m2\repository\org\seleniumhq\selenium\selenium-remote-driver\3.12.0\selenium-remote-driver-3.12.0.jar;C:\Users\testinium\.m2\repository\org\seleniumhq\selenium\selenium-safari-driver\3.12.0\selenium-safari-driver-3.12.0.jar;C:\Users\testinium\.m2\repository\org\seleniumhq\selenium\selenium-support\3.12.0\selenium-support-3.12.0.jar;C:\Users\testinium\.m2\repository\net\bytebuddy\byte-buddy\1.8.3\byte-buddy-1.8.3.jar;C:\Users\testinium\.m2\repository\org\apache\commons\commons-exec\1.3\commons-exec-1.3.jar;C:\Users\testinium\.m2\repository\commons-codec\commons-codec\1.10\commons-codec-1.10.jar;C:\Users\testinium\.m2\repository\commons-logging\commons-logging\1.2\commons-logging-1.2.jar;C:\Users\testinium\.m2\repository\com\google\code\gson\gson\2.8.2\gson-2.8.2.jar;C:\Users\testinium\.m2\repository\org\apache\httpcomponents\httpclient\4.5.3\httpclient-4.5.3.jar;C:\Users\testinium\.m2\repository\org\apache\httpcomponents\httpcore\4.4.6\httpcore-4.4.6.jar;C:\Users\testinium\.m2\repository\com\squareup\okhttp3\okhttp\3.9.1\okhttp-3.9.1.jar;C:\Users\testinium\.m2\repository\com\squareup\okio\okio\1.13.0\okio-1.13.0.jar;C:\Users\testinium\.m2\repository\io\github\bonigarcia\webdrivermanager\3.7.1\webdrivermanager-3.7.1.jar;C:\Users\testinium\.m2\repository\org\slf4j\slf4j-api\1.7.25\slf4j-api-1.7.25.jar;C:\Users\testinium\.m2\repository\org\apache\commons\commons-lang3\3.8.1\commons-lang3-3.8.1.jar;C:\Users\testinium\.m2\repository\org\rauschig\jarchivelib\1.0.0\jarchivelib-1.0.0.jar;C:\Users\testinium\.m2\repository\org\apache\commons\commons-compress\1.18\commons-compress-1.18.jar;C:\Users\testinium\.m2\repository\org\jsoup\jsoup\1.11.3\jsoup-1.11.3.jar;C:\Users\testinium\.m2\repository\org\reflections\reflections\0.9.10\reflections-0.9.10.jar;C:\Users\testinium\.m2\repository\org\javassist\javassist\3.19.0-GA\javassist-3.19.0-GA.jar;C:\Users\testinium\.m2\repository\com\google\code\findbugs\annotations\2.0.1\annotations-2.0.1.jar;C:\Users\testinium\.m2\repository\io\appium\java-client\7.0.0\java-client-7.0.0.jar;C:\Users\testinium\.m2\repository\cglib\cglib\3.2.8\cglib-3.2.8.jar;C:\Users\testinium\.m2\repository\org\ow2\asm\asm\6.2.1\asm-6.2.1.jar;C:\Users\testinium\.m2\repository\org\apache\ant\ant\1.10.3\ant-1.10.3.jar;C:\Users\testinium\.m2\repository\org\apache\ant\ant-launcher\1.10.3\ant-launcher-1.10.3.jar;C:\Users\testinium\.m2\repository\commons-validator\commons-validator\1.6\commons-validator-1.6.jar;C:\Users\testinium\.m2\repository\commons-beanutils\commons-beanutils\1.9.2\commons-beanutils-1.9.2.jar;C:\Users\testinium\.m2\repository\commons-digester\commons-digester\1.8.1\commons-digester-1.8.1.jar;C:\Users\testinium\.m2\repository\commons-collections\commons-collections\3.2.2\commons-collections-3.2.2.jar;C:\Users\testinium\.m2\repository\org\springframework\spring-context\5.1.0.RELEASE\spring-context-5.1.0.RELEASE.jar;C:\Users\testinium\.m2\repository\org\springframework\spring-aop\5.1.0.RELEASE\spring-aop-5.1.0.RELEASE.jar;C:\Users\testinium\.m2\repository\org\springframework\spring-beans\5.1.0.RELEASE\spring-beans-5.1.0.RELEASE.jar;C:\Users\testinium\.m2\repository\org\springframework\spring-core\5.1.0.RELEASE\spring-core-5.1.0.RELEASE.jar;C:\Users\testinium\.m2\repository\org\springframework\spring-jcl\5.1.0.RELEASE\spring-jcl-5.1.0.RELEASE.jar;C:\Users\testinium\.m2\repository\org\springframework\spring-expression\5.1.0.RELEASE\spring-expression-5.1.0.RELEASE.jar;C:\Users\testinium\.m2\repository\org\aspectj\aspectjweaver\1.9.1\aspectjweaver-1.9.1.jar;C:\Users\testinium\.m2\repository\org\apache\logging\log4j\log4j-core\2.17.1\log4j-core-2.17.1.jar;C:\Users\testinium\.m2\repository\org\apache\logging\log4j\log4j-api\2.17.1\log4j-api-2.17.1.jar;C:\Users\testinium\.m2\repository\org\junit\jupiter\junit-jupiter-engine\5.1.0\junit-jupiter-engine-5.1.0.jar;C:\Users\testinium\.m2\repository\org\apiguardian\apiguardian-api\1.0.0\apiguardian-api-1.0.0.jar;C:\Users\testinium\.m2\repository\org\junit\platform\junit-platform-engine\1.1.0\junit-platform-engine-1.1.0.jar;C:\Users\testinium\.m2\repository\org\junit\platform\junit-platform-commons\1.1.0\junit-platform-commons-1.1.0.jar;C:\Users\testinium\.m2\repository\org\opentest4j\opentest4j\1.0.0\opentest4j-1.0.0.jar;C:\Users\testinium\.m2\repository\org\junit\jupiter\junit-jupiter-api\5.1.0\junit-jupiter-api-5.1.0.jar;C:\Users\testinium\.m2\repository\junit\junit\4.13.2\junit-4.13.2.jar;C:\Users\testinium\.m2\repository\org\hamcrest\hamcrest-core\1.3\hamcrest-core-1.3.jar
18-04-2023 15:24:21.235 [java] [DEBUG] found java executable in C:\Program Files\Java\jdk1.8.0_361\jre\bin\java.exe
18-04-2023 15:24:21.238 [java] [DEBUG] running - C:\Program Files\Java\jdk1.8.0_361\jre\bin\java.exe [-Dfile.encoding=UTF-8 com.thoughtworks.gauge.GaugeRuntime --start]
18-04-2023 15:24:21.238 [java] [DEBUG] stdout/stderr is logged to logs\16672-java.exe.out
18-04-2023 15:24:22.284 [java] [DEBUG] multithreading is set to false
18-04-2023 15:24:24.058 [java] [DEBUG] Using reflection to scan dependencies for gauge implementations...
18-04-2023 15:24:24.363 [java] [ERROR] SLF4J: Failed to load class "org.slf4j.impl.StaticLoggerBinder".
18-04-2023 15:24:24.364 [java] [ERROR] SLF4J: Defaulting to no-operation (NOP) logger implementation
18-04-2023 15:24:24.364 [java] [ERROR] SLF4J: See http://www.slf4j.org/codes.html#StaticLoggerBinder for further details.
18-04-2023 15:24:27.427 [java] [DEBUG] gauge-java took 5144milliseconds to load and scan. This should be less than 'runner_connection_timeout' config value.
18-04-2023 15:24:27.427 [java] [DEBUG] run 'gauge config runner_connection_timeout' and verify that it is < 5144
18-04-2023 15:24:27.427 [java] [DEBUG] starting gRPC server...
18-04-2023 15:24:28.931 [java] [DEBUG] started gRPC server on port 53350
18-04-2023 15:24:28.936 [Gauge] [DEBUG] Attempting to connect to grpc server at port: 53350
18-04-2023 15:24:29.434 [Gauge] [DEBUG] Successfully made the connection with runner with port: 53350
18-04-2023 15:24:29.436 [Gauge] [DEBUG] Validation started.
18-04-2023 15:51:26.437 [Gauge] [DEBUG] Created gauge_screenshots_dir at C:\Users\testinium\IdeaProjects\HepsiburadaAppiumOdev\.gauge\screenshots
18-04-2023 15:51:26.459 [Gauge] [DEBUG] Plugin java is already installed.
18-04-2023 15:51:26.467 [Gauge] [DEBUG] Plugin html-report is already installed.
18-04-2023 15:51:26.470 [Gauge] [DEBUG] Parsing started.
18-04-2023 15:51:26.470 [Gauge] [DEBUG] Started concepts parsing.
18-04-2023 15:51:26.518 [Gauge] [ERROR] Concept parse failure: C:\Users\testinium\IdeaProjects\HepsiburadaAppiumOdev\specs\Concepts\Register.cpt C:\Users\testinium\IdeaProjects\HepsiburadaAppiumOdev\specs\Concepts\Register.cpt:4 Scenario Heading is not allowed in concept file => '# Hesabım Buton Kontrol'
18-04-2023 15:51:26.518 [Gauge] [ERROR] Concept parse failure: C:\Users\testinium\IdeaProjects\HepsiburadaAppiumOdev\specs\Concepts\Register.cpt C:\Users\testinium\IdeaProjects\HepsiburadaAppiumOdev\specs\Concepts\Register.cpt:6 Step is not defined inside a concept heading => '"com.pozitron.hepsiburada:id/account_menu_button" li elementin oldugu kontrol edilir'
18-04-2023 15:51:26.518 [Gauge] [ERROR] [ParseError] C:\Users\testinium\IdeaProjects\HepsiburadaAppiumOdev\specs\Concepts\Register.cpt:4 Scenario Heading is not allowed in concept file => '# Hesabım Buton Kontrol'
18-04-2023 15:51:26.519 [Gauge] [ERROR] [ParseError] C:\Users\testinium\IdeaProjects\HepsiburadaAppiumOdev\specs\Concepts\Register.cpt:6 Step is not defined inside a concept heading => '"com.pozitron.hepsiburada:id/account_menu_button" li elementin oldugu kontrol edilir'
18-04-2023 15:51:26.519 [Gauge] [DEBUG] 0 concepts parsing completed.
18-04-2023 15:51:26.519 [Gauge] [DEBUG] Started specifications parsing.
18-04-2023 15:51:26.528 [Gauge] [DEBUG] 1 specifications parsing completed.
18-04-2023 15:51:26.529 [Gauge] [DEBUG] Parsing completed.
18-04-2023 15:51:26.688 [java] [DEBUG] ***** Printing Properties/Env Values *****
18-04-2023 15:51:26.688 [java] [DEBUG] PATH: C:\Program Files\Common Files\Oracle\Java\javapath;C:\Program Files\Java\jdk1.8.0_361\jre\bin;C:\WINDOWS\system32;C:\WINDOWS;C:\WINDOWS\System32\Wbem;C:\WINDOWS\System32\WindowsPowerShell\v1.0\;C:\WINDOWS\System32\OpenSSH\;C:\Program Files\apache-maven-3.9.1\bin;C:\Program Files\Gauge\bin;C:\Program Files\Git\cmd;C:\Program Files\nodejs\;C:\Program Files (x86)\Micro Focus\Unified Functional Testing\bin;C:\Users\testinium\AppData\Local\Microsoft\WindowsApps;;C:\Program Files\JetBrains\IntelliJ IDEA Community Edition 2022.3.3\bin;;C:\Users\testinium\AppData\Roaming\npm;C:\Users\testinium\AppData\Roaming\gauge\plugins\screenshot\0.1.0
18-04-2023 15:51:26.688 [java] [DEBUG] JAVA_HOME: C:\Program Files\Java\jdk1.8.0_361
18-04-2023 15:51:26.688 [java] [DEBUG] gauge_project_root: C:\Users\testinium\IdeaProjects\HepsiburadaAppiumOdev
18-04-2023 15:51:26.688 [java] [DEBUG] gauge_parallel_streams_count: 8
18-04-2023 15:51:26.688 [java] [DEBUG] gauge_reports_dir: reports
18-04-2023 15:51:26.688 [java] [DEBUG] overwrite_reports: true
18-04-2023 15:51:26.688 [java] [DEBUG] logs_directory: logs
18-04-2023 15:51:26.688 [java] [DEBUG] enable_multithreading: false
18-04-2023 15:51:26.688 [java] [DEBUG] gauge_specs_dir: specs
18-04-2023 15:51:26.688 [java] [DEBUG] csv_delimiter: ,
18-04-2023 15:51:26.688 [java] [DEBUG] gauge_java_home: 
18-04-2023 15:51:26.688 [java] [DEBUG] gauge_custom_build_path: 
18-04-2023 15:51:26.688 [java] [DEBUG] gauge_additional_libs: libs/*
18-04-2023 15:51:26.690 [java] [DEBUG] gauge_jvm_args: 
18-04-2023 15:51:26.690 [java] [DEBUG] gauge_custom_compile_dir: 
18-04-2023 15:51:26.690 [java] [DEBUG] gauge_clear_state_level: scenario
18-04-2023 15:51:26.690 [java] [DEBUG] ***** END *****
18-04-2023 15:51:27.195 [Gauge] [DEBUG] Checking updates...
18-04-2023 15:51:27.203 [Gauge] [DEBUG] Downloading https://downloads.gauge.org/plugin/flash?l=java&p=flash,html-report,java,json-report,screenshot,spectacle,xml-report&o=windows&a=amd64
18-04-2023 15:51:27.464 [Gauge] [DEBUG] Downloading https://downloads.gauge.org/plugin/html-report?l=java&p=flash,html-report,java,json-report,screenshot,spectacle,xml-report&o=windows&a=amd64
18-04-2023 15:51:27.664 [Gauge] [DEBUG] Downloading https://downloads.gauge.org/plugin/java?l=java&p=flash,html-report,java,json-report,screenshot,spectacle,xml-report&o=windows&a=amd64
18-04-2023 15:51:27.809 [Gauge] [DEBUG] Downloading https://downloads.gauge.org/plugin/json-report?l=java&p=flash,html-report,java,json-report,screenshot,spectacle,xml-report&o=windows&a=amd64
18-04-2023 15:51:28.199 [Gauge] [DEBUG] Downloading https://downloads.gauge.org/plugin/screenshot?l=java&p=flash,html-report,java,json-report,screenshot,spectacle,xml-report&o=windows&a=amd64
18-04-2023 15:51:28.295 [Gauge] [DEBUG] Downloading https://downloads.gauge.org/plugin/spectacle?l=java&p=flash,html-report,java,json-report,screenshot,spectacle,xml-report&o=windows&a=amd64
18-04-2023 15:51:28.426 [Gauge] [DEBUG] Downloading https://downloads.gauge.org/plugin/xml-report?l=java&p=flash,html-report,java,json-report,screenshot,spectacle,xml-report&o=windows&a=amd64
18-04-2023 15:51:45.496 [java] [DEBUG] classpath set to C:\Users\testinium\.jdks\corretto-11.0.18!\java.base;C:\Users\testinium\.jdks\corretto-11.0.18!\java.compiler;C:\Users\testinium\.jdks\corretto-11.0.18!\java.datatransfer;C:\Users\testinium\.jdks\corretto-11.0.18!\java.desktop;C:\Users\testinium\.jdks\corretto-11.0.18!\java.instrument;C:\Users\testinium\.jdks\corretto-11.0.18!\java.logging;C:\Users\testinium\.jdks\corretto-11.0.18!\java.management;C:\Users\testinium\.jdks\corretto-11.0.18!\java.management.rmi;C:\Users\testinium\.jdks\corretto-11.0.18!\java.naming;C:\Users\testinium\.jdks\corretto-11.0.18!\java.net.http;C:\Users\testinium\.jdks\corretto-11.0.18!\java.prefs;C:\Users\testinium\.jdks\corretto-11.0.18!\java.rmi;C:\Users\testinium\.jdks\corretto-11.0.18!\java.scripting;C:\Users\testinium\.jdks\corretto-11.0.18!\java.se;C:\Users\testinium\.jdks\corretto-11.0.18!\java.security.jgss;C:\Users\testinium\.jdks\corretto-11.0.18!\java.security.sasl;C:\Users\testinium\.jdks\corretto-11.0.18!\java.smartcardio;C:\Users\testinium\.jdks\corretto-11.0.18!\java.sql;C:\Users\testinium\.jdks\corretto-11.0.18!\java.sql.rowset;C:\Users\testinium\.jdks\corretto-11.0.18!\java.transaction.xa;C:\Users\testinium\.jdks\corretto-11.0.18!\java.xml;C:\Users\testinium\.jdks\corretto-11.0.18!\java.xml.crypto;C:\Users\testinium\.jdks\corretto-11.0.18!\jdk.accessibility;C:\Users\testinium\.jdks\corretto-11.0.18!\jdk.aot;C:\Users\testinium\.jdks\corretto-11.0.18!\jdk.attach;C:\Users\testinium\.jdks\corretto-11.0.18!\jdk.charsets;C:\Users\testinium\.jdks\corretto-11.0.18!\jdk.compiler;C:\Users\testinium\.jdks\corretto-11.0.18!\jdk.crypto.cryptoki;C:\Users\testinium\.jdks\corretto-11.0.18!\jdk.crypto.ec;C:\Users\testinium\.jdks\corretto-11.0.18!\jdk.crypto.mscapi;C:\Users\testinium\.jdks\corretto-11.0.18!\jdk.dynalink;C:\Users\testinium\.jdks\corretto-11.0.18!\jdk.editpad;C:\Users\testinium\.jdks\corretto-11.0.18!\jdk.hotspot.agent;C:\Users\testinium\.jdks\corretto-11.0.18!\jdk.httpserver;C:\Users\testinium\.jdks\corretto-11.0.18!\jdk.internal.ed;C:\Users\testinium\.jdks\corretto-11.0.18!\jdk.internal.jvmstat;C:\Users\testinium\.jdks\corretto-11.0.18!\jdk.internal.le;C:\Users\testinium\.jdks\corretto-11.0.18!\jdk.internal.opt;C:\Users\testinium\.jdks\corretto-11.0.18!\jdk.internal.vm.ci;C:\Users\testinium\.jdks\corretto-11.0.18!\jdk.internal.vm.compiler;C:\Users\testinium\.jdks\corretto-11.0.18!\jdk.internal.vm.compiler.management;C:\Users\testinium\.jdks\corretto-11.0.18!\jdk.jartool;C:\Users\testinium\.jdks\corretto-11.0.18!\jdk.javadoc;C:\Users\testinium\.jdks\corretto-11.0.18!\jdk.jcmd;C:\Users\testinium\.jdks\corretto-11.0.18!\jdk.jconsole;C:\Users\testinium\.jdks\corretto-11.0.18!\jdk.jdeps;C:\Users\testinium\.jdks\corretto-11.0.18!\jdk.jdi;C:\Users\testinium\.jdks\corretto-11.0.18!\jdk.jdwp.agent;C:\Users\testinium\.jdks\corretto-11.0.18!\jdk.jfr;C:\Users\testinium\.jdks\corretto-11.0.18!\jdk.jlink;C:\Users\testinium\.jdks\corretto-11.0.18!\jdk.jshell;C:\Users\testinium\.jdks\corretto-11.0.18!\jdk.jsobject;C:\Users\testinium\.jdks\corretto-11.0.18!\jdk.jstatd;C:\Users\testinium\.jdks\corretto-11.0.18!\jdk.localedata;C:\Users\testinium\.jdks\corretto-11.0.18!\jdk.management;C:\Users\testinium\.jdks\corretto-11.0.18!\jdk.management.agent;C:\Users\testinium\.jdks\corretto-11.0.18!\jdk.management.jfr;C:\Users\testinium\.jdks\corretto-11.0.18!\jdk.naming.dns;C:\Users\testinium\.jdks\corretto-11.0.18!\jdk.naming.ldap;C:\Users\testinium\.jdks\corretto-11.0.18!\jdk.naming.rmi;C:\Users\testinium\.jdks\corretto-11.0.18!\jdk.net;C:\Users\testinium\.jdks\corretto-11.0.18!\jdk.pack;C:\Users\testinium\.jdks\corretto-11.0.18!\jdk.rmic;C:\Users\testinium\.jdks\corretto-11.0.18!\jdk.scripting.nashorn;C:\Users\testinium\.jdks\corretto-11.0.18!\jdk.scripting.nashorn.shell;C:\Users\testinium\.jdks\corretto-11.0.18!\jdk.sctp;C:\Users\testinium\.jdks\corretto-11.0.18!\jdk.security.auth;C:\Users\testinium\.jdks\corretto-11.0.18!\jdk.security.jgss;C:\Users\testinium\.jdks\corretto-11.0.18!\jdk.unsupported;C:\Users\testinium\.jdks\corretto-11.0.18!\jdk.unsupported.desktop;C:\Users\testinium\.jdks\corretto-11.0.18!\jdk.xml.dom;C:\Users\testinium\.jdks\corretto-11.0.18!\jdk.zipfs;C:\Users\testinium\IdeaProjects\HepsiburadaAppiumOdev\target\test-classes;C:\Users\testinium\.m2\repository\com\thoughtworks\gauge\gauge-java\0.9.1\gauge-java-0.9.1.jar;C:\Users\testinium\.m2\repository\com\github\javaparser\javaparser-core\3.16.3\javaparser-core-3.16.3.jar;C:\Users\testinium\.m2\repository\commons-io\commons-io\2.11.0\commons-io-2.11.0.jar;C:\Users\testinium\.m2\repository\commons-lang\commons-lang\2.6\commons-lang-2.6.jar;C:\Users\testinium\.m2\repository\org\json\json\20220320\json-20220320.jar;C:\Users\testinium\.m2\repository\com\google\protobuf\protobuf-java\3.19.4\protobuf-java-3.19.4.jar;C:\Users\testinium\.m2\repository\com\google\guava\guava\31.0.1-jre\guava-31.0.1-jre.jar;C:\Users\testinium\.m2\repository\com\google\guava\failureaccess\1.0.1\failureaccess-1.0.1.jar;C:\Users\testinium\.m2\repository\com\google\guava\listenablefuture\9999.0-empty-to-avoid-conflict-with-guava\listenablefuture-9999.0-empty-to-avoid-conflict-with-guava.jar;C:\Users\testinium\.m2\repository\com\google\code\findbugs\jsr305\3.0.2\jsr305-3.0.2.jar;C:\Users\testinium\.m2\repository\org\checkerframework\checker-qual\3.12.0\checker-qual-3.12.0.jar;C:\Users\testinium\.m2\repository\com\google\errorprone\error_prone_annotations\2.7.1\error_prone_annotations-2.7.1.jar;C:\Users\testinium\.m2\repository\com\google\j2objc\j2objc-annotations\1.3\j2objc-annotations-1.3.jar;C:\Users\testinium\.m2\repository\io\grpc\grpc-netty-shaded\1.41.2\grpc-netty-shaded-1.41.2.jar;C:\Users\testinium\.m2\repository\io\perfmark\perfmark-api\0.23.0\perfmark-api-0.23.0.jar;C:\Users\testinium\.m2\repository\io\grpc\grpc-core\1.41.2\grpc-core-1.41.2.jar;C:\Users\testinium\.m2\repository\com\google\android\annotations\4.1.1.4\annotations-4.1.1.4.jar;C:\Users\testinium\.m2\repository\org\codehaus\mojo\animal-sniffer-annotations\1.19\animal-sniffer-annotations-1.19.jar;C:\Users\testinium\.m2\repository\io\grpc\grpc-protobuf\1.41.2\grpc-protobuf-1.41.2.jar;C:\Users\testinium\.m2\repository\io\grpc\grpc-api\1.41.2\grpc-api-1.41.2.jar;C:\Users\testinium\.m2\repository\io\grpc\grpc-context\1.41.2\grpc-context-1.41.2.jar;C:\Users\testinium\.m2\repository\com\google\api\grpc\proto-google-common-protos\2.0.1\proto-google-common-protos-2.0.1.jar;C:\Users\testinium\.m2\repository\io\grpc\grpc-protobuf-lite\1.41.2\grpc-protobuf-lite-1.41.2.jar;C:\Users\testinium\.m2\repository\io\grpc\grpc-stub\1.41.2\grpc-stub-1.41.2.jar;C:\Users\testinium\.m2\repository\javax\annotation\javax.annotation-api\1.3.2\javax.annotation-api-1.3.2.jar;C:\Users\testinium\.m2\repository\org\assertj\assertj-core\3.10.0\assertj-core-3.10.0.jar;C:\Users\testinium\.m2\repository\org\seleniumhq\selenium\selenium-java\3.12.0\selenium-java-3.12.0.jar;C:\Users\testinium\.m2\repository\org\seleniumhq\selenium\selenium-api\3.12.0\selenium-api-3.12.0.jar;C:\Users\testinium\.m2\repository\org\seleniumhq\selenium\selenium-chrome-driver\3.12.0\selenium-chrome-driver-3.12.0.jar;C:\Users\testinium\.m2\repository\org\seleniumhq\selenium\selenium-edge-driver\3.12.0\selenium-edge-driver-3.12.0.jar;C:\Users\testinium\.m2\repository\org\seleniumhq\selenium\selenium-firefox-driver\3.12.0\selenium-firefox-driver-3.12.0.jar;C:\Users\testinium\.m2\repository\org\seleniumhq\selenium\selenium-ie-driver\3.12.0\selenium-ie-driver-3.12.0.jar;C:\Users\testinium\.m2\repository\org\seleniumhq\selenium\selenium-opera-driver\3.12.0\selenium-opera-driver-3.12.0.jar;C:\Users\testinium\.m2\repository\org\seleniumhq\selenium\selenium-remote-driver\3.12.0\selenium-remote-driver-3.12.0.jar;C:\Users\testinium\.m2\repository\org\seleniumhq\selenium\selenium-safari-driver\3.12.0\selenium-safari-driver-3.12.0.jar;C:\Users\testinium\.m2\repository\org\seleniumhq\selenium\selenium-support\3.12.0\selenium-support-3.12.0.jar;C:\Users\testinium\.m2\repository\net\bytebuddy\byte-buddy\1.8.3\byte-buddy-1.8.3.jar;C:\Users\testinium\.m2\repository\org\apache\commons\commons-exec\1.3\commons-exec-1.3.jar;C:\Users\testinium\.m2\repository\commons-codec\commons-codec\1.10\commons-codec-1.10.jar;C:\Users\testinium\.m2\repository\commons-logging\commons-logging\1.2\commons-logging-1.2.jar;C:\Users\testinium\.m2\repository\com\google\code\gson\gson\2.8.2\gson-2.8.2.jar;C:\Users\testinium\.m2\repository\org\apache\httpcomponents\httpclient\4.5.3\httpclient-4.5.3.jar;C:\Users\testinium\.m2\repository\org\apache\httpcomponents\httpcore\4.4.6\httpcore-4.4.6.jar;C:\Users\testinium\.m2\repository\com\squareup\okhttp3\okhttp\3.9.1\okhttp-3.9.1.jar;C:\Users\testinium\.m2\repository\com\squareup\okio\okio\1.13.0\okio-1.13.0.jar;C:\Users\testinium\.m2\repository\io\github\bonigarcia\webdrivermanager\3.7.1\webdrivermanager-3.7.1.jar;C:\Users\testinium\.m2\repository\org\slf4j\slf4j-api\1.7.25\slf4j-api-1.7.25.jar;C:\Users\testinium\.m2\repository\org\apache\commons\commons-lang3\3.8.1\commons-lang3-3.8.1.jar;C:\Users\testinium\.m2\repository\org\rauschig\jarchivelib\1.0.0\jarchivelib-1.0.0.jar;C:\Users\testinium\.m2\repository\org\apache\commons\commons-compress\1.18\commons-compress-1.18.jar;C:\Users\testinium\.m2\repository\org\jsoup\jsoup\1.11.3\jsoup-1.11.3.jar;C:\Users\testinium\.m2\repository\org\reflections\reflections\0.9.10\reflections-0.9.10.jar;C:\Users\testinium\.m2\repository\org\javassist\javassist\3.19.0-GA\javassist-3.19.0-GA.jar;C:\Users\testinium\.m2\repository\com\google\code\findbugs\annotations\2.0.1\annotations-2.0.1.jar;C:\Users\testinium\.m2\repository\io\appium\java-client\7.0.0\java-client-7.0.0.jar;C:\Users\testinium\.m2\repository\cglib\cglib\3.2.8\cglib-3.2.8.jar;C:\Users\testinium\.m2\repository\org\ow2\asm\asm\6.2.1\asm-6.2.1.jar;C:\Users\testinium\.m2\repository\org\apache\ant\ant\1.10.3\ant-1.10.3.jar;C:\Users\testinium\.m2\repository\org\apache\ant\ant-launcher\1.10.3\ant-launcher-1.10.3.jar;C:\Users\testinium\.m2\repository\commons-validator\commons-validator\1.6\commons-validator-1.6.jar;C:\Users\testinium\.m2\repository\commons-beanutils\commons-beanutils\1.9.2\commons-beanutils-1.9.2.jar;C:\Users\testinium\.m2\repository\commons-digester\commons-digester\1.8.1\commons-digester-1.8.1.jar;C:\Users\testinium\.m2\repository\commons-collections\commons-collections\3.2.2\commons-collections-3.2.2.jar;C:\Users\testinium\.m2\repository\org\springframework\spring-context\5.1.0.RELEASE\spring-context-5.1.0.RELEASE.jar;C:\Users\testinium\.m2\repository\org\springframework\spring-aop\5.1.0.RELEASE\spring-aop-5.1.0.RELEASE.jar;C:\Users\testinium\.m2\repository\org\springframework\spring-beans\5.1.0.RELEASE\spring-beans-5.1.0.RELEASE.jar;C:\Users\testinium\.m2\repository\org\springframework\spring-core\5.1.0.RELEASE\spring-core-5.1.0.RELEASE.jar;C:\Users\testinium\.m2\repository\org\springframework\spring-jcl\5.1.0.RELEASE\spring-jcl-5.1.0.RELEASE.jar;C:\Users\testinium\.m2\repository\org\springframework\spring-expression\5.1.0.RELEASE\spring-expression-5.1.0.RELEASE.jar;C:\Users\testinium\.m2\repository\org\aspectj\aspectjweaver\1.9.1\aspectjweaver-1.9.1.jar;C:\Users\testinium\.m2\repository\org\apache\logging\log4j\log4j-core\2.17.1\log4j-core-2.17.1.jar;C:\Users\testinium\.m2\repository\org\apache\logging\log4j\log4j-api\2.17.1\log4j-api-2.17.1.jar;C:\Users\testinium\.m2\repository\org\junit\jupiter\junit-jupiter-engine\5.1.0\junit-jupiter-engine-5.1.0.jar;C:\Users\testinium\.m2\repository\org\apiguardian\apiguardian-api\1.0.0\apiguardian-api-1.0.0.jar;C:\Users\testinium\.m2\repository\org\junit\platform\junit-platform-engine\1.1.0\junit-platform-engine-1.1.0.jar;C:\Users\testinium\.m2\repository\org\junit\platform\junit-platform-commons\1.1.0\junit-platform-commons-1.1.0.jar;C:\Users\testinium\.m2\repository\org\opentest4j\opentest4j\1.0.0\opentest4j-1.0.0.jar;C:\Users\testinium\.m2\repository\org\junit\jupiter\junit-jupiter-api\5.1.0\junit-jupiter-api-5.1.0.jar;C:\Users\testinium\.m2\repository\junit\junit\4.13.2\junit-4.13.2.jar;C:\Users\testinium\.m2\repository\org\hamcrest\hamcrest-core\1.3\hamcrest-core-1.3.jar
18-04-2023 15:51:45.631 [java] [DEBUG] found java executable in C:\Program Files\Java\jdk1.8.0_361\jre\bin\java.exe
18-04-2023 15:51:45.633 [java] [DEBUG] running - C:\Program Files\Java\jdk1.8.0_361\jre\bin\java.exe [-Dfile.encoding=UTF-8 com.thoughtworks.gauge.GaugeRuntime --start]
18-04-2023 15:51:45.634 [java] [DEBUG] stdout/stderr is logged to logs\4048-java.exe.out
18-04-2023 15:51:46.490 [java] [DEBUG] multithreading is set to false
18-04-2023 15:51:47.963 [java] [DEBUG] Using reflection to scan dependencies for gauge implementations...
18-04-2023 15:51:48.272 [java] [ERROR] SLF4J: Failed to load class "org.slf4j.impl.StaticLoggerBinder".
18-04-2023 15:51:48.277 [java] [ERROR] SLF4J: Defaulting to no-operation (NOP) logger implementation
18-04-2023 15:51:48.277 [java] [ERROR] SLF4J: See http://www.slf4j.org/codes.html#StaticLoggerBinder for further details.
18-04-2023 15:51:50.813 [java] [DEBUG] gauge-java took 4317milliseconds to load and scan. This should be less than 'runner_connection_timeout' config value.
18-04-2023 15:51:50.815 [java] [DEBUG] run 'gauge config runner_connection_timeout' and verify that it is < 4317
18-04-2023 15:51:50.815 [java] [DEBUG] starting gRPC server...
18-04-2023 15:51:52.481 [java] [DEBUG] started gRPC server on port 61435
18-04-2023 15:51:52.580 [Gauge] [DEBUG] Attempting to connect to grpc server at port: 61435
18-04-2023 15:51:53.284 [Gauge] [DEBUG] Successfully made the connection with runner with port: 61435
18-04-2023 15:51:53.284 [Gauge] [DEBUG] Validation started.
18-04-2023 15:53:12.327 [Gauge] [DEBUG] Created gauge_screenshots_dir at C:\Users\testinium\IdeaProjects\HepsiburadaAppiumOdev\.gauge\screenshots
18-04-2023 15:53:12.343 [Gauge] [DEBUG] Plugin java is already installed.
18-04-2023 15:53:12.347 [Gauge] [DEBUG] Plugin html-report is already installed.
18-04-2023 15:53:12.349 [Gauge] [DEBUG] Parsing started.
18-04-2023 15:53:12.350 [Gauge] [DEBUG] Started concepts parsing.
18-04-2023 15:53:12.420 [Gauge] [ERROR] Concept parse failure: C:\Users\testinium\IdeaProjects\HepsiburadaAppiumOdev\specs\Concepts\Register.cpt C:\Users\testinium\IdeaProjects\HepsiburadaAppiumOdev\specs\Concepts\Register.cpt:4 Scenario Heading is not allowed in concept file => '# Hesabim Buton Kontrol'
18-04-2023 15:53:12.420 [Gauge] [ERROR] Concept parse failure: C:\Users\testinium\IdeaProjects\HepsiburadaAppiumOdev\specs\Concepts\Register.cpt C:\Users\testinium\IdeaProjects\HepsiburadaAppiumOdev\specs\Concepts\Register.cpt:6 Step is not defined inside a concept heading => '"com.pozitron.hepsiburada:id/account_menu_button" li elementin oldugu kontrol edilir'
18-04-2023 15:53:12.420 [Gauge] [ERROR] [ParseError] C:\Users\testinium\IdeaProjects\HepsiburadaAppiumOdev\specs\Concepts\Register.cpt:4 Scenario Heading is not allowed in concept file => '# Hesabim Buton Kontrol'
18-04-2023 15:53:12.420 [Gauge] [ERROR] [ParseError] C:\Users\testinium\IdeaProjects\HepsiburadaAppiumOdev\specs\Concepts\Register.cpt:6 Step is not defined inside a concept heading => '"com.pozitron.hepsiburada:id/account_menu_button" li elementin oldugu kontrol edilir'
18-04-2023 15:53:12.420 [Gauge] [DEBUG] 0 concepts parsing completed.
18-04-2023 15:53:12.422 [Gauge] [DEBUG] Started specifications parsing.
18-04-2023 15:53:12.424 [Gauge] [DEBUG] 1 specifications parsing completed.
18-04-2023 15:53:12.425 [Gauge] [DEBUG] Parsing completed.
18-04-2023 15:53:12.565 [java] [DEBUG] ***** Printing Properties/Env Values *****
18-04-2023 15:53:12.565 [java] [DEBUG] PATH: C:\Program Files\Common Files\Oracle\Java\javapath;C:\Program Files\Java\jdk1.8.0_361\jre\bin;C:\WINDOWS\system32;C:\WINDOWS;C:\WINDOWS\System32\Wbem;C:\WINDOWS\System32\WindowsPowerShell\v1.0\;C:\WINDOWS\System32\OpenSSH\;C:\Program Files\apache-maven-3.9.1\bin;C:\Program Files\Gauge\bin;C:\Program Files\Git\cmd;C:\Program Files\nodejs\;C:\Program Files (x86)\Micro Focus\Unified Functional Testing\bin;C:\Users\testinium\AppData\Local\Microsoft\WindowsApps;;C:\Program Files\JetBrains\IntelliJ IDEA Community Edition 2022.3.3\bin;;C:\Users\testinium\AppData\Roaming\npm;C:\Users\testinium\AppData\Roaming\gauge\plugins\screenshot\0.1.0
18-04-2023 15:53:12.565 [java] [DEBUG] JAVA_HOME: C:\Program Files\Java\jdk1.8.0_361
18-04-2023 15:53:12.566 [java] [DEBUG] gauge_project_root: C:\Users\testinium\IdeaProjects\HepsiburadaAppiumOdev
18-04-2023 15:53:12.566 [java] [DEBUG] gauge_parallel_streams_count: 8
18-04-2023 15:53:12.566 [java] [DEBUG] gauge_reports_dir: reports
18-04-2023 15:53:12.566 [java] [DEBUG] overwrite_reports: true
18-04-2023 15:53:12.566 [java] [DEBUG] logs_directory: logs
18-04-2023 15:53:12.566 [java] [DEBUG] enable_multithreading: false
18-04-2023 15:53:12.566 [java] [DEBUG] gauge_specs_dir: specs
18-04-2023 15:53:12.566 [java] [DEBUG] csv_delimiter: ,
18-04-2023 15:53:12.566 [java] [DEBUG] gauge_java_home: 
18-04-2023 15:53:12.566 [java] [DEBUG] gauge_custom_build_path: 
18-04-2023 15:53:12.566 [java] [DEBUG] gauge_additional_libs: libs/*
18-04-2023 15:53:12.566 [java] [DEBUG] gauge_jvm_args: 
18-04-2023 15:53:12.566 [java] [DEBUG] gauge_custom_compile_dir: 
18-04-2023 15:53:12.566 [java] [DEBUG] gauge_clear_state_level: scenario
18-04-2023 15:53:12.566 [java] [DEBUG] ***** END *****
18-04-2023 15:53:13.182 [Gauge] [DEBUG] Checking updates...
18-04-2023 15:53:13.188 [Gauge] [DEBUG] Downloading https://downloads.gauge.org/plugin/flash?l=java&p=flash,html-report,java,json-report,screenshot,spectacle,xml-report&o=windows&a=amd64
18-04-2023 15:53:13.473 [Gauge] [DEBUG] Downloading https://downloads.gauge.org/plugin/html-report?l=java&p=flash,html-report,java,json-report,screenshot,spectacle,xml-report&o=windows&a=amd64
18-04-2023 15:53:14.227 [Gauge] [DEBUG] Downloading https://downloads.gauge.org/plugin/java?l=java&p=flash,html-report,java,json-report,screenshot,spectacle,xml-report&o=windows&a=amd64
18-04-2023 15:53:14.418 [Gauge] [DEBUG] Downloading https://downloads.gauge.org/plugin/json-report?l=java&p=flash,html-report,java,json-report,screenshot,spectacle,xml-report&o=windows&a=amd64
18-04-2023 15:53:14.533 [Gauge] [DEBUG] Downloading https://downloads.gauge.org/plugin/screenshot?l=java&p=flash,html-report,java,json-report,screenshot,spectacle,xml-report&o=windows&a=amd64
18-04-2023 15:53:14.613 [Gauge] [DEBUG] Downloading https://downloads.gauge.org/plugin/spectacle?l=java&p=flash,html-report,java,json-report,screenshot,spectacle,xml-report&o=windows&a=amd64
18-04-2023 15:53:14.766 [Gauge] [DEBUG] Downloading https://downloads.gauge.org/plugin/xml-report?l=java&p=flash,html-report,java,json-report,screenshot,spectacle,xml-report&o=windows&a=amd64
18-04-2023 15:53:30.430 [java] [DEBUG] classpath set to C:\Users\testinium\.jdks\corretto-11.0.18!\java.base;C:\Users\testinium\.jdks\corretto-11.0.18!\java.compiler;C:\Users\testinium\.jdks\corretto-11.0.18!\java.datatransfer;C:\Users\testinium\.jdks\corretto-11.0.18!\java.desktop;C:\Users\testinium\.jdks\corretto-11.0.18!\java.instrument;C:\Users\testinium\.jdks\corretto-11.0.18!\java.logging;C:\Users\testinium\.jdks\corretto-11.0.18!\java.management;C:\Users\testinium\.jdks\corretto-11.0.18!\java.management.rmi;C:\Users\testinium\.jdks\corretto-11.0.18!\java.naming;C:\Users\testinium\.jdks\corretto-11.0.18!\java.net.http;C:\Users\testinium\.jdks\corretto-11.0.18!\java.prefs;C:\Users\testinium\.jdks\corretto-11.0.18!\java.rmi;C:\Users\testinium\.jdks\corretto-11.0.18!\java.scripting;C:\Users\testinium\.jdks\corretto-11.0.18!\java.se;C:\Users\testinium\.jdks\corretto-11.0.18!\java.security.jgss;C:\Users\testinium\.jdks\corretto-11.0.18!\java.security.sasl;C:\Users\testinium\.jdks\corretto-11.0.18!\java.smartcardio;C:\Users\testinium\.jdks\corretto-11.0.18!\java.sql;C:\Users\testinium\.jdks\corretto-11.0.18!\java.sql.rowset;C:\Users\testinium\.jdks\corretto-11.0.18!\java.transaction.xa;C:\Users\testinium\.jdks\corretto-11.0.18!\java.xml;C:\Users\testinium\.jdks\corretto-11.0.18!\java.xml.crypto;C:\Users\testinium\.jdks\corretto-11.0.18!\jdk.accessibility;C:\Users\testinium\.jdks\corretto-11.0.18!\jdk.aot;C:\Users\testinium\.jdks\corretto-11.0.18!\jdk.attach;C:\Users\testinium\.jdks\corretto-11.0.18!\jdk.charsets;C:\Users\testinium\.jdks\corretto-11.0.18!\jdk.compiler;C:\Users\testinium\.jdks\corretto-11.0.18!\jdk.crypto.cryptoki;C:\Users\testinium\.jdks\corretto-11.0.18!\jdk.crypto.ec;C:\Users\testinium\.jdks\corretto-11.0.18!\jdk.crypto.mscapi;C:\Users\testinium\.jdks\corretto-11.0.18!\jdk.dynalink;C:\Users\testinium\.jdks\corretto-11.0.18!\jdk.editpad;C:\Users\testinium\.jdks\corretto-11.0.18!\jdk.hotspot.agent;C:\Users\testinium\.jdks\corretto-11.0.18!\jdk.httpserver;C:\Users\testinium\.jdks\corretto-11.0.18!\jdk.internal.ed;C:\Users\testinium\.jdks\corretto-11.0.18!\jdk.internal.jvmstat;C:\Users\testinium\.jdks\corretto-11.0.18!\jdk.internal.le;C:\Users\testinium\.jdks\corretto-11.0.18!\jdk.internal.opt;C:\Users\testinium\.jdks\corretto-11.0.18!\jdk.internal.vm.ci;C:\Users\testinium\.jdks\corretto-11.0.18!\jdk.internal.vm.compiler;C:\Users\testinium\.jdks\corretto-11.0.18!\jdk.internal.vm.compiler.management;C:\Users\testinium\.jdks\corretto-11.0.18!\jdk.jartool;C:\Users\testinium\.jdks\corretto-11.0.18!\jdk.javadoc;C:\Users\testinium\.jdks\corretto-11.0.18!\jdk.jcmd;C:\Users\testinium\.jdks\corretto-11.0.18!\jdk.jconsole;C:\Users\testinium\.jdks\corretto-11.0.18!\jdk.jdeps;C:\Users\testinium\.jdks\corretto-11.0.18!\jdk.jdi;C:\Users\testinium\.jdks\corretto-11.0.18!\jdk.jdwp.agent;C:\Users\testinium\.jdks\corretto-11.0.18!\jdk.jfr;C:\Users\testinium\.jdks\corretto-11.0.18!\jdk.jlink;C:\Users\testinium\.jdks\corretto-11.0.18!\jdk.jshell;C:\Users\testinium\.jdks\corretto-11.0.18!\jdk.jsobject;C:\Users\testinium\.jdks\corretto-11.0.18!\jdk.jstatd;C:\Users\testinium\.jdks\corretto-11.0.18!\jdk.localedata;C:\Users\testinium\.jdks\corretto-11.0.18!\jdk.management;C:\Users\testinium\.jdks\corretto-11.0.18!\jdk.management.agent;C:\Users\testinium\.jdks\corretto-11.0.18!\jdk.management.jfr;C:\Users\testinium\.jdks\corretto-11.0.18!\jdk.naming.dns;C:\Users\testinium\.jdks\corretto-11.0.18!\jdk.naming.ldap;C:\Users\testinium\.jdks\corretto-11.0.18!\jdk.naming.rmi;C:\Users\testinium\.jdks\corretto-11.0.18!\jdk.net;C:\Users\testinium\.jdks\corretto-11.0.18!\jdk.pack;C:\Users\testinium\.jdks\corretto-11.0.18!\jdk.rmic;C:\Users\testinium\.jdks\corretto-11.0.18!\jdk.scripting.nashorn;C:\Users\testinium\.jdks\corretto-11.0.18!\jdk.scripting.nashorn.shell;C:\Users\testinium\.jdks\corretto-11.0.18!\jdk.sctp;C:\Users\testinium\.jdks\corretto-11.0.18!\jdk.security.auth;C:\Users\testinium\.jdks\corretto-11.0.18!\jdk.security.jgss;C:\Users\testinium\.jdks\corretto-11.0.18!\jdk.unsupported;C:\Users\testinium\.jdks\corretto-11.0.18!\jdk.unsupported.desktop;C:\Users\testinium\.jdks\corretto-11.0.18!\jdk.xml.dom;C:\Users\testinium\.jdks\corretto-11.0.18!\jdk.zipfs;C:\Users\testinium\IdeaProjects\HepsiburadaAppiumOdev\target\test-classes;C:\Users\testinium\.m2\repository\com\thoughtworks\gauge\gauge-java\0.9.1\gauge-java-0.9.1.jar;C:\Users\testinium\.m2\repository\com\github\javaparser\javaparser-core\3.16.3\javaparser-core-3.16.3.jar;C:\Users\testinium\.m2\repository\commons-io\commons-io\2.11.0\commons-io-2.11.0.jar;C:\Users\testinium\.m2\repository\commons-lang\commons-lang\2.6\commons-lang-2.6.jar;C:\Users\testinium\.m2\repository\org\json\json\20220320\json-20220320.jar;C:\Users\testinium\.m2\repository\com\google\protobuf\protobuf-java\3.19.4\protobuf-java-3.19.4.jar;C:\Users\testinium\.m2\repository\com\google\guava\guava\31.0.1-jre\guava-31.0.1-jre.jar;C:\Users\testinium\.m2\repository\com\google\guava\failureaccess\1.0.1\failureaccess-1.0.1.jar;C:\Users\testinium\.m2\repository\com\google\guava\listenablefuture\9999.0-empty-to-avoid-conflict-with-guava\listenablefuture-9999.0-empty-to-avoid-conflict-with-guava.jar;C:\Users\testinium\.m2\repository\com\google\code\findbugs\jsr305\3.0.2\jsr305-3.0.2.jar;C:\Users\testinium\.m2\repository\org\checkerframework\checker-qual\3.12.0\checker-qual-3.12.0.jar;C:\Users\testinium\.m2\repository\com\google\errorprone\error_prone_annotations\2.7.1\error_prone_annotations-2.7.1.jar;C:\Users\testinium\.m2\repository\com\google\j2objc\j2objc-annotations\1.3\j2objc-annotations-1.3.jar;C:\Users\testinium\.m2\repository\io\grpc\grpc-netty-shaded\1.41.2\grpc-netty-shaded-1.41.2.jar;C:\Users\testinium\.m2\repository\io\perfmark\perfmark-api\0.23.0\perfmark-api-0.23.0.jar;C:\Users\testinium\.m2\repository\io\grpc\grpc-core\1.41.2\grpc-core-1.41.2.jar;C:\Users\testinium\.m2\repository\com\google\android\annotations\4.1.1.4\annotations-4.1.1.4.jar;C:\Users\testinium\.m2\repository\org\codehaus\mojo\animal-sniffer-annotations\1.19\animal-sniffer-annotations-1.19.jar;C:\Users\testinium\.m2\repository\io\grpc\grpc-protobuf\1.41.2\grpc-protobuf-1.41.2.jar;C:\Users\testinium\.m2\repository\io\grpc\grpc-api\1.41.2\grpc-api-1.41.2.jar;C:\Users\testinium\.m2\repository\io\grpc\grpc-context\1.41.2\grpc-context-1.41.2.jar;C:\Users\testinium\.m2\repository\com\google\api\grpc\proto-google-common-protos\2.0.1\proto-google-common-protos-2.0.1.jar;C:\Users\testinium\.m2\repository\io\grpc\grpc-protobuf-lite\1.41.2\grpc-protobuf-lite-1.41.2.jar;C:\Users\testinium\.m2\repository\io\grpc\grpc-stub\1.41.2\grpc-stub-1.41.2.jar;C:\Users\testinium\.m2\repository\javax\annotation\javax.annotation-api\1.3.2\javax.annotation-api-1.3.2.jar;C:\Users\testinium\.m2\repository\org\assertj\assertj-core\3.10.0\assertj-core-3.10.0.jar;C:\Users\testinium\.m2\repository\org\seleniumhq\selenium\selenium-java\3.12.0\selenium-java-3.12.0.jar;C:\Users\testinium\.m2\repository\org\seleniumhq\selenium\selenium-api\3.12.0\selenium-api-3.12.0.jar;C:\Users\testinium\.m2\repository\org\seleniumhq\selenium\selenium-chrome-driver\3.12.0\selenium-chrome-driver-3.12.0.jar;C:\Users\testinium\.m2\repository\org\seleniumhq\selenium\selenium-edge-driver\3.12.0\selenium-edge-driver-3.12.0.jar;C:\Users\testinium\.m2\repository\org\seleniumhq\selenium\selenium-firefox-driver\3.12.0\selenium-firefox-driver-3.12.0.jar;C:\Users\testinium\.m2\repository\org\seleniumhq\selenium\selenium-ie-driver\3.12.0\selenium-ie-driver-3.12.0.jar;C:\Users\testinium\.m2\repository\org\seleniumhq\selenium\selenium-opera-driver\3.12.0\selenium-opera-driver-3.12.0.jar;C:\Users\testinium\.m2\repository\org\seleniumhq\selenium\selenium-remote-driver\3.12.0\selenium-remote-driver-3.12.0.jar;C:\Users\testinium\.m2\repository\org\seleniumhq\selenium\selenium-safari-driver\3.12.0\selenium-safari-driver-3.12.0.jar;C:\Users\testinium\.m2\repository\org\seleniumhq\selenium\selenium-support\3.12.0\selenium-support-3.12.0.jar;C:\Users\testinium\.m2\repository\net\bytebuddy\byte-buddy\1.8.3\byte-buddy-1.8.3.jar;C:\Users\testinium\.m2\repository\org\apache\commons\commons-exec\1.3\commons-exec-1.3.jar;C:\Users\testinium\.m2\repository\commons-codec\commons-codec\1.10\commons-codec-1.10.jar;C:\Users\testinium\.m2\repository\commons-logging\commons-logging\1.2\commons-logging-1.2.jar;C:\Users\testinium\.m2\repository\com\google\code\gson\gson\2.8.2\gson-2.8.2.jar;C:\Users\testinium\.m2\repository\org\apache\httpcomponents\httpclient\4.5.3\httpclient-4.5.3.jar;C:\Users\testinium\.m2\repository\org\apache\httpcomponents\httpcore\4.4.6\httpcore-4.4.6.jar;C:\Users\testinium\.m2\repository\com\squareup\okhttp3\okhttp\3.9.1\okhttp-3.9.1.jar;C:\Users\testinium\.m2\repository\com\squareup\okio\okio\1.13.0\okio-1.13.0.jar;C:\Users\testinium\.m2\repository\io\github\bonigarcia\webdrivermanager\3.7.1\webdrivermanager-3.7.1.jar;C:\Users\testinium\.m2\repository\org\slf4j\slf4j-api\1.7.25\slf4j-api-1.7.25.jar;C:\Users\testinium\.m2\repository\org\apache\commons\commons-lang3\3.8.1\commons-lang3-3.8.1.jar;C:\Users\testinium\.m2\repository\org\rauschig\jarchivelib\1.0.0\jarchivelib-1.0.0.jar;C:\Users\testinium\.m2\repository\org\apache\commons\commons-compress\1.18\commons-compress-1.18.jar;C:\Users\testinium\.m2\repository\org\jsoup\jsoup\1.11.3\jsoup-1.11.3.jar;C:\Users\testinium\.m2\repository\org\reflections\reflections\0.9.10\reflections-0.9.10.jar;C:\Users\testinium\.m2\repository\org\javassist\javassist\3.19.0-GA\javassist-3.19.0-GA.jar;C:\Users\testinium\.m2\repository\com\google\code\findbugs\annotations\2.0.1\annotations-2.0.1.jar;C:\Users\testinium\.m2\repository\io\appium\java-client\7.0.0\java-client-7.0.0.jar;C:\Users\testinium\.m2\repository\cglib\cglib\3.2.8\cglib-3.2.8.jar;C:\Users\testinium\.m2\repository\org\ow2\asm\asm\6.2.1\asm-6.2.1.jar;C:\Users\testinium\.m2\repository\org\apache\ant\ant\1.10.3\ant-1.10.3.jar;C:\Users\testinium\.m2\repository\org\apache\ant\ant-launcher\1.10.3\ant-launcher-1.10.3.jar;C:\Users\testinium\.m2\repository\commons-validator\commons-validator\1.6\commons-validator-1.6.jar;C:\Users\testinium\.m2\repository\commons-beanutils\commons-beanutils\1.9.2\commons-beanutils-1.9.2.jar;C:\Users\testinium\.m2\repository\commons-digester\commons-digester\1.8.1\commons-digester-1.8.1.jar;C:\Users\testinium\.m2\repository\commons-collections\commons-collections\3.2.2\commons-collections-3.2.2.jar;C:\Users\testinium\.m2\repository\org\springframework\spring-context\5.1.0.RELEASE\spring-context-5.1.0.RELEASE.jar;C:\Users\testinium\.m2\repository\org\springframework\spring-aop\5.1.0.RELEASE\spring-aop-5.1.0.RELEASE.jar;C:\Users\testinium\.m2\repository\org\springframework\spring-beans\5.1.0.RELEASE\spring-beans-5.1.0.RELEASE.jar;C:\Users\testinium\.m2\repository\org\springframework\spring-core\5.1.0.RELEASE\spring-core-5.1.0.RELEASE.jar;C:\Users\testinium\.m2\repository\org\springframework\spring-jcl\5.1.0.RELEASE\spring-jcl-5.1.0.RELEASE.jar;C:\Users\testinium\.m2\repository\org\springframework\spring-expression\5.1.0.RELEASE\spring-expression-5.1.0.RELEASE.jar;C:\Users\testinium\.m2\repository\org\aspectj\aspectjweaver\1.9.1\aspectjweaver-1.9.1.jar;C:\Users\testinium\.m2\repository\org\apache\logging\log4j\log4j-core\2.17.1\log4j-core-2.17.1.jar;C:\Users\testinium\.m2\repository\org\apache\logging\log4j\log4j-api\2.17.1\log4j-api-2.17.1.jar;C:\Users\testinium\.m2\repository\org\junit\jupiter\junit-jupiter-engine\5.1.0\junit-jupiter-engine-5.1.0.jar;C:\Users\testinium\.m2\repository\org\apiguardian\apiguardian-api\1.0.0\apiguardian-api-1.0.0.jar;C:\Users\testinium\.m2\repository\org\junit\platform\junit-platform-engine\1.1.0\junit-platform-engine-1.1.0.jar;C:\Users\testinium\.m2\repository\org\junit\platform\junit-platform-commons\1.1.0\junit-platform-commons-1.1.0.jar;C:\Users\testinium\.m2\repository\org\opentest4j\opentest4j\1.0.0\opentest4j-1.0.0.jar;C:\Users\testinium\.m2\repository\org\junit\jupiter\junit-jupiter-api\5.1.0\junit-jupiter-api-5.1.0.jar;C:\Users\testinium\.m2\repository\junit\junit\4.13.2\junit-4.13.2.jar;C:\Users\testinium\.m2\repository\org\hamcrest\hamcrest-core\1.3\hamcrest-core-1.3.jar
18-04-2023 15:53:30.592 [java] [DEBUG] found java executable in C:\Program Files\Java\jdk1.8.0_361\jre\bin\java.exe
18-04-2023 15:53:30.592 [java] [DEBUG] running - C:\Program Files\Java\jdk1.8.0_361\jre\bin\java.exe [-Dfile.encoding=UTF-8 com.thoughtworks.gauge.GaugeRuntime --start]
18-04-2023 15:53:30.592 [java] [DEBUG] stdout/stderr is logged to logs\17164-java.exe.out
18-04-2023 15:53:31.580 [java] [DEBUG] multithreading is set to false
18-04-2023 15:53:33.040 [java] [DEBUG] Using reflection to scan dependencies for gauge implementations...
18-04-2023 15:53:33.394 [java] [ERROR] SLF4J: Failed to load class "org.slf4j.impl.StaticLoggerBinder".
18-04-2023 15:53:33.395 [java] [ERROR] SLF4J: Defaulting to no-operation (NOP) logger implementation
18-04-2023 15:53:33.398 [java] [ERROR] SLF4J: See http://www.slf4j.org/codes.html#StaticLoggerBinder for further details.
18-04-2023 15:53:37.702 [java] [DEBUG] gauge-java took 6122milliseconds to load and scan. This should be less than 'runner_connection_timeout' config value.
18-04-2023 15:53:37.719 [java] [DEBUG] run 'gauge config runner_connection_timeout' and verify that it is < 6122
18-04-2023 15:53:37.719 [java] [DEBUG] starting gRPC server...
18-04-2023 15:53:39.700 [java] [DEBUG] started gRPC server on port 49785
18-04-2023 15:53:39.733 [Gauge] [DEBUG] Attempting to connect to grpc server at port: 49785
18-04-2023 15:53:40.265 [Gauge] [DEBUG] Successfully made the connection with runner with port: 49785
18-04-2023 15:53:40.266 [Gauge] [DEBUG] Validation started.
18-04-2023 15:58:25.070 [Gauge] [DEBUG] Created gauge_screenshots_dir at C:\Users\testinium\IdeaProjects\HepsiburadaAppiumOdev\.gauge\screenshots
18-04-2023 15:58:25.081 [Gauge] [DEBUG] Plugin java is already installed.
18-04-2023 15:58:25.087 [Gauge] [DEBUG] Plugin html-report is already installed.
18-04-2023 15:58:25.092 [Gauge] [DEBUG] Parsing started.
18-04-2023 15:58:25.092 [Gauge] [DEBUG] Started concepts parsing.
18-04-2023 15:58:25.153 [Gauge] [ERROR] Concept parse failure: C:\Users\testinium\IdeaProjects\HepsiburadaAppiumOdev\specs\Concepts\Register.cpt C:\Users\testinium\IdeaProjects\HepsiburadaAppiumOdev\specs\Concepts\Register.cpt:4 Scenario Heading is not allowed in concept file => '# Hesabim Buton Kontrol'
18-04-2023 15:58:25.153 [Gauge] [ERROR] Concept parse failure: C:\Users\testinium\IdeaProjects\HepsiburadaAppiumOdev\specs\Concepts\Register.cpt C:\Users\testinium\IdeaProjects\HepsiburadaAppiumOdev\specs\Concepts\Register.cpt:8 Step is not defined inside a concept heading => '"com.pozitron.hepsiburada:id/account_menu_button" li elementin oldugu kontrol edilir'
18-04-2023 15:58:25.154 [Gauge] [ERROR] [ParseError] C:\Users\testinium\IdeaProjects\HepsiburadaAppiumOdev\specs\Concepts\Register.cpt:4 Scenario Heading is not allowed in concept file => '# Hesabim Buton Kontrol'
18-04-2023 15:58:25.154 [Gauge] [ERROR] [ParseError] C:\Users\testinium\IdeaProjects\HepsiburadaAppiumOdev\specs\Concepts\Register.cpt:8 Step is not defined inside a concept heading => '"com.pozitron.hepsiburada:id/account_menu_button" li elementin oldugu kontrol edilir'
18-04-2023 15:58:25.154 [Gauge] [DEBUG] 0 concepts parsing completed.
18-04-2023 15:58:25.156 [Gauge] [DEBUG] Started specifications parsing.
18-04-2023 15:58:25.167 [Gauge] [DEBUG] 1 specifications parsing completed.
18-04-2023 15:58:25.170 [Gauge] [DEBUG] Parsing completed.
18-04-2023 15:58:25.323 [java] [DEBUG] ***** Printing Properties/Env Values *****
18-04-2023 15:58:25.323 [java] [DEBUG] PATH: C:\Program Files\Common Files\Oracle\Java\javapath;C:\Program Files\Java\jdk1.8.0_361\jre\bin;C:\WINDOWS\system32;C:\WINDOWS;C:\WINDOWS\System32\Wbem;C:\WINDOWS\System32\WindowsPowerShell\v1.0\;C:\WINDOWS\System32\OpenSSH\;C:\Program Files\apache-maven-3.9.1\bin;C:\Program Files\Gauge\bin;C:\Program Files\Git\cmd;C:\Program Files\nodejs\;C:\Program Files (x86)\Micro Focus\Unified Functional Testing\bin;C:\Users\testinium\AppData\Local\Microsoft\WindowsApps;;C:\Program Files\JetBrains\IntelliJ IDEA Community Edition 2022.3.3\bin;;C:\Users\testinium\AppData\Roaming\npm;C:\Users\testinium\AppData\Roaming\gauge\plugins\screenshot\0.1.0
18-04-2023 15:58:25.324 [java] [DEBUG] JAVA_HOME: C:\Program Files\Java\jdk1.8.0_361
18-04-2023 15:58:25.324 [java] [DEBUG] gauge_project_root: C:\Users\testinium\IdeaProjects\HepsiburadaAppiumOdev
18-04-2023 15:58:25.324 [java] [DEBUG] gauge_parallel_streams_count: 8
18-04-2023 15:58:25.324 [java] [DEBUG] gauge_reports_dir: reports
18-04-2023 15:58:25.324 [java] [DEBUG] overwrite_reports: true
18-04-2023 15:58:25.324 [java] [DEBUG] logs_directory: logs
18-04-2023 15:58:25.324 [java] [DEBUG] enable_multithreading: false
18-04-2023 15:58:25.324 [java] [DEBUG] gauge_specs_dir: specs
18-04-2023 15:58:25.324 [java] [DEBUG] csv_delimiter: ,
18-04-2023 15:58:25.324 [java] [DEBUG] gauge_java_home: 
18-04-2023 15:58:25.324 [java] [DEBUG] gauge_custom_build_path: 
18-04-2023 15:58:25.324 [java] [DEBUG] gauge_additional_libs: libs/*
18-04-2023 15:58:25.325 [java] [DEBUG] gauge_jvm_args: 
18-04-2023 15:58:25.325 [java] [DEBUG] gauge_custom_compile_dir: 
18-04-2023 15:58:25.327 [java] [DEBUG] gauge_clear_state_level: scenario
18-04-2023 15:58:25.327 [java] [DEBUG] ***** END *****
18-04-2023 15:58:25.659 [Gauge] [DEBUG] Checking updates...
18-04-2023 15:58:25.670 [Gauge] [DEBUG] Downloading https://downloads.gauge.org/plugin/flash?l=java&p=flash,html-report,java,json-report,screenshot,spectacle,xml-report&o=windows&a=amd64
18-04-2023 15:58:25.960 [Gauge] [DEBUG] Downloading https://downloads.gauge.org/plugin/html-report?l=java&p=flash,html-report,java,json-report,screenshot,spectacle,xml-report&o=windows&a=amd64
18-04-2023 15:58:26.609 [Gauge] [DEBUG] Downloading https://downloads.gauge.org/plugin/java?l=java&p=flash,html-report,java,json-report,screenshot,spectacle,xml-report&o=windows&a=amd64
18-04-2023 15:58:27.087 [Gauge] [DEBUG] Downloading https://downloads.gauge.org/plugin/json-report?l=java&p=flash,html-report,java,json-report,screenshot,spectacle,xml-report&o=windows&a=amd64
18-04-2023 15:58:27.333 [Gauge] [DEBUG] Downloading https://downloads.gauge.org/plugin/screenshot?l=java&p=flash,html-report,java,json-report,screenshot,spectacle,xml-report&o=windows&a=amd64
18-04-2023 15:58:27.411 [Gauge] [DEBUG] Downloading https://downloads.gauge.org/plugin/spectacle?l=java&p=flash,html-report,java,json-report,screenshot,spectacle,xml-report&o=windows&a=amd64
18-04-2023 15:58:27.534 [Gauge] [DEBUG] Downloading https://downloads.gauge.org/plugin/xml-report?l=java&p=flash,html-report,java,json-report,screenshot,spectacle,xml-report&o=windows&a=amd64
18-04-2023 15:58:47.537 [java] [DEBUG] classpath set to C:\Users\testinium\.jdks\corretto-11.0.18!\java.base;C:\Users\testinium\.jdks\corretto-11.0.18!\java.compiler;C:\Users\testinium\.jdks\corretto-11.0.18!\java.datatransfer;C:\Users\testinium\.jdks\corretto-11.0.18!\java.desktop;C:\Users\testinium\.jdks\corretto-11.0.18!\java.instrument;C:\Users\testinium\.jdks\corretto-11.0.18!\java.logging;C:\Users\testinium\.jdks\corretto-11.0.18!\java.management;C:\Users\testinium\.jdks\corretto-11.0.18!\java.management.rmi;C:\Users\testinium\.jdks\corretto-11.0.18!\java.naming;C:\Users\testinium\.jdks\corretto-11.0.18!\java.net.http;C:\Users\testinium\.jdks\corretto-11.0.18!\java.prefs;C:\Users\testinium\.jdks\corretto-11.0.18!\java.rmi;C:\Users\testinium\.jdks\corretto-11.0.18!\java.scripting;C:\Users\testinium\.jdks\corretto-11.0.18!\java.se;C:\Users\testinium\.jdks\corretto-11.0.18!\java.security.jgss;C:\Users\testinium\.jdks\corretto-11.0.18!\java.security.sasl;C:\Users\testinium\.jdks\corretto-11.0.18!\java.smartcardio;C:\Users\testinium\.jdks\corretto-11.0.18!\java.sql;C:\Users\testinium\.jdks\corretto-11.0.18!\java.sql.rowset;C:\Users\testinium\.jdks\corretto-11.0.18!\java.transaction.xa;C:\Users\testinium\.jdks\corretto-11.0.18!\java.xml;C:\Users\testinium\.jdks\corretto-11.0.18!\java.xml.crypto;C:\Users\testinium\.jdks\corretto-11.0.18!\jdk.accessibility;C:\Users\testinium\.jdks\corretto-11.0.18!\jdk.aot;C:\Users\testinium\.jdks\corretto-11.0.18!\jdk.attach;C:\Users\testinium\.jdks\corretto-11.0.18!\jdk.charsets;C:\Users\testinium\.jdks\corretto-11.0.18!\jdk.compiler;C:\Users\testinium\.jdks\corretto-11.0.18!\jdk.crypto.cryptoki;C:\Users\testinium\.jdks\corretto-11.0.18!\jdk.crypto.ec;C:\Users\testinium\.jdks\corretto-11.0.18!\jdk.crypto.mscapi;C:\Users\testinium\.jdks\corretto-11.0.18!\jdk.dynalink;C:\Users\testinium\.jdks\corretto-11.0.18!\jdk.editpad;C:\Users\testinium\.jdks\corretto-11.0.18!\jdk.hotspot.agent;C:\Users\testinium\.jdks\corretto-11.0.18!\jdk.httpserver;C:\Users\testinium\.jdks\corretto-11.0.18!\jdk.internal.ed;C:\Users\testinium\.jdks\corretto-11.0.18!\jdk.internal.jvmstat;C:\Users\testinium\.jdks\corretto-11.0.18!\jdk.internal.le;C:\Users\testinium\.jdks\corretto-11.0.18!\jdk.internal.opt;C:\Users\testinium\.jdks\corretto-11.0.18!\jdk.internal.vm.ci;C:\Users\testinium\.jdks\corretto-11.0.18!\jdk.internal.vm.compiler;C:\Users\testinium\.jdks\corretto-11.0.18!\jdk.internal.vm.compiler.management;C:\Users\testinium\.jdks\corretto-11.0.18!\jdk.jartool;C:\Users\testinium\.jdks\corretto-11.0.18!\jdk.javadoc;C:\Users\testinium\.jdks\corretto-11.0.18!\jdk.jcmd;C:\Users\testinium\.jdks\corretto-11.0.18!\jdk.jconsole;C:\Users\testinium\.jdks\corretto-11.0.18!\jdk.jdeps;C:\Users\testinium\.jdks\corretto-11.0.18!\jdk.jdi;C:\Users\testinium\.jdks\corretto-11.0.18!\jdk.jdwp.agent;C:\Users\testinium\.jdks\corretto-11.0.18!\jdk.jfr;C:\Users\testinium\.jdks\corretto-11.0.18!\jdk.jlink;C:\Users\testinium\.jdks\corretto-11.0.18!\jdk.jshell;C:\Users\testinium\.jdks\corretto-11.0.18!\jdk.jsobject;C:\Users\testinium\.jdks\corretto-11.0.18!\jdk.jstatd;C:\Users\testinium\.jdks\corretto-11.0.18!\jdk.localedata;C:\Users\testinium\.jdks\corretto-11.0.18!\jdk.management;C:\Users\testinium\.jdks\corretto-11.0.18!\jdk.management.agent;C:\Users\testinium\.jdks\corretto-11.0.18!\jdk.management.jfr;C:\Users\testinium\.jdks\corretto-11.0.18!\jdk.naming.dns;C:\Users\testinium\.jdks\corretto-11.0.18!\jdk.naming.ldap;C:\Users\testinium\.jdks\corretto-11.0.18!\jdk.naming.rmi;C:\Users\testinium\.jdks\corretto-11.0.18!\jdk.net;C:\Users\testinium\.jdks\corretto-11.0.18!\jdk.pack;C:\Users\testinium\.jdks\corretto-11.0.18!\jdk.rmic;C:\Users\testinium\.jdks\corretto-11.0.18!\jdk.scripting.nashorn;C:\Users\testinium\.jdks\corretto-11.0.18!\jdk.scripting.nashorn.shell;C:\Users\testinium\.jdks\corretto-11.0.18!\jdk.sctp;C:\Users\testinium\.jdks\corretto-11.0.18!\jdk.security.auth;C:\Users\testinium\.jdks\corretto-11.0.18!\jdk.security.jgss;C:\Users\testinium\.jdks\corretto-11.0.18!\jdk.unsupported;C:\Users\testinium\.jdks\corretto-11.0.18!\jdk.unsupported.desktop;C:\Users\testinium\.jdks\corretto-11.0.18!\jdk.xml.dom;C:\Users\testinium\.jdks\corretto-11.0.18!\jdk.zipfs;C:\Users\testinium\IdeaProjects\HepsiburadaAppiumOdev\target\test-classes;C:\Users\testinium\.m2\repository\com\thoughtworks\gauge\gauge-java\0.9.1\gauge-java-0.9.1.jar;C:\Users\testinium\.m2\repository\com\github\javaparser\javaparser-core\3.16.3\javaparser-core-3.16.3.jar;C:\Users\testinium\.m2\repository\commons-io\commons-io\2.11.0\commons-io-2.11.0.jar;C:\Users\testinium\.m2\repository\commons-lang\commons-lang\2.6\commons-lang-2.6.jar;C:\Users\testinium\.m2\repository\org\json\json\20220320\json-20220320.jar;C:\Users\testinium\.m2\repository\com\google\protobuf\protobuf-java\3.19.4\protobuf-java-3.19.4.jar;C:\Users\testinium\.m2\repository\com\google\guava\guava\31.0.1-jre\guava-31.0.1-jre.jar;C:\Users\testinium\.m2\repository\com\google\guava\failureaccess\1.0.1\failureaccess-1.0.1.jar;C:\Users\testinium\.m2\repository\com\google\guava\listenablefuture\9999.0-empty-to-avoid-conflict-with-guava\listenablefuture-9999.0-empty-to-avoid-conflict-with-guava.jar;C:\Users\testinium\.m2\repository\com\google\code\findbugs\jsr305\3.0.2\jsr305-3.0.2.jar;C:\Users\testinium\.m2\repository\org\checkerframework\checker-qual\3.12.0\checker-qual-3.12.0.jar;C:\Users\testinium\.m2\repository\com\google\errorprone\error_prone_annotations\2.7.1\error_prone_annotations-2.7.1.jar;C:\Users\testinium\.m2\repository\com\google\j2objc\j2objc-annotations\1.3\j2objc-annotations-1.3.jar;C:\Users\testinium\.m2\repository\io\grpc\grpc-netty-shaded\1.41.2\grpc-netty-shaded-1.41.2.jar;C:\Users\testinium\.m2\repository\io\perfmark\perfmark-api\0.23.0\perfmark-api-0.23.0.jar;C:\Users\testinium\.m2\repository\io\grpc\grpc-core\1.41.2\grpc-core-1.41.2.jar;C:\Users\testinium\.m2\repository\com\google\android\annotations\4.1.1.4\annotations-4.1.1.4.jar;C:\Users\testinium\.m2\repository\org\codehaus\mojo\animal-sniffer-annotations\1.19\animal-sniffer-annotations-1.19.jar;C:\Users\testinium\.m2\repository\io\grpc\grpc-protobuf\1.41.2\grpc-protobuf-1.41.2.jar;C:\Users\testinium\.m2\repository\io\grpc\grpc-api\1.41.2\grpc-api-1.41.2.jar;C:\Users\testinium\.m2\repository\io\grpc\grpc-context\1.41.2\grpc-context-1.41.2.jar;C:\Users\testinium\.m2\repository\com\google\api\grpc\proto-google-common-protos\2.0.1\proto-google-common-protos-2.0.1.jar;C:\Users\testinium\.m2\repository\io\grpc\grpc-protobuf-lite\1.41.2\grpc-protobuf-lite-1.41.2.jar;C:\Users\testinium\.m2\repository\io\grpc\grpc-stub\1.41.2\grpc-stub-1.41.2.jar;C:\Users\testinium\.m2\repository\javax\annotation\javax.annotation-api\1.3.2\javax.annotation-api-1.3.2.jar;C:\Users\testinium\.m2\repository\org\assertj\assertj-core\3.10.0\assertj-core-3.10.0.jar;C:\Users\testinium\.m2\repository\org\seleniumhq\selenium\selenium-java\3.12.0\selenium-java-3.12.0.jar;C:\Users\testinium\.m2\repository\org\seleniumhq\selenium\selenium-api\3.12.0\selenium-api-3.12.0.jar;C:\Users\testinium\.m2\repository\org\seleniumhq\selenium\selenium-chrome-driver\3.12.0\selenium-chrome-driver-3.12.0.jar;C:\Users\testinium\.m2\repository\org\seleniumhq\selenium\selenium-edge-driver\3.12.0\selenium-edge-driver-3.12.0.jar;C:\Users\testinium\.m2\repository\org\seleniumhq\selenium\selenium-firefox-driver\3.12.0\selenium-firefox-driver-3.12.0.jar;C:\Users\testinium\.m2\repository\org\seleniumhq\selenium\selenium-ie-driver\3.12.0\selenium-ie-driver-3.12.0.jar;C:\Users\testinium\.m2\repository\org\seleniumhq\selenium\selenium-opera-driver\3.12.0\selenium-opera-driver-3.12.0.jar;C:\Users\testinium\.m2\repository\org\seleniumhq\selenium\selenium-remote-driver\3.12.0\selenium-remote-driver-3.12.0.jar;C:\Users\testinium\.m2\repository\org\seleniumhq\selenium\selenium-safari-driver\3.12.0\selenium-safari-driver-3.12.0.jar;C:\Users\testinium\.m2\repository\org\seleniumhq\selenium\selenium-support\3.12.0\selenium-support-3.12.0.jar;C:\Users\testinium\.m2\repository\net\bytebuddy\byte-buddy\1.8.3\byte-buddy-1.8.3.jar;C:\Users\testinium\.m2\repository\org\apache\commons\commons-exec\1.3\commons-exec-1.3.jar;C:\Users\testinium\.m2\repository\commons-codec\commons-codec\1.10\commons-codec-1.10.jar;C:\Users\testinium\.m2\repository\commons-logging\commons-logging\1.2\commons-logging-1.2.jar;C:\Users\testinium\.m2\repository\com\google\code\gson\gson\2.8.2\gson-2.8.2.jar;C:\Users\testinium\.m2\repository\org\apache\httpcomponents\httpclient\4.5.3\httpclient-4.5.3.jar;C:\Users\testinium\.m2\repository\org\apache\httpcomponents\httpcore\4.4.6\httpcore-4.4.6.jar;C:\Users\testinium\.m2\repository\com\squareup\okhttp3\okhttp\3.9.1\okhttp-3.9.1.jar;C:\Users\testinium\.m2\repository\com\squareup\okio\okio\1.13.0\okio-1.13.0.jar;C:\Users\testinium\.m2\repository\io\github\bonigarcia\webdrivermanager\3.7.1\webdrivermanager-3.7.1.jar;C:\Users\testinium\.m2\repository\org\slf4j\slf4j-api\1.7.25\slf4j-api-1.7.25.jar;C:\Users\testinium\.m2\repository\org\apache\commons\commons-lang3\3.8.1\commons-lang3-3.8.1.jar;C:\Users\testinium\.m2\repository\org\rauschig\jarchivelib\1.0.0\jarchivelib-1.0.0.jar;C:\Users\testinium\.m2\repository\org\apache\commons\commons-compress\1.18\commons-compress-1.18.jar;C:\Users\testinium\.m2\repository\org\jsoup\jsoup\1.11.3\jsoup-1.11.3.jar;C:\Users\testinium\.m2\repository\org\reflections\reflections\0.9.10\reflections-0.9.10.jar;C:\Users\testinium\.m2\repository\org\javassist\javassist\3.19.0-GA\javassist-3.19.0-GA.jar;C:\Users\testinium\.m2\repository\com\google\code\findbugs\annotations\2.0.1\annotations-2.0.1.jar;C:\Users\testinium\.m2\repository\io\appium\java-client\7.0.0\java-client-7.0.0.jar;C:\Users\testinium\.m2\repository\cglib\cglib\3.2.8\cglib-3.2.8.jar;C:\Users\testinium\.m2\repository\org\ow2\asm\asm\6.2.1\asm-6.2.1.jar;C:\Users\testinium\.m2\repository\org\apache\ant\ant\1.10.3\ant-1.10.3.jar;C:\Users\testinium\.m2\repository\org\apache\ant\ant-launcher\1.10.3\ant-launcher-1.10.3.jar;C:\Users\testinium\.m2\repository\commons-validator\commons-validator\1.6\commons-validator-1.6.jar;C:\Users\testinium\.m2\repository\commons-beanutils\commons-beanutils\1.9.2\commons-beanutils-1.9.2.jar;C:\Users\testinium\.m2\repository\commons-digester\commons-digester\1.8.1\commons-digester-1.8.1.jar;C:\Users\testinium\.m2\repository\commons-collections\commons-collections\3.2.2\commons-collections-3.2.2.jar;C:\Users\testinium\.m2\repository\org\springframework\spring-context\5.1.0.RELEASE\spring-context-5.1.0.RELEASE.jar;C:\Users\testinium\.m2\repository\org\springframework\spring-aop\5.1.0.RELEASE\spring-aop-5.1.0.RELEASE.jar;C:\Users\testinium\.m2\repository\org\springframework\spring-beans\5.1.0.RELEASE\spring-beans-5.1.0.RELEASE.jar;C:\Users\testinium\.m2\repository\org\springframework\spring-core\5.1.0.RELEASE\spring-core-5.1.0.RELEASE.jar;C:\Users\testinium\.m2\repository\org\springframework\spring-jcl\5.1.0.RELEASE\spring-jcl-5.1.0.RELEASE.jar;C:\Users\testinium\.m2\repository\org\springframework\spring-expression\5.1.0.RELEASE\spring-expression-5.1.0.RELEASE.jar;C:\Users\testinium\.m2\repository\org\aspectj\aspectjweaver\1.9.1\aspectjweaver-1.9.1.jar;C:\Users\testinium\.m2\repository\org\apache\logging\log4j\log4j-core\2.17.1\log4j-core-2.17.1.jar;C:\Users\testinium\.m2\repository\org\apache\logging\log4j\log4j-api\2.17.1\log4j-api-2.17.1.jar;C:\Users\testinium\.m2\repository\org\junit\jupiter\junit-jupiter-engine\5.1.0\junit-jupiter-engine-5.1.0.jar;C:\Users\testinium\.m2\repository\org\apiguardian\apiguardian-api\1.0.0\apiguardian-api-1.0.0.jar;C:\Users\testinium\.m2\repository\org\junit\platform\junit-platform-engine\1.1.0\junit-platform-engine-1.1.0.jar;C:\Users\testinium\.m2\repository\org\junit\platform\junit-platform-commons\1.1.0\junit-platform-commons-1.1.0.jar;C:\Users\testinium\.m2\repository\org\opentest4j\opentest4j\1.0.0\opentest4j-1.0.0.jar;C:\Users\testinium\.m2\repository\org\junit\jupiter\junit-jupiter-api\5.1.0\junit-jupiter-api-5.1.0.jar;C:\Users\testinium\.m2\repository\junit\junit\4.13.2\junit-4.13.2.jar;C:\Users\testinium\.m2\repository\org\hamcrest\hamcrest-core\1.3\hamcrest-core-1.3.jar
18-04-2023 15:58:47.885 [java] [DEBUG] found java executable in C:\Program Files\Java\jdk1.8.0_361\jre\bin\java.exe
18-04-2023 15:58:47.886 [java] [DEBUG] running - C:\Program Files\Java\jdk1.8.0_361\jre\bin\java.exe [-Dfile.encoding=UTF-8 com.thoughtworks.gauge.GaugeRuntime --start]
18-04-2023 15:58:47.886 [java] [DEBUG] stdout/stderr is logged to logs\4848-java.exe.out
18-04-2023 15:58:49.294 [java] [DEBUG] multithreading is set to false
18-04-2023 15:58:51.353 [java] [DEBUG] Using reflection to scan dependencies for gauge implementations...
18-04-2023 15:58:51.751 [java] [ERROR] SLF4J: Failed to load class "org.slf4j.impl.StaticLoggerBinder".
18-04-2023 15:58:51.752 [java] [ERROR] SLF4J: Defaulting to no-operation (NOP) logger implementation
18-04-2023 15:58:51.752 [java] [ERROR] SLF4J: See http://www.slf4j.org/codes.html#StaticLoggerBinder for further details.
18-04-2023 15:58:55.284 [Gauge] [CRITICAL] Failed to start gauge API: Timed out connecting to java
18-04-2023 16:05:20.838 [Gauge] [DEBUG] Created gauge_screenshots_dir at C:\Users\testinium\IdeaProjects\HepsiburadaAppiumOdev\.gauge\screenshots
18-04-2023 16:05:20.877 [Gauge] [DEBUG] Plugin java is already installed.
18-04-2023 16:05:20.891 [Gauge] [DEBUG] Plugin html-report is already installed.
18-04-2023 16:05:20.896 [Gauge] [DEBUG] Parsing started.
18-04-2023 16:05:20.897 [Gauge] [DEBUG] Started concepts parsing.
18-04-2023 16:05:21.043 [Gauge] [ERROR] Concept parse failure: C:\Users\testinium\IdeaProjects\HepsiburadaAppiumOdev\specs\Concepts\Register.cpt C:\Users\testinium\IdeaProjects\HepsiburadaAppiumOdev\specs\Concepts\Register.cpt:4 Scenario Heading is not allowed in concept file => '# Hesabim buton kontrol'
18-04-2023 16:05:21.043 [Gauge] [ERROR] Concept parse failure: C:\Users\testinium\IdeaProjects\HepsiburadaAppiumOdev\specs\Concepts\Register.cpt C:\Users\testinium\IdeaProjects\HepsiburadaAppiumOdev\specs\Concepts\Register.cpt:8 Step is not defined inside a concept heading => '"com.pozitron.hepsiburada:id/account_menu_button" li elementin oldugu kontrol edilir'
18-04-2023 16:05:21.043 [Gauge] [ERROR] [ParseError] C:\Users\testinium\IdeaProjects\HepsiburadaAppiumOdev\specs\Concepts\Register.cpt:4 Scenario Heading is not allowed in concept file => '# Hesabim buton kontrol'
18-04-2023 16:05:21.043 [Gauge] [ERROR] [ParseError] C:\Users\testinium\IdeaProjects\HepsiburadaAppiumOdev\specs\Concepts\Register.cpt:8 Step is not defined inside a concept heading => '"com.pozitron.hepsiburada:id/account_menu_button" li elementin oldugu kontrol edilir'
18-04-2023 16:05:21.043 [Gauge] [DEBUG] 0 concepts parsing completed.
18-04-2023 16:05:21.044 [Gauge] [DEBUG] Started specifications parsing.
18-04-2023 16:05:21.068 [Gauge] [DEBUG] 1 specifications parsing completed.
18-04-2023 16:05:21.071 [Gauge] [DEBUG] Parsing completed.
18-04-2023 16:05:21.279 [java] [DEBUG] ***** Printing Properties/Env Values *****
18-04-2023 16:05:21.279 [java] [DEBUG] PATH: C:\Program Files\Common Files\Oracle\Java\javapath;C:\Program Files\Java\jdk1.8.0_361\jre\bin;C:\WINDOWS\system32;C:\WINDOWS;C:\WINDOWS\System32\Wbem;C:\WINDOWS\System32\WindowsPowerShell\v1.0\;C:\WINDOWS\System32\OpenSSH\;C:\Program Files\apache-maven-3.9.1\bin;C:\Program Files\Gauge\bin;C:\Program Files\Git\cmd;C:\Program Files\nodejs\;C:\Program Files (x86)\Micro Focus\Unified Functional Testing\bin;C:\Users\testinium\AppData\Local\Microsoft\WindowsApps;;C:\Program Files\JetBrains\IntelliJ IDEA Community Edition 2022.3.3\bin;;C:\Users\testinium\AppData\Roaming\npm;C:\Users\testinium\AppData\Roaming\gauge\plugins\screenshot\0.1.0
18-04-2023 16:05:21.279 [java] [DEBUG] JAVA_HOME: C:\Program Files\Java\jdk1.8.0_361
18-04-2023 16:05:21.279 [java] [DEBUG] gauge_project_root: C:\Users\testinium\IdeaProjects\HepsiburadaAppiumOdev
18-04-2023 16:05:21.279 [java] [DEBUG] gauge_parallel_streams_count: 8
18-04-2023 16:05:21.279 [java] [DEBUG] gauge_reports_dir: reports
18-04-2023 16:05:21.280 [java] [DEBUG] overwrite_reports: true
18-04-2023 16:05:21.280 [java] [DEBUG] logs_directory: logs
18-04-2023 16:05:21.280 [java] [DEBUG] enable_multithreading: false
18-04-2023 16:05:21.280 [java] [DEBUG] gauge_specs_dir: specs
18-04-2023 16:05:21.280 [java] [DEBUG] csv_delimiter: ,
18-04-2023 16:05:21.280 [java] [DEBUG] gauge_java_home: 
18-04-2023 16:05:21.280 [java] [DEBUG] gauge_custom_build_path: 
18-04-2023 16:05:21.280 [java] [DEBUG] gauge_additional_libs: libs/*
18-04-2023 16:05:21.280 [java] [DEBUG] gauge_jvm_args: 
18-04-2023 16:05:21.280 [java] [DEBUG] gauge_custom_compile_dir: 
18-04-2023 16:05:21.280 [java] [DEBUG] gauge_clear_state_level: scenario
18-04-2023 16:05:21.280 [java] [DEBUG] ***** END *****
18-04-2023 16:05:21.695 [Gauge] [DEBUG] Checking updates...
18-04-2023 16:05:21.710 [Gauge] [DEBUG] Downloading https://downloads.gauge.org/plugin/flash?l=java&p=flash,html-report,java,json-report,screenshot,spectacle,xml-report&o=windows&a=amd64
18-04-2023 16:05:22.043 [Gauge] [DEBUG] Downloading https://downloads.gauge.org/plugin/html-report?l=java&p=flash,html-report,java,json-report,screenshot,spectacle,xml-report&o=windows&a=amd64
18-04-2023 16:05:22.624 [Gauge] [DEBUG] Downloading https://downloads.gauge.org/plugin/java?l=java&p=flash,html-report,java,json-report,screenshot,spectacle,xml-report&o=windows&a=amd64
18-04-2023 16:05:22.924 [Gauge] [DEBUG] Downloading https://downloads.gauge.org/plugin/json-report?l=java&p=flash,html-report,java,json-report,screenshot,spectacle,xml-report&o=windows&a=amd64
18-04-2023 16:05:23.210 [Gauge] [DEBUG] Downloading https://downloads.gauge.org/plugin/screenshot?l=java&p=flash,html-report,java,json-report,screenshot,spectacle,xml-report&o=windows&a=amd64
18-04-2023 16:05:23.312 [Gauge] [DEBUG] Downloading https://downloads.gauge.org/plugin/spectacle?l=java&p=flash,html-report,java,json-report,screenshot,spectacle,xml-report&o=windows&a=amd64
18-04-2023 16:05:23.764 [Gauge] [DEBUG] Downloading https://downloads.gauge.org/plugin/xml-report?l=java&p=flash,html-report,java,json-report,screenshot,spectacle,xml-report&o=windows&a=amd64
18-04-2023 16:09:41.632 [Gauge] [DEBUG] Created gauge_screenshots_dir at C:\Users\testinium\IdeaProjects\HepsiburadaAppiumOdev\.gauge\screenshots
18-04-2023 16:09:41.651 [Gauge] [DEBUG] Plugin java is already installed.
18-04-2023 16:09:41.656 [Gauge] [DEBUG] Plugin html-report is already installed.
18-04-2023 16:09:41.659 [Gauge] [DEBUG] Parsing started.
18-04-2023 16:09:41.660 [Gauge] [DEBUG] Started concepts parsing.
18-04-2023 16:09:41.730 [Gauge] [DEBUG] 1 concepts parsing completed.
18-04-2023 16:09:41.731 [Gauge] [DEBUG] Started specifications parsing.
18-04-2023 16:09:41.735 [Gauge] [DEBUG] 1 specifications parsing completed.
18-04-2023 16:09:41.741 [Gauge] [DEBUG] Parsing completed.
18-04-2023 16:09:41.903 [java] [DEBUG] ***** Printing Properties/Env Values *****
18-04-2023 16:09:41.904 [java] [DEBUG] PATH: C:\Program Files\Common Files\Oracle\Java\javapath;C:\Program Files\Java\jdk1.8.0_361\jre\bin;C:\WINDOWS\system32;C:\WINDOWS;C:\WINDOWS\System32\Wbem;C:\WINDOWS\System32\WindowsPowerShell\v1.0\;C:\WINDOWS\System32\OpenSSH\;C:\Program Files\apache-maven-3.9.1\bin;C:\Program Files\Gauge\bin;C:\Program Files\Git\cmd;C:\Program Files\nodejs\;C:\Program Files (x86)\Micro Focus\Unified Functional Testing\bin;C:\Users\testinium\AppData\Local\Microsoft\WindowsApps;;C:\Program Files\JetBrains\IntelliJ IDEA Community Edition 2022.3.3\bin;;C:\Users\testinium\AppData\Roaming\npm;C:\Users\testinium\AppData\Roaming\gauge\plugins\screenshot\0.1.0
18-04-2023 16:09:41.904 [java] [DEBUG] JAVA_HOME: C:\Program Files\Java\jdk1.8.0_361
18-04-2023 16:09:41.904 [java] [DEBUG] gauge_project_root: C:\Users\testinium\IdeaProjects\HepsiburadaAppiumOdev
18-04-2023 16:09:41.904 [java] [DEBUG] gauge_parallel_streams_count: 8
18-04-2023 16:09:41.904 [java] [DEBUG] gauge_reports_dir: reports
18-04-2023 16:09:41.904 [java] [DEBUG] overwrite_reports: true
18-04-2023 16:09:41.904 [java] [DEBUG] logs_directory: logs
18-04-2023 16:09:41.904 [java] [DEBUG] enable_multithreading: false
18-04-2023 16:09:41.904 [java] [DEBUG] gauge_specs_dir: specs
18-04-2023 16:09:41.904 [java] [DEBUG] csv_delimiter: ,
18-04-2023 16:09:41.904 [java] [DEBUG] gauge_java_home: 
18-04-2023 16:09:41.905 [java] [DEBUG] gauge_custom_build_path: 
18-04-2023 16:09:41.905 [java] [DEBUG] gauge_additional_libs: libs/*
18-04-2023 16:09:41.905 [java] [DEBUG] gauge_jvm_args: 
18-04-2023 16:09:41.905 [java] [DEBUG] gauge_custom_compile_dir: 
18-04-2023 16:09:41.905 [java] [DEBUG] gauge_clear_state_level: scenario
18-04-2023 16:09:41.905 [java] [DEBUG] ***** END *****
18-04-2023 16:09:42.275 [Gauge] [DEBUG] Checking updates...
18-04-2023 16:09:42.291 [Gauge] [DEBUG] Downloading https://downloads.gauge.org/plugin/flash?l=java&p=flash,html-report,java,json-report,screenshot,spectacle,xml-report&o=windows&a=amd64
18-04-2023 16:09:42.589 [Gauge] [DEBUG] Downloading https://downloads.gauge.org/plugin/html-report?l=java&p=flash,html-report,java,json-report,screenshot,spectacle,xml-report&o=windows&a=amd64
18-04-2023 16:09:43.161 [Gauge] [DEBUG] Downloading https://downloads.gauge.org/plugin/java?l=java&p=flash,html-report,java,json-report,screenshot,spectacle,xml-report&o=windows&a=amd64
18-04-2023 16:09:43.292 [Gauge] [DEBUG] Downloading https://downloads.gauge.org/plugin/json-report?l=java&p=flash,html-report,java,json-report,screenshot,spectacle,xml-report&o=windows&a=amd64
18-04-2023 16:09:43.433 [Gauge] [DEBUG] Downloading https://downloads.gauge.org/plugin/screenshot?l=java&p=flash,html-report,java,json-report,screenshot,spectacle,xml-report&o=windows&a=amd64
18-04-2023 16:09:43.510 [Gauge] [DEBUG] Downloading https://downloads.gauge.org/plugin/spectacle?l=java&p=flash,html-report,java,json-report,screenshot,spectacle,xml-report&o=windows&a=amd64
18-04-2023 16:09:43.609 [Gauge] [DEBUG] Downloading https://downloads.gauge.org/plugin/xml-report?l=java&p=flash,html-report,java,json-report,screenshot,spectacle,xml-report&o=windows&a=amd64
18-04-2023 16:09:59.752 [java] [DEBUG] classpath set to C:\Users\testinium\.jdks\corretto-11.0.18!\java.base;C:\Users\testinium\.jdks\corretto-11.0.18!\java.compiler;C:\Users\testinium\.jdks\corretto-11.0.18!\java.datatransfer;C:\Users\testinium\.jdks\corretto-11.0.18!\java.desktop;C:\Users\testinium\.jdks\corretto-11.0.18!\java.instrument;C:\Users\testinium\.jdks\corretto-11.0.18!\java.logging;C:\Users\testinium\.jdks\corretto-11.0.18!\java.management;C:\Users\testinium\.jdks\corretto-11.0.18!\java.management.rmi;C:\Users\testinium\.jdks\corretto-11.0.18!\java.naming;C:\Users\testinium\.jdks\corretto-11.0.18!\java.net.http;C:\Users\testinium\.jdks\corretto-11.0.18!\java.prefs;C:\Users\testinium\.jdks\corretto-11.0.18!\java.rmi;C:\Users\testinium\.jdks\corretto-11.0.18!\java.scripting;C:\Users\testinium\.jdks\corretto-11.0.18!\java.se;C:\Users\testinium\.jdks\corretto-11.0.18!\java.security.jgss;C:\Users\testinium\.jdks\corretto-11.0.18!\java.security.sasl;C:\Users\testinium\.jdks\corretto-11.0.18!\java.smartcardio;C:\Users\testinium\.jdks\corretto-11.0.18!\java.sql;C:\Users\testinium\.jdks\corretto-11.0.18!\java.sql.rowset;C:\Users\testinium\.jdks\corretto-11.0.18!\java.transaction.xa;C:\Users\testinium\.jdks\corretto-11.0.18!\java.xml;C:\Users\testinium\.jdks\corretto-11.0.18!\java.xml.crypto;C:\Users\testinium\.jdks\corretto-11.0.18!\jdk.accessibility;C:\Users\testinium\.jdks\corretto-11.0.18!\jdk.aot;C:\Users\testinium\.jdks\corretto-11.0.18!\jdk.attach;C:\Users\testinium\.jdks\corretto-11.0.18!\jdk.charsets;C:\Users\testinium\.jdks\corretto-11.0.18!\jdk.compiler;C:\Users\testinium\.jdks\corretto-11.0.18!\jdk.crypto.cryptoki;C:\Users\testinium\.jdks\corretto-11.0.18!\jdk.crypto.ec;C:\Users\testinium\.jdks\corretto-11.0.18!\jdk.crypto.mscapi;C:\Users\testinium\.jdks\corretto-11.0.18!\jdk.dynalink;C:\Users\testinium\.jdks\corretto-11.0.18!\jdk.editpad;C:\Users\testinium\.jdks\corretto-11.0.18!\jdk.hotspot.agent;C:\Users\testinium\.jdks\corretto-11.0.18!\jdk.httpserver;C:\Users\testinium\.jdks\corretto-11.0.18!\jdk.internal.ed;C:\Users\testinium\.jdks\corretto-11.0.18!\jdk.internal.jvmstat;C:\Users\testinium\.jdks\corretto-11.0.18!\jdk.internal.le;C:\Users\testinium\.jdks\corretto-11.0.18!\jdk.internal.opt;C:\Users\testinium\.jdks\corretto-11.0.18!\jdk.internal.vm.ci;C:\Users\testinium\.jdks\corretto-11.0.18!\jdk.internal.vm.compiler;C:\Users\testinium\.jdks\corretto-11.0.18!\jdk.internal.vm.compiler.management;C:\Users\testinium\.jdks\corretto-11.0.18!\jdk.jartool;C:\Users\testinium\.jdks\corretto-11.0.18!\jdk.javadoc;C:\Users\testinium\.jdks\corretto-11.0.18!\jdk.jcmd;C:\Users\testinium\.jdks\corretto-11.0.18!\jdk.jconsole;C:\Users\testinium\.jdks\corretto-11.0.18!\jdk.jdeps;C:\Users\testinium\.jdks\corretto-11.0.18!\jdk.jdi;C:\Users\testinium\.jdks\corretto-11.0.18!\jdk.jdwp.agent;C:\Users\testinium\.jdks\corretto-11.0.18!\jdk.jfr;C:\Users\testinium\.jdks\corretto-11.0.18!\jdk.jlink;C:\Users\testinium\.jdks\corretto-11.0.18!\jdk.jshell;C:\Users\testinium\.jdks\corretto-11.0.18!\jdk.jsobject;C:\Users\testinium\.jdks\corretto-11.0.18!\jdk.jstatd;C:\Users\testinium\.jdks\corretto-11.0.18!\jdk.localedata;C:\Users\testinium\.jdks\corretto-11.0.18!\jdk.management;C:\Users\testinium\.jdks\corretto-11.0.18!\jdk.management.agent;C:\Users\testinium\.jdks\corretto-11.0.18!\jdk.management.jfr;C:\Users\testinium\.jdks\corretto-11.0.18!\jdk.naming.dns;C:\Users\testinium\.jdks\corretto-11.0.18!\jdk.naming.ldap;C:\Users\testinium\.jdks\corretto-11.0.18!\jdk.naming.rmi;C:\Users\testinium\.jdks\corretto-11.0.18!\jdk.net;C:\Users\testinium\.jdks\corretto-11.0.18!\jdk.pack;C:\Users\testinium\.jdks\corretto-11.0.18!\jdk.rmic;C:\Users\testinium\.jdks\corretto-11.0.18!\jdk.scripting.nashorn;C:\Users\testinium\.jdks\corretto-11.0.18!\jdk.scripting.nashorn.shell;C:\Users\testinium\.jdks\corretto-11.0.18!\jdk.sctp;C:\Users\testinium\.jdks\corretto-11.0.18!\jdk.security.auth;C:\Users\testinium\.jdks\corretto-11.0.18!\jdk.security.jgss;C:\Users\testinium\.jdks\corretto-11.0.18!\jdk.unsupported;C:\Users\testinium\.jdks\corretto-11.0.18!\jdk.unsupported.desktop;C:\Users\testinium\.jdks\corretto-11.0.18!\jdk.xml.dom;C:\Users\testinium\.jdks\corretto-11.0.18!\jdk.zipfs;C:\Users\testinium\IdeaProjects\HepsiburadaAppiumOdev\target\test-classes;C:\Users\testinium\.m2\repository\com\thoughtworks\gauge\gauge-java\0.9.1\gauge-java-0.9.1.jar;C:\Users\testinium\.m2\repository\com\github\javaparser\javaparser-core\3.16.3\javaparser-core-3.16.3.jar;C:\Users\testinium\.m2\repository\commons-io\commons-io\2.11.0\commons-io-2.11.0.jar;C:\Users\testinium\.m2\repository\commons-lang\commons-lang\2.6\commons-lang-2.6.jar;C:\Users\testinium\.m2\repository\org\json\json\20220320\json-20220320.jar;C:\Users\testinium\.m2\repository\com\google\protobuf\protobuf-java\3.19.4\protobuf-java-3.19.4.jar;C:\Users\testinium\.m2\repository\com\google\guava\guava\31.0.1-jre\guava-31.0.1-jre.jar;C:\Users\testinium\.m2\repository\com\google\guava\failureaccess\1.0.1\failureaccess-1.0.1.jar;C:\Users\testinium\.m2\repository\com\google\guava\listenablefuture\9999.0-empty-to-avoid-conflict-with-guava\listenablefuture-9999.0-empty-to-avoid-conflict-with-guava.jar;C:\Users\testinium\.m2\repository\com\google\code\findbugs\jsr305\3.0.2\jsr305-3.0.2.jar;C:\Users\testinium\.m2\repository\org\checkerframework\checker-qual\3.12.0\checker-qual-3.12.0.jar;C:\Users\testinium\.m2\repository\com\google\errorprone\error_prone_annotations\2.7.1\error_prone_annotations-2.7.1.jar;C:\Users\testinium\.m2\repository\com\google\j2objc\j2objc-annotations\1.3\j2objc-annotations-1.3.jar;C:\Users\testinium\.m2\repository\io\grpc\grpc-netty-shaded\1.41.2\grpc-netty-shaded-1.41.2.jar;C:\Users\testinium\.m2\repository\io\perfmark\perfmark-api\0.23.0\perfmark-api-0.23.0.jar;C:\Users\testinium\.m2\repository\io\grpc\grpc-core\1.41.2\grpc-core-1.41.2.jar;C:\Users\testinium\.m2\repository\com\google\android\annotations\4.1.1.4\annotations-4.1.1.4.jar;C:\Users\testinium\.m2\repository\org\codehaus\mojo\animal-sniffer-annotations\1.19\animal-sniffer-annotations-1.19.jar;C:\Users\testinium\.m2\repository\io\grpc\grpc-protobuf\1.41.2\grpc-protobuf-1.41.2.jar;C:\Users\testinium\.m2\repository\io\grpc\grpc-api\1.41.2\grpc-api-1.41.2.jar;C:\Users\testinium\.m2\repository\io\grpc\grpc-context\1.41.2\grpc-context-1.41.2.jar;C:\Users\testinium\.m2\repository\com\google\api\grpc\proto-google-common-protos\2.0.1\proto-google-common-protos-2.0.1.jar;C:\Users\testinium\.m2\repository\io\grpc\grpc-protobuf-lite\1.41.2\grpc-protobuf-lite-1.41.2.jar;C:\Users\testinium\.m2\repository\io\grpc\grpc-stub\1.41.2\grpc-stub-1.41.2.jar;C:\Users\testinium\.m2\repository\javax\annotation\javax.annotation-api\1.3.2\javax.annotation-api-1.3.2.jar;C:\Users\testinium\.m2\repository\org\assertj\assertj-core\3.10.0\assertj-core-3.10.0.jar;C:\Users\testinium\.m2\repository\org\seleniumhq\selenium\selenium-java\3.12.0\selenium-java-3.12.0.jar;C:\Users\testinium\.m2\repository\org\seleniumhq\selenium\selenium-api\3.12.0\selenium-api-3.12.0.jar;C:\Users\testinium\.m2\repository\org\seleniumhq\selenium\selenium-chrome-driver\3.12.0\selenium-chrome-driver-3.12.0.jar;C:\Users\testinium\.m2\repository\org\seleniumhq\selenium\selenium-edge-driver\3.12.0\selenium-edge-driver-3.12.0.jar;C:\Users\testinium\.m2\repository\org\seleniumhq\selenium\selenium-firefox-driver\3.12.0\selenium-firefox-driver-3.12.0.jar;C:\Users\testinium\.m2\repository\org\seleniumhq\selenium\selenium-ie-driver\3.12.0\selenium-ie-driver-3.12.0.jar;C:\Users\testinium\.m2\repository\org\seleniumhq\selenium\selenium-opera-driver\3.12.0\selenium-opera-driver-3.12.0.jar;C:\Users\testinium\.m2\repository\org\seleniumhq\selenium\selenium-remote-driver\3.12.0\selenium-remote-driver-3.12.0.jar;C:\Users\testinium\.m2\repository\org\seleniumhq\selenium\selenium-safari-driver\3.12.0\selenium-safari-driver-3.12.0.jar;C:\Users\testinium\.m2\repository\org\seleniumhq\selenium\selenium-support\3.12.0\selenium-support-3.12.0.jar;C:\Users\testinium\.m2\repository\net\bytebuddy\byte-buddy\1.8.3\byte-buddy-1.8.3.jar;C:\Users\testinium\.m2\repository\org\apache\commons\commons-exec\1.3\commons-exec-1.3.jar;C:\Users\testinium\.m2\repository\commons-codec\commons-codec\1.10\commons-codec-1.10.jar;C:\Users\testinium\.m2\repository\commons-logging\commons-logging\1.2\commons-logging-1.2.jar;C:\Users\testinium\.m2\repository\com\google\code\gson\gson\2.8.2\gson-2.8.2.jar;C:\Users\testinium\.m2\repository\org\apache\httpcomponents\httpclient\4.5.3\httpclient-4.5.3.jar;C:\Users\testinium\.m2\repository\org\apache\httpcomponents\httpcore\4.4.6\httpcore-4.4.6.jar;C:\Users\testinium\.m2\repository\com\squareup\okhttp3\okhttp\3.9.1\okhttp-3.9.1.jar;C:\Users\testinium\.m2\repository\com\squareup\okio\okio\1.13.0\okio-1.13.0.jar;C:\Users\testinium\.m2\repository\io\github\bonigarcia\webdrivermanager\3.7.1\webdrivermanager-3.7.1.jar;C:\Users\testinium\.m2\repository\org\slf4j\slf4j-api\1.7.25\slf4j-api-1.7.25.jar;C:\Users\testinium\.m2\repository\org\apache\commons\commons-lang3\3.8.1\commons-lang3-3.8.1.jar;C:\Users\testinium\.m2\repository\org\rauschig\jarchivelib\1.0.0\jarchivelib-1.0.0.jar;C:\Users\testinium\.m2\repository\org\apache\commons\commons-compress\1.18\commons-compress-1.18.jar;C:\Users\testinium\.m2\repository\org\jsoup\jsoup\1.11.3\jsoup-1.11.3.jar;C:\Users\testinium\.m2\repository\org\reflections\reflections\0.9.10\reflections-0.9.10.jar;C:\Users\testinium\.m2\repository\org\javassist\javassist\3.19.0-GA\javassist-3.19.0-GA.jar;C:\Users\testinium\.m2\repository\com\google\code\findbugs\annotations\2.0.1\annotations-2.0.1.jar;C:\Users\testinium\.m2\repository\io\appium\java-client\7.0.0\java-client-7.0.0.jar;C:\Users\testinium\.m2\repository\cglib\cglib\3.2.8\cglib-3.2.8.jar;C:\Users\testinium\.m2\repository\org\ow2\asm\asm\6.2.1\asm-6.2.1.jar;C:\Users\testinium\.m2\repository\org\apache\ant\ant\1.10.3\ant-1.10.3.jar;C:\Users\testinium\.m2\repository\org\apache\ant\ant-launcher\1.10.3\ant-launcher-1.10.3.jar;C:\Users\testinium\.m2\repository\commons-validator\commons-validator\1.6\commons-validator-1.6.jar;C:\Users\testinium\.m2\repository\commons-beanutils\commons-beanutils\1.9.2\commons-beanutils-1.9.2.jar;C:\Users\testinium\.m2\repository\commons-digester\commons-digester\1.8.1\commons-digester-1.8.1.jar;C:\Users\testinium\.m2\repository\commons-collections\commons-collections\3.2.2\commons-collections-3.2.2.jar;C:\Users\testinium\.m2\repository\org\springframework\spring-context\5.1.0.RELEASE\spring-context-5.1.0.RELEASE.jar;C:\Users\testinium\.m2\repository\org\springframework\spring-aop\5.1.0.RELEASE\spring-aop-5.1.0.RELEASE.jar;C:\Users\testinium\.m2\repository\org\springframework\spring-beans\5.1.0.RELEASE\spring-beans-5.1.0.RELEASE.jar;C:\Users\testinium\.m2\repository\org\springframework\spring-core\5.1.0.RELEASE\spring-core-5.1.0.RELEASE.jar;C:\Users\testinium\.m2\repository\org\springframework\spring-jcl\5.1.0.RELEASE\spring-jcl-5.1.0.RELEASE.jar;C:\Users\testinium\.m2\repository\org\springframework\spring-expression\5.1.0.RELEASE\spring-expression-5.1.0.RELEASE.jar;C:\Users\testinium\.m2\repository\org\aspectj\aspectjweaver\1.9.1\aspectjweaver-1.9.1.jar;C:\Users\testinium\.m2\repository\org\apache\logging\log4j\log4j-core\2.17.1\log4j-core-2.17.1.jar;C:\Users\testinium\.m2\repository\org\apache\logging\log4j\log4j-api\2.17.1\log4j-api-2.17.1.jar;C:\Users\testinium\.m2\repository\org\junit\jupiter\junit-jupiter-engine\5.1.0\junit-jupiter-engine-5.1.0.jar;C:\Users\testinium\.m2\repository\org\apiguardian\apiguardian-api\1.0.0\apiguardian-api-1.0.0.jar;C:\Users\testinium\.m2\repository\org\junit\platform\junit-platform-engine\1.1.0\junit-platform-engine-1.1.0.jar;C:\Users\testinium\.m2\repository\org\junit\platform\junit-platform-commons\1.1.0\junit-platform-commons-1.1.0.jar;C:\Users\testinium\.m2\repository\org\opentest4j\opentest4j\1.0.0\opentest4j-1.0.0.jar;C:\Users\testinium\.m2\repository\org\junit\jupiter\junit-jupiter-api\5.1.0\junit-jupiter-api-5.1.0.jar;C:\Users\testinium\.m2\repository\junit\junit\4.13.2\junit-4.13.2.jar;C:\Users\testinium\.m2\repository\org\hamcrest\hamcrest-core\1.3\hamcrest-core-1.3.jar
18-04-2023 16:09:59.953 [java] [DEBUG] found java executable in C:\Program Files\Java\jdk1.8.0_361\jre\bin\java.exe
18-04-2023 16:09:59.961 [java] [INFO] 
Runner Ready for Debugging
18-04-2023 16:09:59.962 [java] [DEBUG] running - C:\Program Files\Java\jdk1.8.0_361\jre\bin\java.exe [-agentlib:jdwp=transport=dt_socket,server=y,suspend=y,address=58771,timeout=25000 -Dfile.encoding=UTF-8 com.thoughtworks.gauge.GaugeRuntime --start]
18-04-2023 16:09:59.964 [java] [DEBUG] stdout/stderr is logged to logs\15004-java.exe.out
18-04-2023 16:10:00.851 [java] [INFO] Listening for transport dt_socket at address: 58771
18-04-2023 16:10:11.868 [Gauge] [CRITICAL] Failed to start gauge API: Timed out connecting to java
18-04-2023 16:10:28.853 [Gauge] [DEBUG] Created gauge_screenshots_dir at C:\Users\testinium\IdeaProjects\HepsiburadaAppiumOdev\.gauge\screenshots
18-04-2023 16:10:28.905 [Gauge] [DEBUG] Plugin java is already installed.
18-04-2023 16:10:28.916 [Gauge] [DEBUG] Plugin html-report is already installed.
18-04-2023 16:10:28.923 [Gauge] [DEBUG] Parsing started.
18-04-2023 16:10:28.923 [Gauge] [DEBUG] Started concepts parsing.
18-04-2023 16:10:29.075 [Gauge] [DEBUG] 1 concepts parsing completed.
18-04-2023 16:10:29.076 [Gauge] [DEBUG] Started specifications parsing.
18-04-2023 16:10:29.080 [Gauge] [DEBUG] 1 specifications parsing completed.
18-04-2023 16:10:29.085 [Gauge] [DEBUG] Parsing completed.
18-04-2023 16:10:29.436 [java] [DEBUG] ***** Printing Properties/Env Values *****
18-04-2023 16:10:29.441 [java] [DEBUG] PATH: C:\Program Files\Common Files\Oracle\Java\javapath;C:\Program Files\Java\jdk1.8.0_361\jre\bin;C:\WINDOWS\system32;C:\WINDOWS;C:\WINDOWS\System32\Wbem;C:\WINDOWS\System32\WindowsPowerShell\v1.0\;C:\WINDOWS\System32\OpenSSH\;C:\Program Files\apache-maven-3.9.1\bin;C:\Program Files\Gauge\bin;C:\Program Files\Git\cmd;C:\Program Files\nodejs\;C:\Program Files (x86)\Micro Focus\Unified Functional Testing\bin;C:\Users\testinium\AppData\Local\Microsoft\WindowsApps;;C:\Program Files\JetBrains\IntelliJ IDEA Community Edition 2022.3.3\bin;;C:\Users\testinium\AppData\Roaming\npm;C:\Users\testinium\AppData\Roaming\gauge\plugins\screenshot\0.1.0
18-04-2023 16:10:29.442 [java] [DEBUG] JAVA_HOME: C:\Program Files\Java\jdk1.8.0_361
18-04-2023 16:10:29.442 [java] [DEBUG] gauge_project_root: C:\Users\testinium\IdeaProjects\HepsiburadaAppiumOdev
18-04-2023 16:10:29.442 [java] [DEBUG] gauge_parallel_streams_count: 8
18-04-2023 16:10:29.442 [java] [DEBUG] gauge_reports_dir: reports
18-04-2023 16:10:29.442 [java] [DEBUG] overwrite_reports: true
18-04-2023 16:10:29.442 [java] [DEBUG] logs_directory: logs
18-04-2023 16:10:29.442 [java] [DEBUG] enable_multithreading: false
18-04-2023 16:10:29.442 [java] [DEBUG] gauge_specs_dir: specs
18-04-2023 16:10:29.442 [java] [DEBUG] csv_delimiter: ,
18-04-2023 16:10:29.442 [java] [DEBUG] gauge_java_home: 
18-04-2023 16:10:29.442 [java] [DEBUG] gauge_custom_build_path: 
18-04-2023 16:10:29.442 [java] [DEBUG] gauge_additional_libs: libs/*
18-04-2023 16:10:29.443 [java] [DEBUG] gauge_jvm_args: 
18-04-2023 16:10:29.443 [java] [DEBUG] gauge_custom_compile_dir: 
18-04-2023 16:10:29.443 [java] [DEBUG] gauge_clear_state_level: scenario
18-04-2023 16:10:29.444 [java] [DEBUG] ***** END *****
18-04-2023 16:10:29.826 [Gauge] [DEBUG] Checking updates...
18-04-2023 16:10:29.926 [Gauge] [DEBUG] Downloading https://downloads.gauge.org/plugin/flash?l=java&p=flash,html-report,java,json-report,screenshot,spectacle,xml-report&o=windows&a=amd64
18-04-2023 16:10:30.450 [Gauge] [DEBUG] Downloading https://downloads.gauge.org/plugin/html-report?l=java&p=flash,html-report,java,json-report,screenshot,spectacle,xml-report&o=windows&a=amd64
18-04-2023 16:10:31.039 [Gauge] [DEBUG] Downloading https://downloads.gauge.org/plugin/java?l=java&p=flash,html-report,java,json-report,screenshot,spectacle,xml-report&o=windows&a=amd64
18-04-2023 16:10:31.287 [Gauge] [DEBUG] Downloading https://downloads.gauge.org/plugin/json-report?l=java&p=flash,html-report,java,json-report,screenshot,spectacle,xml-report&o=windows&a=amd64
18-04-2023 16:10:31.551 [Gauge] [DEBUG] Downloading https://downloads.gauge.org/plugin/screenshot?l=java&p=flash,html-report,java,json-report,screenshot,spectacle,xml-report&o=windows&a=amd64
18-04-2023 16:10:31.700 [Gauge] [DEBUG] Downloading https://downloads.gauge.org/plugin/spectacle?l=java&p=flash,html-report,java,json-report,screenshot,spectacle,xml-report&o=windows&a=amd64
18-04-2023 16:10:31.937 [Gauge] [DEBUG] Downloading https://downloads.gauge.org/plugin/xml-report?l=java&p=flash,html-report,java,json-report,screenshot,spectacle,xml-report&o=windows&a=amd64
18-04-2023 16:10:44.793 [java] [DEBUG] classpath set to C:\Users\testinium\.jdks\corretto-11.0.18!\java.base;C:\Users\testinium\.jdks\corretto-11.0.18!\java.compiler;C:\Users\testinium\.jdks\corretto-11.0.18!\java.datatransfer;C:\Users\testinium\.jdks\corretto-11.0.18!\java.desktop;C:\Users\testinium\.jdks\corretto-11.0.18!\java.instrument;C:\Users\testinium\.jdks\corretto-11.0.18!\java.logging;C:\Users\testinium\.jdks\corretto-11.0.18!\java.management;C:\Users\testinium\.jdks\corretto-11.0.18!\java.management.rmi;C:\Users\testinium\.jdks\corretto-11.0.18!\java.naming;C:\Users\testinium\.jdks\corretto-11.0.18!\java.net.http;C:\Users\testinium\.jdks\corretto-11.0.18!\java.prefs;C:\Users\testinium\.jdks\corretto-11.0.18!\java.rmi;C:\Users\testinium\.jdks\corretto-11.0.18!\java.scripting;C:\Users\testinium\.jdks\corretto-11.0.18!\java.se;C:\Users\testinium\.jdks\corretto-11.0.18!\java.security.jgss;C:\Users\testinium\.jdks\corretto-11.0.18!\java.security.sasl;C:\Users\testinium\.jdks\corretto-11.0.18!\java.smartcardio;C:\Users\testinium\.jdks\corretto-11.0.18!\java.sql;C:\Users\testinium\.jdks\corretto-11.0.18!\java.sql.rowset;C:\Users\testinium\.jdks\corretto-11.0.18!\java.transaction.xa;C:\Users\testinium\.jdks\corretto-11.0.18!\java.xml;C:\Users\testinium\.jdks\corretto-11.0.18!\java.xml.crypto;C:\Users\testinium\.jdks\corretto-11.0.18!\jdk.accessibility;C:\Users\testinium\.jdks\corretto-11.0.18!\jdk.aot;C:\Users\testinium\.jdks\corretto-11.0.18!\jdk.attach;C:\Users\testinium\.jdks\corretto-11.0.18!\jdk.charsets;C:\Users\testinium\.jdks\corretto-11.0.18!\jdk.compiler;C:\Users\testinium\.jdks\corretto-11.0.18!\jdk.crypto.cryptoki;C:\Users\testinium\.jdks\corretto-11.0.18!\jdk.crypto.ec;C:\Users\testinium\.jdks\corretto-11.0.18!\jdk.crypto.mscapi;C:\Users\testinium\.jdks\corretto-11.0.18!\jdk.dynalink;C:\Users\testinium\.jdks\corretto-11.0.18!\jdk.editpad;C:\Users\testinium\.jdks\corretto-11.0.18!\jdk.hotspot.agent;C:\Users\testinium\.jdks\corretto-11.0.18!\jdk.httpserver;C:\Users\testinium\.jdks\corretto-11.0.18!\jdk.internal.ed;C:\Users\testinium\.jdks\corretto-11.0.18!\jdk.internal.jvmstat;C:\Users\testinium\.jdks\corretto-11.0.18!\jdk.internal.le;C:\Users\testinium\.jdks\corretto-11.0.18!\jdk.internal.opt;C:\Users\testinium\.jdks\corretto-11.0.18!\jdk.internal.vm.ci;C:\Users\testinium\.jdks\corretto-11.0.18!\jdk.internal.vm.compiler;C:\Users\testinium\.jdks\corretto-11.0.18!\jdk.internal.vm.compiler.management;C:\Users\testinium\.jdks\corretto-11.0.18!\jdk.jartool;C:\Users\testinium\.jdks\corretto-11.0.18!\jdk.javadoc;C:\Users\testinium\.jdks\corretto-11.0.18!\jdk.jcmd;C:\Users\testinium\.jdks\corretto-11.0.18!\jdk.jconsole;C:\Users\testinium\.jdks\corretto-11.0.18!\jdk.jdeps;C:\Users\testinium\.jdks\corretto-11.0.18!\jdk.jdi;C:\Users\testinium\.jdks\corretto-11.0.18!\jdk.jdwp.agent;C:\Users\testinium\.jdks\corretto-11.0.18!\jdk.jfr;C:\Users\testinium\.jdks\corretto-11.0.18!\jdk.jlink;C:\Users\testinium\.jdks\corretto-11.0.18!\jdk.jshell;C:\Users\testinium\.jdks\corretto-11.0.18!\jdk.jsobject;C:\Users\testinium\.jdks\corretto-11.0.18!\jdk.jstatd;C:\Users\testinium\.jdks\corretto-11.0.18!\jdk.localedata;C:\Users\testinium\.jdks\corretto-11.0.18!\jdk.management;C:\Users\testinium\.jdks\corretto-11.0.18!\jdk.management.agent;C:\Users\testinium\.jdks\corretto-11.0.18!\jdk.management.jfr;C:\Users\testinium\.jdks\corretto-11.0.18!\jdk.naming.dns;C:\Users\testinium\.jdks\corretto-11.0.18!\jdk.naming.ldap;C:\Users\testinium\.jdks\corretto-11.0.18!\jdk.naming.rmi;C:\Users\testinium\.jdks\corretto-11.0.18!\jdk.net;C:\Users\testinium\.jdks\corretto-11.0.18!\jdk.pack;C:\Users\testinium\.jdks\corretto-11.0.18!\jdk.rmic;C:\Users\testinium\.jdks\corretto-11.0.18!\jdk.scripting.nashorn;C:\Users\testinium\.jdks\corretto-11.0.18!\jdk.scripting.nashorn.shell;C:\Users\testinium\.jdks\corretto-11.0.18!\jdk.sctp;C:\Users\testinium\.jdks\corretto-11.0.18!\jdk.security.auth;C:\Users\testinium\.jdks\corretto-11.0.18!\jdk.security.jgss;C:\Users\testinium\.jdks\corretto-11.0.18!\jdk.unsupported;C:\Users\testinium\.jdks\corretto-11.0.18!\jdk.unsupported.desktop;C:\Users\testinium\.jdks\corretto-11.0.18!\jdk.xml.dom;C:\Users\testinium\.jdks\corretto-11.0.18!\jdk.zipfs;C:\Users\testinium\IdeaProjects\HepsiburadaAppiumOdev\target\test-classes;C:\Users\testinium\.m2\repository\com\thoughtworks\gauge\gauge-java\0.9.1\gauge-java-0.9.1.jar;C:\Users\testinium\.m2\repository\com\github\javaparser\javaparser-core\3.16.3\javaparser-core-3.16.3.jar;C:\Users\testinium\.m2\repository\commons-io\commons-io\2.11.0\commons-io-2.11.0.jar;C:\Users\testinium\.m2\repository\commons-lang\commons-lang\2.6\commons-lang-2.6.jar;C:\Users\testinium\.m2\repository\org\json\json\20220320\json-20220320.jar;C:\Users\testinium\.m2\repository\com\google\protobuf\protobuf-java\3.19.4\protobuf-java-3.19.4.jar;C:\Users\testinium\.m2\repository\com\google\guava\guava\31.0.1-jre\guava-31.0.1-jre.jar;C:\Users\testinium\.m2\repository\com\google\guava\failureaccess\1.0.1\failureaccess-1.0.1.jar;C:\Users\testinium\.m2\repository\com\google\guava\listenablefuture\9999.0-empty-to-avoid-conflict-with-guava\listenablefuture-9999.0-empty-to-avoid-conflict-with-guava.jar;C:\Users\testinium\.m2\repository\com\google\code\findbugs\jsr305\3.0.2\jsr305-3.0.2.jar;C:\Users\testinium\.m2\repository\org\checkerframework\checker-qual\3.12.0\checker-qual-3.12.0.jar;C:\Users\testinium\.m2\repository\com\google\errorprone\error_prone_annotations\2.7.1\error_prone_annotations-2.7.1.jar;C:\Users\testinium\.m2\repository\com\google\j2objc\j2objc-annotations\1.3\j2objc-annotations-1.3.jar;C:\Users\testinium\.m2\repository\io\grpc\grpc-netty-shaded\1.41.2\grpc-netty-shaded-1.41.2.jar;C:\Users\testinium\.m2\repository\io\perfmark\perfmark-api\0.23.0\perfmark-api-0.23.0.jar;C:\Users\testinium\.m2\repository\io\grpc\grpc-core\1.41.2\grpc-core-1.41.2.jar;C:\Users\testinium\.m2\repository\com\google\android\annotations\4.1.1.4\annotations-4.1.1.4.jar;C:\Users\testinium\.m2\repository\org\codehaus\mojo\animal-sniffer-annotations\1.19\animal-sniffer-annotations-1.19.jar;C:\Users\testinium\.m2\repository\io\grpc\grpc-protobuf\1.41.2\grpc-protobuf-1.41.2.jar;C:\Users\testinium\.m2\repository\io\grpc\grpc-api\1.41.2\grpc-api-1.41.2.jar;C:\Users\testinium\.m2\repository\io\grpc\grpc-context\1.41.2\grpc-context-1.41.2.jar;C:\Users\testinium\.m2\repository\com\google\api\grpc\proto-google-common-protos\2.0.1\proto-google-common-protos-2.0.1.jar;C:\Users\testinium\.m2\repository\io\grpc\grpc-protobuf-lite\1.41.2\grpc-protobuf-lite-1.41.2.jar;C:\Users\testinium\.m2\repository\io\grpc\grpc-stub\1.41.2\grpc-stub-1.41.2.jar;C:\Users\testinium\.m2\repository\javax\annotation\javax.annotation-api\1.3.2\javax.annotation-api-1.3.2.jar;C:\Users\testinium\.m2\repository\org\assertj\assertj-core\3.10.0\assertj-core-3.10.0.jar;C:\Users\testinium\.m2\repository\org\seleniumhq\selenium\selenium-java\3.12.0\selenium-java-3.12.0.jar;C:\Users\testinium\.m2\repository\org\seleniumhq\selenium\selenium-api\3.12.0\selenium-api-3.12.0.jar;C:\Users\testinium\.m2\repository\org\seleniumhq\selenium\selenium-chrome-driver\3.12.0\selenium-chrome-driver-3.12.0.jar;C:\Users\testinium\.m2\repository\org\seleniumhq\selenium\selenium-edge-driver\3.12.0\selenium-edge-driver-3.12.0.jar;C:\Users\testinium\.m2\repository\org\seleniumhq\selenium\selenium-firefox-driver\3.12.0\selenium-firefox-driver-3.12.0.jar;C:\Users\testinium\.m2\repository\org\seleniumhq\selenium\selenium-ie-driver\3.12.0\selenium-ie-driver-3.12.0.jar;C:\Users\testinium\.m2\repository\org\seleniumhq\selenium\selenium-opera-driver\3.12.0\selenium-opera-driver-3.12.0.jar;C:\Users\testinium\.m2\repository\org\seleniumhq\selenium\selenium-remote-driver\3.12.0\selenium-remote-driver-3.12.0.jar;C:\Users\testinium\.m2\repository\org\seleniumhq\selenium\selenium-safari-driver\3.12.0\selenium-safari-driver-3.12.0.jar;C:\Users\testinium\.m2\repository\org\seleniumhq\selenium\selenium-support\3.12.0\selenium-support-3.12.0.jar;C:\Users\testinium\.m2\repository\net\bytebuddy\byte-buddy\1.8.3\byte-buddy-1.8.3.jar;C:\Users\testinium\.m2\repository\org\apache\commons\commons-exec\1.3\commons-exec-1.3.jar;C:\Users\testinium\.m2\repository\commons-codec\commons-codec\1.10\commons-codec-1.10.jar;C:\Users\testinium\.m2\repository\commons-logging\commons-logging\1.2\commons-logging-1.2.jar;C:\Users\testinium\.m2\repository\com\google\code\gson\gson\2.8.2\gson-2.8.2.jar;C:\Users\testinium\.m2\repository\org\apache\httpcomponents\httpclient\4.5.3\httpclient-4.5.3.jar;C:\Users\testinium\.m2\repository\org\apache\httpcomponents\httpcore\4.4.6\httpcore-4.4.6.jar;C:\Users\testinium\.m2\repository\com\squareup\okhttp3\okhttp\3.9.1\okhttp-3.9.1.jar;C:\Users\testinium\.m2\repository\com\squareup\okio\okio\1.13.0\okio-1.13.0.jar;C:\Users\testinium\.m2\repository\io\github\bonigarcia\webdrivermanager\3.7.1\webdrivermanager-3.7.1.jar;C:\Users\testinium\.m2\repository\org\slf4j\slf4j-api\1.7.25\slf4j-api-1.7.25.jar;C:\Users\testinium\.m2\repository\org\apache\commons\commons-lang3\3.8.1\commons-lang3-3.8.1.jar;C:\Users\testinium\.m2\repository\org\rauschig\jarchivelib\1.0.0\jarchivelib-1.0.0.jar;C:\Users\testinium\.m2\repository\org\apache\commons\commons-compress\1.18\commons-compress-1.18.jar;C:\Users\testinium\.m2\repository\org\jsoup\jsoup\1.11.3\jsoup-1.11.3.jar;C:\Users\testinium\.m2\repository\org\reflections\reflections\0.9.10\reflections-0.9.10.jar;C:\Users\testinium\.m2\repository\org\javassist\javassist\3.19.0-GA\javassist-3.19.0-GA.jar;C:\Users\testinium\.m2\repository\com\google\code\findbugs\annotations\2.0.1\annotations-2.0.1.jar;C:\Users\testinium\.m2\repository\io\appium\java-client\7.0.0\java-client-7.0.0.jar;C:\Users\testinium\.m2\repository\cglib\cglib\3.2.8\cglib-3.2.8.jar;C:\Users\testinium\.m2\repository\org\ow2\asm\asm\6.2.1\asm-6.2.1.jar;C:\Users\testinium\.m2\repository\org\apache\ant\ant\1.10.3\ant-1.10.3.jar;C:\Users\testinium\.m2\repository\org\apache\ant\ant-launcher\1.10.3\ant-launcher-1.10.3.jar;C:\Users\testinium\.m2\repository\commons-validator\commons-validator\1.6\commons-validator-1.6.jar;C:\Users\testinium\.m2\repository\commons-beanutils\commons-beanutils\1.9.2\commons-beanutils-1.9.2.jar;C:\Users\testinium\.m2\repository\commons-digester\commons-digester\1.8.1\commons-digester-1.8.1.jar;C:\Users\testinium\.m2\repository\commons-collections\commons-collections\3.2.2\commons-collections-3.2.2.jar;C:\Users\testinium\.m2\repository\org\springframework\spring-context\5.1.0.RELEASE\spring-context-5.1.0.RELEASE.jar;C:\Users\testinium\.m2\repository\org\springframework\spring-aop\5.1.0.RELEASE\spring-aop-5.1.0.RELEASE.jar;C:\Users\testinium\.m2\repository\org\springframework\spring-beans\5.1.0.RELEASE\spring-beans-5.1.0.RELEASE.jar;C:\Users\testinium\.m2\repository\org\springframework\spring-core\5.1.0.RELEASE\spring-core-5.1.0.RELEASE.jar;C:\Users\testinium\.m2\repository\org\springframework\spring-jcl\5.1.0.RELEASE\spring-jcl-5.1.0.RELEASE.jar;C:\Users\testinium\.m2\repository\org\springframework\spring-expression\5.1.0.RELEASE\spring-expression-5.1.0.RELEASE.jar;C:\Users\testinium\.m2\repository\org\aspectj\aspectjweaver\1.9.1\aspectjweaver-1.9.1.jar;C:\Users\testinium\.m2\repository\org\apache\logging\log4j\log4j-core\2.17.1\log4j-core-2.17.1.jar;C:\Users\testinium\.m2\repository\org\apache\logging\log4j\log4j-api\2.17.1\log4j-api-2.17.1.jar;C:\Users\testinium\.m2\repository\org\junit\jupiter\junit-jupiter-engine\5.1.0\junit-jupiter-engine-5.1.0.jar;C:\Users\testinium\.m2\repository\org\apiguardian\apiguardian-api\1.0.0\apiguardian-api-1.0.0.jar;C:\Users\testinium\.m2\repository\org\junit\platform\junit-platform-engine\1.1.0\junit-platform-engine-1.1.0.jar;C:\Users\testinium\.m2\repository\org\junit\platform\junit-platform-commons\1.1.0\junit-platform-commons-1.1.0.jar;C:\Users\testinium\.m2\repository\org\opentest4j\opentest4j\1.0.0\opentest4j-1.0.0.jar;C:\Users\testinium\.m2\repository\org\junit\jupiter\junit-jupiter-api\5.1.0\junit-jupiter-api-5.1.0.jar;C:\Users\testinium\.m2\repository\junit\junit\4.13.2\junit-4.13.2.jar;C:\Users\testinium\.m2\repository\org\hamcrest\hamcrest-core\1.3\hamcrest-core-1.3.jar
18-04-2023 16:10:44.845 [java] [DEBUG] found java executable in C:\Program Files\Java\jdk1.8.0_361\jre\bin\java.exe
18-04-2023 16:10:44.845 [java] [DEBUG] running - C:\Program Files\Java\jdk1.8.0_361\jre\bin\java.exe [-Dfile.encoding=UTF-8 com.thoughtworks.gauge.GaugeRuntime --start]
18-04-2023 16:10:44.845 [java] [DEBUG] stdout/stderr is logged to logs\16948-java.exe.out
18-04-2023 16:10:45.400 [java] [DEBUG] multithreading is set to false
18-04-2023 16:10:46.027 [java] [DEBUG] Using reflection to scan dependencies for gauge implementations...
18-04-2023 16:10:46.163 [java] [ERROR] SLF4J: Failed to load class "org.slf4j.impl.StaticLoggerBinder".
18-04-2023 16:10:46.164 [java] [ERROR] SLF4J: Defaulting to no-operation (NOP) logger implementation
18-04-2023 16:10:46.164 [java] [ERROR] SLF4J: See http://www.slf4j.org/codes.html#StaticLoggerBinder for further details.
18-04-2023 16:10:47.404 [java] [DEBUG] gauge-java took 2004milliseconds to load and scan. This should be less than 'runner_connection_timeout' config value.
18-04-2023 16:10:47.404 [java] [DEBUG] run 'gauge config runner_connection_timeout' and verify that it is < 2004
18-04-2023 16:10:47.404 [java] [DEBUG] starting gRPC server...
18-04-2023 16:10:47.968 [java] [DEBUG] started gRPC server on port 53244
18-04-2023 16:10:47.970 [Gauge] [DEBUG] Attempting to connect to grpc server at port: 53244
18-04-2023 16:10:48.181 [Gauge] [DEBUG] Successfully made the connection with runner with port: 53244
18-04-2023 16:10:48.182 [Gauge] [DEBUG] Validation started.
18-04-2023 23:51:51.886 [Gauge] [DEBUG] Created gauge_screenshots_dir at C:\Users\testinium\IdeaProjects\HepsiburadaAppiumOdev\.gauge\screenshots
18-04-2023 23:51:51.901 [Gauge] [DEBUG] Plugin java is already installed.
18-04-2023 23:51:51.907 [Gauge] [DEBUG] Plugin html-report is already installed.
18-04-2023 23:51:51.909 [Gauge] [DEBUG] Parsing started.
18-04-2023 23:51:51.909 [Gauge] [DEBUG] Started concepts parsing.
18-04-2023 23:51:51.920 [Gauge] [DEBUG] 18 concepts parsing completed.
18-04-2023 23:51:51.920 [Gauge] [DEBUG] Started specifications parsing.
18-04-2023 23:51:51.923 [Gauge] [DEBUG] 1 specifications parsing completed.
18-04-2023 23:51:51.924 [Gauge] [DEBUG] Parsing completed.
18-04-2023 23:51:52.499 [Gauge] [DEBUG] Checking updates...
18-04-2023 23:51:52.501 [Gauge] [DEBUG] Downloading https://downloads.gauge.org/plugin/flash?l=java&p=flash,html-report,java,json-report,screenshot,spectacle,xml-report&o=windows&a=amd64
18-04-2023 23:51:52.501 [java] [DEBUG] ***** Printing Properties/Env Values *****
18-04-2023 23:51:52.501 [java] [DEBUG] PATH: C:\Program Files\Common Files\Oracle\Java\javapath;C:\Program Files\Java\jdk1.8.0_361\jre\bin;C:\WINDOWS\system32;C:\WINDOWS;C:\WINDOWS\System32\Wbem;C:\WINDOWS\System32\WindowsPowerShell\v1.0\;C:\WINDOWS\System32\OpenSSH\;C:\Program Files\apache-maven-3.9.1\bin;C:\Program Files\Gauge\bin;C:\Program Files\Git\cmd;C:\Program Files\nodejs\;C:\Program Files (x86)\Micro Focus\Unified Functional Testing\bin;C:\Users\testinium\AppData\Local\Microsoft\WindowsApps;;C:\Program Files\JetBrains\IntelliJ IDEA Community Edition 2022.3.3\bin;;C:\Users\testinium\AppData\Roaming\npm;C:\Users\testinium\AppData\Roaming\gauge\plugins\screenshot\0.1.0
18-04-2023 23:51:52.502 [java] [DEBUG] JAVA_HOME: C:\Program Files\Java\jdk1.8.0_361
18-04-2023 23:51:52.502 [java] [DEBUG] gauge_project_root: C:\Users\testinium\IdeaProjects\HepsiburadaAppiumOdev
18-04-2023 23:51:52.502 [java] [DEBUG] gauge_parallel_streams_count: 8
18-04-2023 23:51:52.502 [java] [DEBUG] gauge_reports_dir: reports
18-04-2023 23:51:52.502 [java] [DEBUG] overwrite_reports: true
18-04-2023 23:51:52.502 [java] [DEBUG] logs_directory: logs
18-04-2023 23:51:52.502 [java] [DEBUG] enable_multithreading: false
18-04-2023 23:51:52.502 [java] [DEBUG] gauge_specs_dir: specs
18-04-2023 23:51:52.502 [java] [DEBUG] csv_delimiter: ,
18-04-2023 23:51:52.502 [java] [DEBUG] gauge_java_home: 
18-04-2023 23:51:52.502 [java] [DEBUG] gauge_custom_build_path: 
18-04-2023 23:51:52.502 [java] [DEBUG] gauge_additional_libs: libs/*
18-04-2023 23:51:52.502 [java] [DEBUG] gauge_jvm_args: 
18-04-2023 23:51:52.502 [java] [DEBUG] gauge_custom_compile_dir: 
18-04-2023 23:51:52.502 [java] [DEBUG] gauge_clear_state_level: scenario
18-04-2023 23:51:52.502 [java] [DEBUG] ***** END *****
18-04-2023 23:51:52.839 [Gauge] [DEBUG] Downloading https://downloads.gauge.org/plugin/html-report?l=java&p=flash,html-report,java,json-report,screenshot,spectacle,xml-report&o=windows&a=amd64
18-04-2023 23:51:52.918 [Gauge] [DEBUG] Downloading https://downloads.gauge.org/plugin/java?l=java&p=flash,html-report,java,json-report,screenshot,spectacle,xml-report&o=windows&a=amd64
18-04-2023 23:51:53.023 [Gauge] [DEBUG] Downloading https://downloads.gauge.org/plugin/json-report?l=java&p=flash,html-report,java,json-report,screenshot,spectacle,xml-report&o=windows&a=amd64
18-04-2023 23:51:53.108 [Gauge] [DEBUG] Downloading https://downloads.gauge.org/plugin/screenshot?l=java&p=flash,html-report,java,json-report,screenshot,spectacle,xml-report&o=windows&a=amd64
18-04-2023 23:51:53.184 [Gauge] [DEBUG] Downloading https://downloads.gauge.org/plugin/spectacle?l=java&p=flash,html-report,java,json-report,screenshot,spectacle,xml-report&o=windows&a=amd64
18-04-2023 23:51:53.258 [Gauge] [DEBUG] Downloading https://downloads.gauge.org/plugin/xml-report?l=java&p=flash,html-report,java,json-report,screenshot,spectacle,xml-report&o=windows&a=amd64
18-04-2023 23:51:59.301 [java] [DEBUG] classpath set to C:\Users\testinium\.jdks\corretto-11.0.18!\java.base;C:\Users\testinium\.jdks\corretto-11.0.18!\java.compiler;C:\Users\testinium\.jdks\corretto-11.0.18!\java.datatransfer;C:\Users\testinium\.jdks\corretto-11.0.18!\java.desktop;C:\Users\testinium\.jdks\corretto-11.0.18!\java.instrument;C:\Users\testinium\.jdks\corretto-11.0.18!\java.logging;C:\Users\testinium\.jdks\corretto-11.0.18!\java.management;C:\Users\testinium\.jdks\corretto-11.0.18!\java.management.rmi;C:\Users\testinium\.jdks\corretto-11.0.18!\java.naming;C:\Users\testinium\.jdks\corretto-11.0.18!\java.net.http;C:\Users\testinium\.jdks\corretto-11.0.18!\java.prefs;C:\Users\testinium\.jdks\corretto-11.0.18!\java.rmi;C:\Users\testinium\.jdks\corretto-11.0.18!\java.scripting;C:\Users\testinium\.jdks\corretto-11.0.18!\java.se;C:\Users\testinium\.jdks\corretto-11.0.18!\java.security.jgss;C:\Users\testinium\.jdks\corretto-11.0.18!\java.security.sasl;C:\Users\testinium\.jdks\corretto-11.0.18!\java.smartcardio;C:\Users\testinium\.jdks\corretto-11.0.18!\java.sql;C:\Users\testinium\.jdks\corretto-11.0.18!\java.sql.rowset;C:\Users\testinium\.jdks\corretto-11.0.18!\java.transaction.xa;C:\Users\testinium\.jdks\corretto-11.0.18!\java.xml;C:\Users\testinium\.jdks\corretto-11.0.18!\java.xml.crypto;C:\Users\testinium\.jdks\corretto-11.0.18!\jdk.accessibility;C:\Users\testinium\.jdks\corretto-11.0.18!\jdk.aot;C:\Users\testinium\.jdks\corretto-11.0.18!\jdk.attach;C:\Users\testinium\.jdks\corretto-11.0.18!\jdk.charsets;C:\Users\testinium\.jdks\corretto-11.0.18!\jdk.compiler;C:\Users\testinium\.jdks\corretto-11.0.18!\jdk.crypto.cryptoki;C:\Users\testinium\.jdks\corretto-11.0.18!\jdk.crypto.ec;C:\Users\testinium\.jdks\corretto-11.0.18!\jdk.crypto.mscapi;C:\Users\testinium\.jdks\corretto-11.0.18!\jdk.dynalink;C:\Users\testinium\.jdks\corretto-11.0.18!\jdk.editpad;C:\Users\testinium\.jdks\corretto-11.0.18!\jdk.hotspot.agent;C:\Users\testinium\.jdks\corretto-11.0.18!\jdk.httpserver;C:\Users\testinium\.jdks\corretto-11.0.18!\jdk.internal.ed;C:\Users\testinium\.jdks\corretto-11.0.18!\jdk.internal.jvmstat;C:\Users\testinium\.jdks\corretto-11.0.18!\jdk.internal.le;C:\Users\testinium\.jdks\corretto-11.0.18!\jdk.internal.opt;C:\Users\testinium\.jdks\corretto-11.0.18!\jdk.internal.vm.ci;C:\Users\testinium\.jdks\corretto-11.0.18!\jdk.internal.vm.compiler;C:\Users\testinium\.jdks\corretto-11.0.18!\jdk.internal.vm.compiler.management;C:\Users\testinium\.jdks\corretto-11.0.18!\jdk.jartool;C:\Users\testinium\.jdks\corretto-11.0.18!\jdk.javadoc;C:\Users\testinium\.jdks\corretto-11.0.18!\jdk.jcmd;C:\Users\testinium\.jdks\corretto-11.0.18!\jdk.jconsole;C:\Users\testinium\.jdks\corretto-11.0.18!\jdk.jdeps;C:\Users\testinium\.jdks\corretto-11.0.18!\jdk.jdi;C:\Users\testinium\.jdks\corretto-11.0.18!\jdk.jdwp.agent;C:\Users\testinium\.jdks\corretto-11.0.18!\jdk.jfr;C:\Users\testinium\.jdks\corretto-11.0.18!\jdk.jlink;C:\Users\testinium\.jdks\corretto-11.0.18!\jdk.jshell;C:\Users\testinium\.jdks\corretto-11.0.18!\jdk.jsobject;C:\Users\testinium\.jdks\corretto-11.0.18!\jdk.jstatd;C:\Users\testinium\.jdks\corretto-11.0.18!\jdk.localedata;C:\Users\testinium\.jdks\corretto-11.0.18!\jdk.management;C:\Users\testinium\.jdks\corretto-11.0.18!\jdk.management.agent;C:\Users\testinium\.jdks\corretto-11.0.18!\jdk.management.jfr;C:\Users\testinium\.jdks\corretto-11.0.18!\jdk.naming.dns;C:\Users\testinium\.jdks\corretto-11.0.18!\jdk.naming.ldap;C:\Users\testinium\.jdks\corretto-11.0.18!\jdk.naming.rmi;C:\Users\testinium\.jdks\corretto-11.0.18!\jdk.net;C:\Users\testinium\.jdks\corretto-11.0.18!\jdk.pack;C:\Users\testinium\.jdks\corretto-11.0.18!\jdk.rmic;C:\Users\testinium\.jdks\corretto-11.0.18!\jdk.scripting.nashorn;C:\Users\testinium\.jdks\corretto-11.0.18!\jdk.scripting.nashorn.shell;C:\Users\testinium\.jdks\corretto-11.0.18!\jdk.sctp;C:\Users\testinium\.jdks\corretto-11.0.18!\jdk.security.auth;C:\Users\testinium\.jdks\corretto-11.0.18!\jdk.security.jgss;C:\Users\testinium\.jdks\corretto-11.0.18!\jdk.unsupported;C:\Users\testinium\.jdks\corretto-11.0.18!\jdk.unsupported.desktop;C:\Users\testinium\.jdks\corretto-11.0.18!\jdk.xml.dom;C:\Users\testinium\.jdks\corretto-11.0.18!\jdk.zipfs;C:\Users\testinium\IdeaProjects\HepsiburadaAppiumOdev\target\test-classes;C:\Users\testinium\.m2\repository\com\thoughtworks\gauge\gauge-java\0.9.1\gauge-java-0.9.1.jar;C:\Users\testinium\.m2\repository\com\github\javaparser\javaparser-core\3.16.3\javaparser-core-3.16.3.jar;C:\Users\testinium\.m2\repository\commons-io\commons-io\2.11.0\commons-io-2.11.0.jar;C:\Users\testinium\.m2\repository\commons-lang\commons-lang\2.6\commons-lang-2.6.jar;C:\Users\testinium\.m2\repository\org\json\json\20220320\json-20220320.jar;C:\Users\testinium\.m2\repository\com\google\protobuf\protobuf-java\3.19.4\protobuf-java-3.19.4.jar;C:\Users\testinium\.m2\repository\com\google\guava\guava\31.0.1-jre\guava-31.0.1-jre.jar;C:\Users\testinium\.m2\repository\com\google\guava\failureaccess\1.0.1\failureaccess-1.0.1.jar;C:\Users\testinium\.m2\repository\com\google\guava\listenablefuture\9999.0-empty-to-avoid-conflict-with-guava\listenablefuture-9999.0-empty-to-avoid-conflict-with-guava.jar;C:\Users\testinium\.m2\repository\com\google\code\findbugs\jsr305\3.0.2\jsr305-3.0.2.jar;C:\Users\testinium\.m2\repository\org\checkerframework\checker-qual\3.12.0\checker-qual-3.12.0.jar;C:\Users\testinium\.m2\repository\com\google\errorprone\error_prone_annotations\2.7.1\error_prone_annotations-2.7.1.jar;C:\Users\testinium\.m2\repository\com\google\j2objc\j2objc-annotations\1.3\j2objc-annotations-1.3.jar;C:\Users\testinium\.m2\repository\io\grpc\grpc-netty-shaded\1.41.2\grpc-netty-shaded-1.41.2.jar;C:\Users\testinium\.m2\repository\io\perfmark\perfmark-api\0.23.0\perfmark-api-0.23.0.jar;C:\Users\testinium\.m2\repository\io\grpc\grpc-core\1.41.2\grpc-core-1.41.2.jar;C:\Users\testinium\.m2\repository\com\google\android\annotations\4.1.1.4\annotations-4.1.1.4.jar;C:\Users\testinium\.m2\repository\org\codehaus\mojo\animal-sniffer-annotations\1.19\animal-sniffer-annotations-1.19.jar;C:\Users\testinium\.m2\repository\io\grpc\grpc-protobuf\1.41.2\grpc-protobuf-1.41.2.jar;C:\Users\testinium\.m2\repository\io\grpc\grpc-api\1.41.2\grpc-api-1.41.2.jar;C:\Users\testinium\.m2\repository\io\grpc\grpc-context\1.41.2\grpc-context-1.41.2.jar;C:\Users\testinium\.m2\repository\com\google\api\grpc\proto-google-common-protos\2.0.1\proto-google-common-protos-2.0.1.jar;C:\Users\testinium\.m2\repository\io\grpc\grpc-protobuf-lite\1.41.2\grpc-protobuf-lite-1.41.2.jar;C:\Users\testinium\.m2\repository\io\grpc\grpc-stub\1.41.2\grpc-stub-1.41.2.jar;C:\Users\testinium\.m2\repository\javax\annotation\javax.annotation-api\1.3.2\javax.annotation-api-1.3.2.jar;C:\Users\testinium\.m2\repository\org\assertj\assertj-core\3.10.0\assertj-core-3.10.0.jar;C:\Users\testinium\.m2\repository\org\seleniumhq\selenium\selenium-java\3.12.0\selenium-java-3.12.0.jar;C:\Users\testinium\.m2\repository\org\seleniumhq\selenium\selenium-api\3.12.0\selenium-api-3.12.0.jar;C:\Users\testinium\.m2\repository\org\seleniumhq\selenium\selenium-chrome-driver\3.12.0\selenium-chrome-driver-3.12.0.jar;C:\Users\testinium\.m2\repository\org\seleniumhq\selenium\selenium-edge-driver\3.12.0\selenium-edge-driver-3.12.0.jar;C:\Users\testinium\.m2\repository\org\seleniumhq\selenium\selenium-firefox-driver\3.12.0\selenium-firefox-driver-3.12.0.jar;C:\Users\testinium\.m2\repository\org\seleniumhq\selenium\selenium-ie-driver\3.12.0\selenium-ie-driver-3.12.0.jar;C:\Users\testinium\.m2\repository\org\seleniumhq\selenium\selenium-opera-driver\3.12.0\selenium-opera-driver-3.12.0.jar;C:\Users\testinium\.m2\repository\org\seleniumhq\selenium\selenium-remote-driver\3.12.0\selenium-remote-driver-3.12.0.jar;C:\Users\testinium\.m2\repository\org\seleniumhq\selenium\selenium-safari-driver\3.12.0\selenium-safari-driver-3.12.0.jar;C:\Users\testinium\.m2\repository\org\seleniumhq\selenium\selenium-support\3.12.0\selenium-support-3.12.0.jar;C:\Users\testinium\.m2\repository\net\bytebuddy\byte-buddy\1.8.3\byte-buddy-1.8.3.jar;C:\Users\testinium\.m2\repository\org\apache\commons\commons-exec\1.3\commons-exec-1.3.jar;C:\Users\testinium\.m2\repository\commons-codec\commons-codec\1.10\commons-codec-1.10.jar;C:\Users\testinium\.m2\repository\commons-logging\commons-logging\1.2\commons-logging-1.2.jar;C:\Users\testinium\.m2\repository\com\google\code\gson\gson\2.8.2\gson-2.8.2.jar;C:\Users\testinium\.m2\repository\org\apache\httpcomponents\httpclient\4.5.3\httpclient-4.5.3.jar;C:\Users\testinium\.m2\repository\org\apache\httpcomponents\httpcore\4.4.6\httpcore-4.4.6.jar;C:\Users\testinium\.m2\repository\com\squareup\okhttp3\okhttp\3.9.1\okhttp-3.9.1.jar;C:\Users\testinium\.m2\repository\com\squareup\okio\okio\1.13.0\okio-1.13.0.jar;C:\Users\testinium\.m2\repository\io\github\bonigarcia\webdrivermanager\3.7.1\webdrivermanager-3.7.1.jar;C:\Users\testinium\.m2\repository\org\slf4j\slf4j-api\1.7.25\slf4j-api-1.7.25.jar;C:\Users\testinium\.m2\repository\org\apache\commons\commons-lang3\3.8.1\commons-lang3-3.8.1.jar;C:\Users\testinium\.m2\repository\org\rauschig\jarchivelib\1.0.0\jarchivelib-1.0.0.jar;C:\Users\testinium\.m2\repository\org\apache\commons\commons-compress\1.18\commons-compress-1.18.jar;C:\Users\testinium\.m2\repository\org\jsoup\jsoup\1.11.3\jsoup-1.11.3.jar;C:\Users\testinium\.m2\repository\org\reflections\reflections\0.9.10\reflections-0.9.10.jar;C:\Users\testinium\.m2\repository\org\javassist\javassist\3.19.0-GA\javassist-3.19.0-GA.jar;C:\Users\testinium\.m2\repository\com\google\code\findbugs\annotations\2.0.1\annotations-2.0.1.jar;C:\Users\testinium\.m2\repository\io\appium\java-client\7.0.0\java-client-7.0.0.jar;C:\Users\testinium\.m2\repository\cglib\cglib\3.2.8\cglib-3.2.8.jar;C:\Users\testinium\.m2\repository\org\ow2\asm\asm\6.2.1\asm-6.2.1.jar;C:\Users\testinium\.m2\repository\org\apache\ant\ant\1.10.3\ant-1.10.3.jar;C:\Users\testinium\.m2\repository\org\apache\ant\ant-launcher\1.10.3\ant-launcher-1.10.3.jar;C:\Users\testinium\.m2\repository\commons-validator\commons-validator\1.6\commons-validator-1.6.jar;C:\Users\testinium\.m2\repository\commons-beanutils\commons-beanutils\1.9.2\commons-beanutils-1.9.2.jar;C:\Users\testinium\.m2\repository\commons-digester\commons-digester\1.8.1\commons-digester-1.8.1.jar;C:\Users\testinium\.m2\repository\commons-collections\commons-collections\3.2.2\commons-collections-3.2.2.jar;C:\Users\testinium\.m2\repository\org\springframework\spring-context\5.1.0.RELEASE\spring-context-5.1.0.RELEASE.jar;C:\Users\testinium\.m2\repository\org\springframework\spring-aop\5.1.0.RELEASE\spring-aop-5.1.0.RELEASE.jar;C:\Users\testinium\.m2\repository\org\springframework\spring-beans\5.1.0.RELEASE\spring-beans-5.1.0.RELEASE.jar;C:\Users\testinium\.m2\repository\org\springframework\spring-core\5.1.0.RELEASE\spring-core-5.1.0.RELEASE.jar;C:\Users\testinium\.m2\repository\org\springframework\spring-jcl\5.1.0.RELEASE\spring-jcl-5.1.0.RELEASE.jar;C:\Users\testinium\.m2\repository\org\springframework\spring-expression\5.1.0.RELEASE\spring-expression-5.1.0.RELEASE.jar;C:\Users\testinium\.m2\repository\org\aspectj\aspectjweaver\1.9.1\aspectjweaver-1.9.1.jar;C:\Users\testinium\.m2\repository\org\apache\logging\log4j\log4j-core\2.17.1\log4j-core-2.17.1.jar;C:\Users\testinium\.m2\repository\org\apache\logging\log4j\log4j-api\2.17.1\log4j-api-2.17.1.jar;C:\Users\testinium\.m2\repository\org\junit\jupiter\junit-jupiter-engine\5.1.0\junit-jupiter-engine-5.1.0.jar;C:\Users\testinium\.m2\repository\org\apiguardian\apiguardian-api\1.0.0\apiguardian-api-1.0.0.jar;C:\Users\testinium\.m2\repository\org\junit\platform\junit-platform-engine\1.1.0\junit-platform-engine-1.1.0.jar;C:\Users\testinium\.m2\repository\org\junit\platform\junit-platform-commons\1.1.0\junit-platform-commons-1.1.0.jar;C:\Users\testinium\.m2\repository\org\opentest4j\opentest4j\1.0.0\opentest4j-1.0.0.jar;C:\Users\testinium\.m2\repository\org\junit\jupiter\junit-jupiter-api\5.1.0\junit-jupiter-api-5.1.0.jar;C:\Users\testinium\.m2\repository\junit\junit\4.13.2\junit-4.13.2.jar;C:\Users\testinium\.m2\repository\org\hamcrest\hamcrest-core\1.3\hamcrest-core-1.3.jar
18-04-2023 23:51:59.351 [java] [DEBUG] found java executable in C:\Program Files\Java\jdk1.8.0_361\jre\bin\java.exe
18-04-2023 23:51:59.351 [java] [DEBUG] running - C:\Program Files\Java\jdk1.8.0_361\jre\bin\java.exe [-Dfile.encoding=UTF-8 com.thoughtworks.gauge.GaugeRuntime --start]
18-04-2023 23:51:59.351 [java] [DEBUG] stdout/stderr is logged to logs\11812-java.exe.out
18-04-2023 23:51:59.626 [java] [DEBUG] multithreading is set to false
18-04-2023 23:52:00.040 [java] [DEBUG] Using reflection to scan dependencies for gauge implementations...
18-04-2023 23:52:00.142 [java] [ERROR] SLF4J: Failed to load class "org.slf4j.impl.StaticLoggerBinder".
18-04-2023 23:52:00.142 [java] [ERROR] SLF4J: Defaulting to no-operation (NOP) logger implementation
18-04-2023 23:52:00.142 [java] [ERROR] SLF4J: See http://www.slf4j.org/codes.html#StaticLoggerBinder for further details.
18-04-2023 23:52:00.948 [java] [DEBUG] gauge-java took 1322milliseconds to load and scan. This should be less than 'runner_connection_timeout' config value.
18-04-2023 23:52:00.948 [java] [DEBUG] run 'gauge config runner_connection_timeout' and verify that it is < 1322
18-04-2023 23:52:00.948 [java] [DEBUG] starting gRPC server...
18-04-2023 23:52:01.339 [java] [DEBUG] started gRPC server on port 56173
18-04-2023 23:52:01.339 [Gauge] [DEBUG] Attempting to connect to grpc server at port: 56173
18-04-2023 23:52:01.471 [Gauge] [DEBUG] Successfully made the connection with runner with port: 56173
18-04-2023 23:52:01.471 [Gauge] [DEBUG] Validation started.
19-04-2023 13:52:21.848 [Gauge] [DEBUG] Created gauge_screenshots_dir at C:\Users\testinium\IdeaProjects\HepsiburadaAppiumOdev\.gauge\screenshots
19-04-2023 13:52:21.863 [Gauge] [DEBUG] Plugin java is already installed.
19-04-2023 13:52:21.871 [Gauge] [DEBUG] Plugin html-report is already installed.
19-04-2023 13:52:21.872 [Gauge] [DEBUG] Parsing started.
19-04-2023 13:52:21.873 [Gauge] [DEBUG] Started concepts parsing.
19-04-2023 13:52:21.932 [Gauge] [DEBUG] 26 concepts parsing completed.
19-04-2023 13:52:21.933 [Gauge] [DEBUG] Started specifications parsing.
19-04-2023 13:52:21.934 [Gauge] [DEBUG] 1 specifications parsing completed.
19-04-2023 13:52:21.934 [Gauge] [DEBUG] Parsing completed.
19-04-2023 13:52:22.185 [Gauge] [DEBUG] Checking updates...
19-04-2023 13:52:22.188 [Gauge] [DEBUG] Downloading https://downloads.gauge.org/plugin/flash?l=java&p=flash,html-report,java,json-report,screenshot,spectacle,xml-report&o=windows&a=amd64
19-04-2023 13:52:22.378 [Gauge] [DEBUG] Downloading https://downloads.gauge.org/plugin/html-report?l=java&p=flash,html-report,java,json-report,screenshot,spectacle,xml-report&o=windows&a=amd64
19-04-2023 13:52:22.454 [Gauge] [DEBUG] Downloading https://downloads.gauge.org/plugin/java?l=java&p=flash,html-report,java,json-report,screenshot,spectacle,xml-report&o=windows&a=amd64
19-04-2023 13:52:22.573 [Gauge] [DEBUG] Downloading https://downloads.gauge.org/plugin/json-report?l=java&p=flash,html-report,java,json-report,screenshot,spectacle,xml-report&o=windows&a=amd64
19-04-2023 13:52:22.649 [Gauge] [DEBUG] Downloading https://downloads.gauge.org/plugin/screenshot?l=java&p=flash,html-report,java,json-report,screenshot,spectacle,xml-report&o=windows&a=amd64
19-04-2023 13:52:22.716 [Gauge] [DEBUG] Downloading https://downloads.gauge.org/plugin/spectacle?l=java&p=flash,html-report,java,json-report,screenshot,spectacle,xml-report&o=windows&a=amd64
19-04-2023 13:52:22.775 [java] [DEBUG] ***** Printing Properties/Env Values *****
19-04-2023 13:52:22.776 [java] [DEBUG] PATH: C:\Program Files\Common Files\Oracle\Java\javapath;C:\Program Files\Java\jdk1.8.0_361\jre\bin;C:\WINDOWS\system32;C:\WINDOWS;C:\WINDOWS\System32\Wbem;C:\WINDOWS\System32\WindowsPowerShell\v1.0\;C:\WINDOWS\System32\OpenSSH\;C:\Program Files\apache-maven-3.9.1\bin;C:\Program Files\Gauge\bin;C:\Program Files\Git\cmd;C:\Program Files\nodejs\;C:\Program Files (x86)\Micro Focus\Unified Functional Testing\bin;C:\Users\testinium\AppData\Local\Microsoft\WindowsApps;;C:\Program Files\JetBrains\IntelliJ IDEA Community Edition 2022.3.3\bin;;C:\Users\testinium\AppData\Roaming\npm;C:\Users\testinium\AppData\Roaming\gauge\plugins\screenshot\0.1.0
19-04-2023 13:52:22.776 [java] [DEBUG] JAVA_HOME: C:\Program Files\Java\jdk1.8.0_361
19-04-2023 13:52:22.776 [java] [DEBUG] gauge_project_root: C:\Users\testinium\IdeaProjects\HepsiburadaAppiumOdev
19-04-2023 13:52:22.776 [java] [DEBUG] gauge_parallel_streams_count: 8
19-04-2023 13:52:22.776 [java] [DEBUG] gauge_reports_dir: reports
19-04-2023 13:52:22.776 [java] [DEBUG] overwrite_reports: true
19-04-2023 13:52:22.776 [java] [DEBUG] logs_directory: logs
19-04-2023 13:52:22.776 [java] [DEBUG] enable_multithreading: false
19-04-2023 13:52:22.776 [java] [DEBUG] gauge_specs_dir: specs
19-04-2023 13:52:22.776 [java] [DEBUG] csv_delimiter: ,
19-04-2023 13:52:22.776 [java] [DEBUG] gauge_java_home: 
19-04-2023 13:52:22.776 [java] [DEBUG] gauge_custom_build_path: 
19-04-2023 13:52:22.776 [java] [DEBUG] gauge_additional_libs: libs/*
19-04-2023 13:52:22.776 [java] [DEBUG] gauge_jvm_args: 
19-04-2023 13:52:22.776 [java] [DEBUG] gauge_custom_compile_dir: 
19-04-2023 13:52:22.776 [java] [DEBUG] gauge_clear_state_level: scenario
19-04-2023 13:52:22.776 [java] [DEBUG] ***** END *****
19-04-2023 13:52:22.785 [Gauge] [DEBUG] Downloading https://downloads.gauge.org/plugin/xml-report?l=java&p=flash,html-report,java,json-report,screenshot,spectacle,xml-report&o=windows&a=amd64
19-04-2023 13:52:30.857 [java] [DEBUG] classpath set to C:\Users\testinium\.jdks\corretto-11.0.18!\java.base;C:\Users\testinium\.jdks\corretto-11.0.18!\java.compiler;C:\Users\testinium\.jdks\corretto-11.0.18!\java.datatransfer;C:\Users\testinium\.jdks\corretto-11.0.18!\java.desktop;C:\Users\testinium\.jdks\corretto-11.0.18!\java.instrument;C:\Users\testinium\.jdks\corretto-11.0.18!\java.logging;C:\Users\testinium\.jdks\corretto-11.0.18!\java.management;C:\Users\testinium\.jdks\corretto-11.0.18!\java.management.rmi;C:\Users\testinium\.jdks\corretto-11.0.18!\java.naming;C:\Users\testinium\.jdks\corretto-11.0.18!\java.net.http;C:\Users\testinium\.jdks\corretto-11.0.18!\java.prefs;C:\Users\testinium\.jdks\corretto-11.0.18!\java.rmi;C:\Users\testinium\.jdks\corretto-11.0.18!\java.scripting;C:\Users\testinium\.jdks\corretto-11.0.18!\java.se;C:\Users\testinium\.jdks\corretto-11.0.18!\java.security.jgss;C:\Users\testinium\.jdks\corretto-11.0.18!\java.security.sasl;C:\Users\testinium\.jdks\corretto-11.0.18!\java.smartcardio;C:\Users\testinium\.jdks\corretto-11.0.18!\java.sql;C:\Users\testinium\.jdks\corretto-11.0.18!\java.sql.rowset;C:\Users\testinium\.jdks\corretto-11.0.18!\java.transaction.xa;C:\Users\testinium\.jdks\corretto-11.0.18!\java.xml;C:\Users\testinium\.jdks\corretto-11.0.18!\java.xml.crypto;C:\Users\testinium\.jdks\corretto-11.0.18!\jdk.accessibility;C:\Users\testinium\.jdks\corretto-11.0.18!\jdk.aot;C:\Users\testinium\.jdks\corretto-11.0.18!\jdk.attach;C:\Users\testinium\.jdks\corretto-11.0.18!\jdk.charsets;C:\Users\testinium\.jdks\corretto-11.0.18!\jdk.compiler;C:\Users\testinium\.jdks\corretto-11.0.18!\jdk.crypto.cryptoki;C:\Users\testinium\.jdks\corretto-11.0.18!\jdk.crypto.ec;C:\Users\testinium\.jdks\corretto-11.0.18!\jdk.crypto.mscapi;C:\Users\testinium\.jdks\corretto-11.0.18!\jdk.dynalink;C:\Users\testinium\.jdks\corretto-11.0.18!\jdk.editpad;C:\Users\testinium\.jdks\corretto-11.0.18!\jdk.hotspot.agent;C:\Users\testinium\.jdks\corretto-11.0.18!\jdk.httpserver;C:\Users\testinium\.jdks\corretto-11.0.18!\jdk.internal.ed;C:\Users\testinium\.jdks\corretto-11.0.18!\jdk.internal.jvmstat;C:\Users\testinium\.jdks\corretto-11.0.18!\jdk.internal.le;C:\Users\testinium\.jdks\corretto-11.0.18!\jdk.internal.opt;C:\Users\testinium\.jdks\corretto-11.0.18!\jdk.internal.vm.ci;C:\Users\testinium\.jdks\corretto-11.0.18!\jdk.internal.vm.compiler;C:\Users\testinium\.jdks\corretto-11.0.18!\jdk.internal.vm.compiler.management;C:\Users\testinium\.jdks\corretto-11.0.18!\jdk.jartool;C:\Users\testinium\.jdks\corretto-11.0.18!\jdk.javadoc;C:\Users\testinium\.jdks\corretto-11.0.18!\jdk.jcmd;C:\Users\testinium\.jdks\corretto-11.0.18!\jdk.jconsole;C:\Users\testinium\.jdks\corretto-11.0.18!\jdk.jdeps;C:\Users\testinium\.jdks\corretto-11.0.18!\jdk.jdi;C:\Users\testinium\.jdks\corretto-11.0.18!\jdk.jdwp.agent;C:\Users\testinium\.jdks\corretto-11.0.18!\jdk.jfr;C:\Users\testinium\.jdks\corretto-11.0.18!\jdk.jlink;C:\Users\testinium\.jdks\corretto-11.0.18!\jdk.jshell;C:\Users\testinium\.jdks\corretto-11.0.18!\jdk.jsobject;C:\Users\testinium\.jdks\corretto-11.0.18!\jdk.jstatd;C:\Users\testinium\.jdks\corretto-11.0.18!\jdk.localedata;C:\Users\testinium\.jdks\corretto-11.0.18!\jdk.management;C:\Users\testinium\.jdks\corretto-11.0.18!\jdk.management.agent;C:\Users\testinium\.jdks\corretto-11.0.18!\jdk.management.jfr;C:\Users\testinium\.jdks\corretto-11.0.18!\jdk.naming.dns;C:\Users\testinium\.jdks\corretto-11.0.18!\jdk.naming.ldap;C:\Users\testinium\.jdks\corretto-11.0.18!\jdk.naming.rmi;C:\Users\testinium\.jdks\corretto-11.0.18!\jdk.net;C:\Users\testinium\.jdks\corretto-11.0.18!\jdk.pack;C:\Users\testinium\.jdks\corretto-11.0.18!\jdk.rmic;C:\Users\testinium\.jdks\corretto-11.0.18!\jdk.scripting.nashorn;C:\Users\testinium\.jdks\corretto-11.0.18!\jdk.scripting.nashorn.shell;C:\Users\testinium\.jdks\corretto-11.0.18!\jdk.sctp;C:\Users\testinium\.jdks\corretto-11.0.18!\jdk.security.auth;C:\Users\testinium\.jdks\corretto-11.0.18!\jdk.security.jgss;C:\Users\testinium\.jdks\corretto-11.0.18!\jdk.unsupported;C:\Users\testinium\.jdks\corretto-11.0.18!\jdk.unsupported.desktop;C:\Users\testinium\.jdks\corretto-11.0.18!\jdk.xml.dom;C:\Users\testinium\.jdks\corretto-11.0.18!\jdk.zipfs;C:\Users\testinium\IdeaProjects\HepsiburadaAppiumOdev\target\test-classes;C:\Users\testinium\.m2\repository\com\thoughtworks\gauge\gauge-java\0.9.1\gauge-java-0.9.1.jar;C:\Users\testinium\.m2\repository\com\github\javaparser\javaparser-core\3.16.3\javaparser-core-3.16.3.jar;C:\Users\testinium\.m2\repository\commons-io\commons-io\2.11.0\commons-io-2.11.0.jar;C:\Users\testinium\.m2\repository\commons-lang\commons-lang\2.6\commons-lang-2.6.jar;C:\Users\testinium\.m2\repository\org\json\json\20220320\json-20220320.jar;C:\Users\testinium\.m2\repository\com\google\protobuf\protobuf-java\3.19.4\protobuf-java-3.19.4.jar;C:\Users\testinium\.m2\repository\com\google\guava\guava\31.0.1-jre\guava-31.0.1-jre.jar;C:\Users\testinium\.m2\repository\com\google\guava\failureaccess\1.0.1\failureaccess-1.0.1.jar;C:\Users\testinium\.m2\repository\com\google\guava\listenablefuture\9999.0-empty-to-avoid-conflict-with-guava\listenablefuture-9999.0-empty-to-avoid-conflict-with-guava.jar;C:\Users\testinium\.m2\repository\com\google\code\findbugs\jsr305\3.0.2\jsr305-3.0.2.jar;C:\Users\testinium\.m2\repository\org\checkerframework\checker-qual\3.12.0\checker-qual-3.12.0.jar;C:\Users\testinium\.m2\repository\com\google\errorprone\error_prone_annotations\2.7.1\error_prone_annotations-2.7.1.jar;C:\Users\testinium\.m2\repository\com\google\j2objc\j2objc-annotations\1.3\j2objc-annotations-1.3.jar;C:\Users\testinium\.m2\repository\io\grpc\grpc-netty-shaded\1.41.2\grpc-netty-shaded-1.41.2.jar;C:\Users\testinium\.m2\repository\io\perfmark\perfmark-api\0.23.0\perfmark-api-0.23.0.jar;C:\Users\testinium\.m2\repository\io\grpc\grpc-core\1.41.2\grpc-core-1.41.2.jar;C:\Users\testinium\.m2\repository\com\google\android\annotations\4.1.1.4\annotations-4.1.1.4.jar;C:\Users\testinium\.m2\repository\org\codehaus\mojo\animal-sniffer-annotations\1.19\animal-sniffer-annotations-1.19.jar;C:\Users\testinium\.m2\repository\io\grpc\grpc-protobuf\1.41.2\grpc-protobuf-1.41.2.jar;C:\Users\testinium\.m2\repository\io\grpc\grpc-api\1.41.2\grpc-api-1.41.2.jar;C:\Users\testinium\.m2\repository\io\grpc\grpc-context\1.41.2\grpc-context-1.41.2.jar;C:\Users\testinium\.m2\repository\com\google\api\grpc\proto-google-common-protos\2.0.1\proto-google-common-protos-2.0.1.jar;C:\Users\testinium\.m2\repository\io\grpc\grpc-protobuf-lite\1.41.2\grpc-protobuf-lite-1.41.2.jar;C:\Users\testinium\.m2\repository\io\grpc\grpc-stub\1.41.2\grpc-stub-1.41.2.jar;C:\Users\testinium\.m2\repository\javax\annotation\javax.annotation-api\1.3.2\javax.annotation-api-1.3.2.jar;C:\Users\testinium\.m2\repository\org\assertj\assertj-core\3.10.0\assertj-core-3.10.0.jar;C:\Users\testinium\.m2\repository\org\seleniumhq\selenium\selenium-java\3.12.0\selenium-java-3.12.0.jar;C:\Users\testinium\.m2\repository\org\seleniumhq\selenium\selenium-api\3.12.0\selenium-api-3.12.0.jar;C:\Users\testinium\.m2\repository\org\seleniumhq\selenium\selenium-chrome-driver\3.12.0\selenium-chrome-driver-3.12.0.jar;C:\Users\testinium\.m2\repository\org\seleniumhq\selenium\selenium-edge-driver\3.12.0\selenium-edge-driver-3.12.0.jar;C:\Users\testinium\.m2\repository\org\seleniumhq\selenium\selenium-firefox-driver\3.12.0\selenium-firefox-driver-3.12.0.jar;C:\Users\testinium\.m2\repository\org\seleniumhq\selenium\selenium-ie-driver\3.12.0\selenium-ie-driver-3.12.0.jar;C:\Users\testinium\.m2\repository\org\seleniumhq\selenium\selenium-opera-driver\3.12.0\selenium-opera-driver-3.12.0.jar;C:\Users\testinium\.m2\repository\org\seleniumhq\selenium\selenium-remote-driver\3.12.0\selenium-remote-driver-3.12.0.jar;C:\Users\testinium\.m2\repository\org\seleniumhq\selenium\selenium-safari-driver\3.12.0\selenium-safari-driver-3.12.0.jar;C:\Users\testinium\.m2\repository\org\seleniumhq\selenium\selenium-support\3.12.0\selenium-support-3.12.0.jar;C:\Users\testinium\.m2\repository\net\bytebuddy\byte-buddy\1.8.3\byte-buddy-1.8.3.jar;C:\Users\testinium\.m2\repository\org\apache\commons\commons-exec\1.3\commons-exec-1.3.jar;C:\Users\testinium\.m2\repository\commons-codec\commons-codec\1.10\commons-codec-1.10.jar;C:\Users\testinium\.m2\repository\commons-logging\commons-logging\1.2\commons-logging-1.2.jar;C:\Users\testinium\.m2\repository\com\google\code\gson\gson\2.8.2\gson-2.8.2.jar;C:\Users\testinium\.m2\repository\org\apache\httpcomponents\httpclient\4.5.3\httpclient-4.5.3.jar;C:\Users\testinium\.m2\repository\org\apache\httpcomponents\httpcore\4.4.6\httpcore-4.4.6.jar;C:\Users\testinium\.m2\repository\com\squareup\okhttp3\okhttp\3.9.1\okhttp-3.9.1.jar;C:\Users\testinium\.m2\repository\com\squareup\okio\okio\1.13.0\okio-1.13.0.jar;C:\Users\testinium\.m2\repository\io\github\bonigarcia\webdrivermanager\3.7.1\webdrivermanager-3.7.1.jar;C:\Users\testinium\.m2\repository\org\slf4j\slf4j-api\1.7.25\slf4j-api-1.7.25.jar;C:\Users\testinium\.m2\repository\org\apache\commons\commons-lang3\3.8.1\commons-lang3-3.8.1.jar;C:\Users\testinium\.m2\repository\org\rauschig\jarchivelib\1.0.0\jarchivelib-1.0.0.jar;C:\Users\testinium\.m2\repository\org\apache\commons\commons-compress\1.18\commons-compress-1.18.jar;C:\Users\testinium\.m2\repository\org\jsoup\jsoup\1.11.3\jsoup-1.11.3.jar;C:\Users\testinium\.m2\repository\org\reflections\reflections\0.9.10\reflections-0.9.10.jar;C:\Users\testinium\.m2\repository\org\javassist\javassist\3.19.0-GA\javassist-3.19.0-GA.jar;C:\Users\testinium\.m2\repository\com\google\code\findbugs\annotations\2.0.1\annotations-2.0.1.jar;C:\Users\testinium\.m2\repository\io\appium\java-client\7.0.0\java-client-7.0.0.jar;C:\Users\testinium\.m2\repository\cglib\cglib\3.2.8\cglib-3.2.8.jar;C:\Users\testinium\.m2\repository\org\ow2\asm\asm\6.2.1\asm-6.2.1.jar;C:\Users\testinium\.m2\repository\org\apache\ant\ant\1.10.3\ant-1.10.3.jar;C:\Users\testinium\.m2\repository\org\apache\ant\ant-launcher\1.10.3\ant-launcher-1.10.3.jar;C:\Users\testinium\.m2\repository\commons-validator\commons-validator\1.6\commons-validator-1.6.jar;C:\Users\testinium\.m2\repository\commons-beanutils\commons-beanutils\1.9.2\commons-beanutils-1.9.2.jar;C:\Users\testinium\.m2\repository\commons-digester\commons-digester\1.8.1\commons-digester-1.8.1.jar;C:\Users\testinium\.m2\repository\commons-collections\commons-collections\3.2.2\commons-collections-3.2.2.jar;C:\Users\testinium\.m2\repository\org\springframework\spring-context\5.1.0.RELEASE\spring-context-5.1.0.RELEASE.jar;C:\Users\testinium\.m2\repository\org\springframework\spring-aop\5.1.0.RELEASE\spring-aop-5.1.0.RELEASE.jar;C:\Users\testinium\.m2\repository\org\springframework\spring-beans\5.1.0.RELEASE\spring-beans-5.1.0.RELEASE.jar;C:\Users\testinium\.m2\repository\org\springframework\spring-core\5.1.0.RELEASE\spring-core-5.1.0.RELEASE.jar;C:\Users\testinium\.m2\repository\org\springframework\spring-jcl\5.1.0.RELEASE\spring-jcl-5.1.0.RELEASE.jar;C:\Users\testinium\.m2\repository\org\springframework\spring-expression\5.1.0.RELEASE\spring-expression-5.1.0.RELEASE.jar;C:\Users\testinium\.m2\repository\org\aspectj\aspectjweaver\1.9.1\aspectjweaver-1.9.1.jar;C:\Users\testinium\.m2\repository\org\apache\logging\log4j\log4j-core\2.17.1\log4j-core-2.17.1.jar;C:\Users\testinium\.m2\repository\org\apache\logging\log4j\log4j-api\2.17.1\log4j-api-2.17.1.jar;C:\Users\testinium\.m2\repository\org\junit\jupiter\junit-jupiter-engine\5.1.0\junit-jupiter-engine-5.1.0.jar;C:\Users\testinium\.m2\repository\org\apiguardian\apiguardian-api\1.0.0\apiguardian-api-1.0.0.jar;C:\Users\testinium\.m2\repository\org\junit\platform\junit-platform-engine\1.1.0\junit-platform-engine-1.1.0.jar;C:\Users\testinium\.m2\repository\org\junit\platform\junit-platform-commons\1.1.0\junit-platform-commons-1.1.0.jar;C:\Users\testinium\.m2\repository\org\opentest4j\opentest4j\1.0.0\opentest4j-1.0.0.jar;C:\Users\testinium\.m2\repository\org\junit\jupiter\junit-jupiter-api\5.1.0\junit-jupiter-api-5.1.0.jar;C:\Users\testinium\.m2\repository\junit\junit\4.13.2\junit-4.13.2.jar;C:\Users\testinium\.m2\repository\org\hamcrest\hamcrest-core\1.3\hamcrest-core-1.3.jar
19-04-2023 13:52:30.904 [java] [DEBUG] found java executable in C:\Program Files\Java\jdk1.8.0_361\jre\bin\java.exe
19-04-2023 13:52:30.904 [java] [DEBUG] running - C:\Program Files\Java\jdk1.8.0_361\jre\bin\java.exe [-Dfile.encoding=UTF-8 com.thoughtworks.gauge.GaugeRuntime --start]
19-04-2023 13:52:30.904 [java] [DEBUG] stdout/stderr is logged to logs\13012-java.exe.out
19-04-2023 13:52:31.170 [java] [DEBUG] multithreading is set to false
19-04-2023 13:52:31.589 [java] [DEBUG] Using reflection to scan dependencies for gauge implementations...
19-04-2023 13:52:31.659 [java] [ERROR] SLF4J: Failed to load class "org.slf4j.impl.StaticLoggerBinder".
19-04-2023 13:52:31.659 [java] [ERROR] SLF4J: Defaulting to no-operation (NOP) logger implementation
19-04-2023 13:52:31.659 [java] [ERROR] SLF4J: See http://www.slf4j.org/codes.html#StaticLoggerBinder for further details.
19-04-2023 13:52:32.414 [java] [DEBUG] gauge-java took 1244milliseconds to load and scan. This should be less than 'runner_connection_timeout' config value.
19-04-2023 13:52:32.414 [java] [DEBUG] run 'gauge config runner_connection_timeout' and verify that it is < 1244
19-04-2023 13:52:32.414 [java] [DEBUG] starting gRPC server...
19-04-2023 13:52:32.790 [java] [DEBUG] started gRPC server on port 59000
19-04-2023 13:52:32.791 [Gauge] [DEBUG] Attempting to connect to grpc server at port: 59000
19-04-2023 13:52:32.953 [Gauge] [DEBUG] Successfully made the connection with runner with port: 59000
19-04-2023 13:52:32.954 [Gauge] [DEBUG] Validation started.
